{"/home/shwan/Old Quiz Game Attempts/quizgame/server/config/auth.js": {"path":"/home/shwan/Old Quiz Game Attempts/quizgame/server/config/auth.js","statementMap":{"0":{"start":{"line":4,"column":0},"end":{"line":20,"column":2}}},"fnMap":{},"branchMap":{"0":{"loc":{"start":{"line":6,"column":13},"end":{"line":6,"column":71}},"type":"binary-expr","locations":[{"start":{"line":6,"column":13},"end":{"line":6,"column":35}},{"start":{"line":6,"column":39},"end":{"line":6,"column":71}}],"line":6},"1":{"loc":{"start":{"line":7,"column":17},"end":{"line":7,"column":51}},"type":"binary-expr","locations":[{"start":{"line":7,"column":17},"end":{"line":7,"column":43}},{"start":{"line":7,"column":47},"end":{"line":7,"column":51}}],"line":7},"2":{"loc":{"start":{"line":11,"column":16},"end":{"line":11,"column":50}},"type":"binary-expr","locations":[{"start":{"line":11,"column":16},"end":{"line":11,"column":42}},{"start":{"line":11,"column":46},"end":{"line":11,"column":50}}],"line":11},"3":{"loc":{"start":{"line":12,"column":12},"end":{"line":12,"column":46}},"type":"binary-expr","locations":[{"start":{"line":12,"column":12},"end":{"line":12,"column":38}},{"start":{"line":12,"column":42},"end":{"line":12,"column":46}}],"line":12}},"s":{"0":1},"f":{},"b":{"0":[1,1],"1":[1,1],"2":[1,1],"3":[1,1]},"_coverageSchema":"1a1c01bbd47fc00a2c39e90264f33305004495a9","hash":"88e415c64476d4d40f7101f12794ef6da6559685"}
,"/home/shwan/Old Quiz Game Attempts/quizgame/server/models/Category.js": {"path":"/home/shwan/Old Quiz Game Attempts/quizgame/server/models/Category.js","statementMap":{"0":{"start":{"line":1,"column":17},"end":{"line":1,"column":36}},"1":{"start":{"line":2,"column":15},"end":{"line":2,"column":30}},"2":{"start":{"line":4,"column":23},"end":{"line":55,"column":2}},"3":{"start":{"line":58,"column":0},"end":{"line":60,"column":2}},"4":{"start":{"line":59,"column":2},"end":{"line":59,"column":67}},"5":{"start":{"line":63,"column":0},"end":{"line":65,"column":2}},"6":{"start":{"line":64,"column":2},"end":{"line":64,"column":59}},"7":{"start":{"line":68,"column":0},"end":{"line":85,"column":2}},"8":{"start":{"line":69,"column":25},"end":{"line":70,"column":22}},"9":{"start":{"line":72,"column":17},"end":{"line":72,"column":19}},"10":{"start":{"line":74,"column":2},"end":{"line":82,"column":3}},"11":{"start":{"line":75,"column":26},"end":{"line":76,"column":24}},"12":{"start":{"line":78,"column":4},"end":{"line":81,"column":7}},"13":{"start":{"line":84,"column":2},"end":{"line":84,"column":16}},"14":{"start":{"line":88,"column":0},"end":{"line":92,"column":2}},"15":{"start":{"line":89,"column":2},"end":{"line":91,"column":18}},"16":{"start":{"line":95,"column":0},"end":{"line":95,"column":60}},"17":{"start":{"line":97,"column":0},"end":{"line":97,"column":60}}},"fnMap":{"0":{"name":"(anonymous_0)","decl":{"start":{"line":58,"column":42},"end":{"line":58,"column":43}},"loc":{"start":{"line":58,"column":53},"end":{"line":60,"column":1}},"line":58},"1":{"name":"(anonymous_1)","decl":{"start":{"line":63,"column":43},"end":{"line":63,"column":44}},"loc":{"start":{"line":63,"column":54},"end":{"line":65,"column":1}},"line":63},"2":{"name":"(anonymous_2)","decl":{"start":{"line":68,"column":46},"end":{"line":68,"column":47}},"loc":{"start":{"line":68,"column":63},"end":{"line":85,"column":1}},"line":68},"3":{"name":"(anonymous_3)","decl":{"start":{"line":88,"column":46},"end":{"line":88,"column":47}},"loc":{"start":{"line":88,"column":67},"end":{"line":92,"column":1}},"line":88}},"branchMap":{"0":{"loc":{"start":{"line":88,"column":55},"end":{"line":88,"column":65}},"type":"default-arg","locations":[{"start":{"line":88,"column":63},"end":{"line":88,"column":65}}],"line":88}},"s":{"0":5,"1":5,"2":5,"3":5,"4":0,"5":5,"6":0,"7":5,"8":0,"9":0,"10":0,"11":0,"12":0,"13":0,"14":5,"15":0,"16":5,"17":5},"f":{"0":0,"1":0,"2":0,"3":0},"b":{"0":[0]},"_coverageSchema":"1a1c01bbd47fc00a2c39e90264f33305004495a9","hash":"c4ce5f7f6162ae12871552cb5fd49fa90a24d571"}
,"/home/shwan/Old Quiz Game Attempts/quizgame/server/models/GameHistory.js": {"path":"/home/shwan/Old Quiz Game Attempts/quizgame/server/models/GameHistory.js","statementMap":{"0":{"start":{"line":1,"column":17},"end":{"line":1,"column":36}},"1":{"start":{"line":2,"column":15},"end":{"line":2,"column":30}},"2":{"start":{"line":4,"column":26},"end":{"line":161,"column":2}},"3":{"start":{"line":164,"column":0},"end":{"line":179,"column":2}},"4":{"start":{"line":165,"column":2},"end":{"line":165,"column":62}},"5":{"start":{"line":165,"column":50},"end":{"line":165,"column":62}},"6":{"start":{"line":168,"column":17},"end":{"line":170,"column":21}},"7":{"start":{"line":169,"column":4},"end":{"line":169,"column":71}},"8":{"start":{"line":172,"column":2},"end":{"line":176,"column":4}},"9":{"start":{"line":178,"column":2},"end":{"line":178,"column":21}},"10":{"start":{"line":182,"column":0},"end":{"line":204,"column":2}},"11":{"start":{"line":184,"column":21},"end":{"line":184,"column":22}},"12":{"start":{"line":185,"column":26},"end":{"line":185,"column":27}},"13":{"start":{"line":186,"column":21},"end":{"line":186,"column":22}},"14":{"start":{"line":188,"column":2},"end":{"line":195,"column":5}},"15":{"start":{"line":189,"column":4},"end":{"line":194,"column":7}},"16":{"start":{"line":190,"column":6},"end":{"line":190,"column":47}},"17":{"start":{"line":191,"column":6},"end":{"line":191,"column":76}},"18":{"start":{"line":192,"column":6},"end":{"line":193,"column":64}},"19":{"start":{"line":197,"column":2},"end":{"line":201,"column":4}},"20":{"start":{"line":198,"column":46},"end":{"line":198,"column":71}},"21":{"start":{"line":203,"column":2},"end":{"line":203,"column":28}},"22":{"start":{"line":207,"column":0},"end":{"line":213,"column":2}},"23":{"start":{"line":208,"column":2},"end":{"line":212,"column":66}},"24":{"start":{"line":215,"column":0},"end":{"line":220,"column":2}},"25":{"start":{"line":216,"column":2},"end":{"line":219,"column":66}},"26":{"start":{"line":222,"column":0},"end":{"line":246,"column":2}},"27":{"start":{"line":223,"column":21},"end":{"line":223,"column":48}},"28":{"start":{"line":225,"column":23},"end":{"line":227,"column":4}},"29":{"start":{"line":229,"column":26},"end":{"line":231,"column":4}},"30":{"start":{"line":233,"column":32},"end":{"line":238,"column":4}},"31":{"start":{"line":240,"column":2},"end":{"line":245,"column":4}},"32":{"start":{"line":244,"column":61},"end":{"line":244,"column":96}},"33":{"start":{"line":248,"column":0},"end":{"line":248,"column":66}}},"fnMap":{"0":{"name":"(anonymous_0)","decl":{"start":{"line":164,"column":44},"end":{"line":164,"column":45}},"loc":{"start":{"line":164,"column":55},"end":{"line":179,"column":1}},"line":164},"1":{"name":"(anonymous_1)","decl":{"start":{"line":168,"column":37},"end":{"line":168,"column":38}},"loc":{"start":{"line":168,"column":58},"end":{"line":170,"column":3}},"line":168},"2":{"name":"(anonymous_2)","decl":{"start":{"line":182,"column":43},"end":{"line":182,"column":44}},"loc":{"start":{"line":182,"column":54},"end":{"line":204,"column":1}},"line":182},"3":{"name":"(anonymous_3)","decl":{"start":{"line":188,"column":23},"end":{"line":188,"column":24}},"loc":{"start":{"line":188,"column":33},"end":{"line":195,"column":3}},"line":188},"4":{"name":"(anonymous_4)","decl":{"start":{"line":189,"column":30},"end":{"line":189,"column":31}},"loc":{"start":{"line":189,"column":43},"end":{"line":194,"column":5}},"line":189},"5":{"name":"(anonymous_5)","decl":{"start":{"line":198,"column":30},"end":{"line":198,"column":31}},"loc":{"start":{"line":198,"column":46},"end":{"line":198,"column":71}},"line":198},"6":{"name":"(anonymous_6)","decl":{"start":{"line":207,"column":43},"end":{"line":207,"column":44}},"loc":{"start":{"line":207,"column":64},"end":{"line":213,"column":1}},"line":207},"7":{"name":"(anonymous_7)","decl":{"start":{"line":215,"column":49},"end":{"line":215,"column":50}},"loc":{"start":{"line":215,"column":80},"end":{"line":220,"column":1}},"line":215},"8":{"name":"(anonymous_8)","decl":{"start":{"line":222,"column":41},"end":{"line":222,"column":42}},"loc":{"start":{"line":222,"column":58},"end":{"line":246,"column":1}},"line":222},"9":{"name":"(anonymous_9)","decl":{"start":{"line":244,"column":53},"end":{"line":244,"column":54}},"loc":{"start":{"line":244,"column":61},"end":{"line":244,"column":96}},"line":244}},"branchMap":{"0":{"loc":{"start":{"line":165,"column":2},"end":{"line":165,"column":62}},"type":"if","locations":[{"start":{"line":165,"column":2},"end":{"line":165,"column":62}},{"start":{},"end":{}}],"line":165},"1":{"loc":{"start":{"line":165,"column":6},"end":{"line":165,"column":48}},"type":"binary-expr","locations":[{"start":{"line":165,"column":6},"end":{"line":165,"column":19}},{"start":{"line":165,"column":23},"end":{"line":165,"column":48}}],"line":165},"2":{"loc":{"start":{"line":169,"column":11},"end":{"line":169,"column":70}},"type":"cond-expr","locations":[{"start":{"line":169,"column":54},"end":{"line":169,"column":60}},{"start":{"line":169,"column":63},"end":{"line":169,"column":70}}],"line":169},"3":{"loc":{"start":{"line":199,"column":23},"end":{"line":199,"column":81}},"type":"cond-expr","locations":[{"start":{"line":199,"column":42},"end":{"line":199,"column":77}},{"start":{"line":199,"column":80},"end":{"line":199,"column":81}}],"line":199},"4":{"loc":{"start":{"line":200,"column":25},"end":{"line":200,"column":80}},"type":"cond-expr","locations":[{"start":{"line":200,"column":44},"end":{"line":200,"column":76}},{"start":{"line":200,"column":79},"end":{"line":200,"column":80}}],"line":200},"5":{"loc":{"start":{"line":207,"column":52},"end":{"line":207,"column":62}},"type":"default-arg","locations":[{"start":{"line":207,"column":60},"end":{"line":207,"column":62}}],"line":207},"6":{"loc":{"start":{"line":215,"column":68},"end":{"line":215,"column":78}},"type":"default-arg","locations":[{"start":{"line":215,"column":76},"end":{"line":215,"column":78}}],"line":215},"7":{"loc":{"start":{"line":242,"column":18},"end":{"line":242,"column":76}},"type":"cond-expr","locations":[{"start":{"line":242,"column":44},"end":{"line":242,"column":72}},{"start":{"line":242,"column":75},"end":{"line":242,"column":76}}],"line":242},"8":{"loc":{"start":{"line":243,"column":21},"end":{"line":243,"column":84}},"type":"cond-expr","locations":[{"start":{"line":243,"column":50},"end":{"line":243,"column":80}},{"start":{"line":243,"column":83},"end":{"line":243,"column":84}}],"line":243}},"s":{"0":5,"1":5,"2":5,"3":5,"4":0,"5":0,"6":0,"7":0,"8":0,"9":0,"10":5,"11":0,"12":0,"13":0,"14":0,"15":0,"16":0,"17":0,"18":0,"19":0,"20":0,"21":0,"22":5,"23":0,"24":5,"25":0,"26":5,"27":0,"28":0,"29":0,"30":0,"31":0,"32":0,"33":5},"f":{"0":0,"1":0,"2":0,"3":0,"4":0,"5":0,"6":0,"7":0,"8":0,"9":0},"b":{"0":[0,0],"1":[0,0],"2":[0,0],"3":[0,0],"4":[0,0],"5":[0],"6":[0],"7":[0,0],"8":[0,0]},"_coverageSchema":"1a1c01bbd47fc00a2c39e90264f33305004495a9","hash":"873749f2e0eeba245478c47c48fb858ca49abd98"}
,"/home/shwan/Old Quiz Game Attempts/quizgame/server/models/GameSession.js": {"path":"/home/shwan/Old Quiz Game Attempts/quizgame/server/models/GameSession.js","statementMap":{"0":{"start":{"line":1,"column":17},"end":{"line":1,"column":36}},"1":{"start":{"line":2,"column":15},"end":{"line":2,"column":30}},"2":{"start":{"line":4,"column":26},"end":{"line":121,"column":2}},"3":{"start":{"line":124,"column":0},"end":{"line":128,"column":2}},"4":{"start":{"line":125,"column":2},"end":{"line":125,"column":25}},"5":{"start":{"line":126,"column":2},"end":{"line":126,"column":30}},"6":{"start":{"line":127,"column":2},"end":{"line":127,"column":21}},"7":{"start":{"line":130,"column":0},"end":{"line":134,"column":2}},"8":{"start":{"line":131,"column":2},"end":{"line":131,"column":28}},"9":{"start":{"line":132,"column":2},"end":{"line":132,"column":28}},"10":{"start":{"line":133,"column":2},"end":{"line":133,"column":21}},"11":{"start":{"line":136,"column":0},"end":{"line":145,"column":2}},"12":{"start":{"line":137,"column":22},"end":{"line":137,"column":96}},"13":{"start":{"line":137,"column":50},"end":{"line":137,"column":95}},"14":{"start":{"line":138,"column":2},"end":{"line":143,"column":3}},"15":{"start":{"line":139,"column":4},"end":{"line":139,"column":50}},"16":{"start":{"line":141,"column":4},"end":{"line":141,"column":33}},"17":{"start":{"line":142,"column":4},"end":{"line":142,"column":23}},"18":{"start":{"line":144,"column":2},"end":{"line":144,"column":76}},"19":{"start":{"line":147,"column":0},"end":{"line":171,"column":2}},"20":{"start":{"line":149,"column":2},"end":{"line":149,"column":49}},"21":{"start":{"line":149,"column":30},"end":{"line":149,"column":47}},"22":{"start":{"line":152,"column":17},"end":{"line":152,"column":18}},"23":{"start":{"line":153,"column":18},"end":{"line":153,"column":22}},"24":{"start":{"line":154,"column":21},"end":{"line":154,"column":22}},"25":{"start":{"line":156,"column":2},"end":{"line":170,"column":5}},"26":{"start":{"line":157,"column":4},"end":{"line":169,"column":5}},"27":{"start":{"line":158,"column":6},"end":{"line":158,"column":33}},"28":{"start":{"line":159,"column":6},"end":{"line":159,"column":31}},"29":{"start":{"line":161,"column":6},"end":{"line":168,"column":7}},"30":{"start":{"line":162,"column":8},"end":{"line":162,"column":39}},"31":{"start":{"line":164,"column":8},"end":{"line":164,"column":29}},"32":{"start":{"line":165,"column":8},"end":{"line":165,"column":35}},"33":{"start":{"line":166,"column":8},"end":{"line":166,"column":32}},"34":{"start":{"line":167,"column":8},"end":{"line":167,"column":33}},"35":{"start":{"line":173,"column":0},"end":{"line":194,"column":2}},"36":{"start":{"line":174,"column":23},"end":{"line":174,"column":53}},"37":{"start":{"line":175,"column":2},"end":{"line":175,"column":73}},"38":{"start":{"line":175,"column":21},"end":{"line":175,"column":73}},"39":{"start":{"line":177,"column":2},"end":{"line":191,"column":3}},"40":{"start":{"line":178,"column":4},"end":{"line":178,"column":30}},"41":{"start":{"line":181,"column":4},"end":{"line":181,"column":34}},"42":{"start":{"line":183,"column":4},"end":{"line":190,"column":5}},"43":{"start":{"line":184,"column":6},"end":{"line":184,"column":29}},"44":{"start":{"line":185,"column":6},"end":{"line":185,"column":31}},"45":{"start":{"line":188,"column":6},"end":{"line":188,"column":32}},"46":{"start":{"line":189,"column":6},"end":{"line":189,"column":32}},"47":{"start":{"line":193,"column":2},"end":{"line":193,"column":21}},"48":{"start":{"line":197,"column":0},"end":{"line":199,"column":2}},"49":{"start":{"line":198,"column":2},"end":{"line":198,"column":32}},"50":{"start":{"line":201,"column":0},"end":{"line":203,"column":2}},"51":{"start":{"line":202,"column":2},"end":{"line":202,"column":71}},"52":{"start":{"line":205,"column":0},"end":{"line":209,"column":2}},"53":{"start":{"line":206,"column":2},"end":{"line":208,"column":18}},"54":{"start":{"line":211,"column":0},"end":{"line":211,"column":66}}},"fnMap":{"0":{"name":"(anonymous_0)","decl":{"start":{"line":124,"column":38},"end":{"line":124,"column":39}},"loc":{"start":{"line":124,"column":49},"end":{"line":128,"column":1}},"line":124},"1":{"name":"(anonymous_1)","decl":{"start":{"line":130,"column":36},"end":{"line":130,"column":37}},"loc":{"start":{"line":130,"column":47},"end":{"line":134,"column":1}},"line":130},"2":{"name":"(anonymous_2)","decl":{"start":{"line":136,"column":46},"end":{"line":136,"column":47}},"loc":{"start":{"line":136,"column":77},"end":{"line":145,"column":1}},"line":136},"3":{"name":"(anonymous_3)","decl":{"start":{"line":137,"column":45},"end":{"line":137,"column":46}},"loc":{"start":{"line":137,"column":50},"end":{"line":137,"column":95}},"line":137},"4":{"name":"(anonymous_4)","decl":{"start":{"line":147,"column":50},"end":{"line":147,"column":51}},"loc":{"start":{"line":147,"column":61},"end":{"line":171,"column":1}},"line":147},"5":{"name":"(anonymous_5)","decl":{"start":{"line":149,"column":20},"end":{"line":149,"column":21}},"loc":{"start":{"line":149,"column":30},"end":{"line":149,"column":47}},"line":149},"6":{"name":"(anonymous_6)","decl":{"start":{"line":156,"column":23},"end":{"line":156,"column":24}},"loc":{"start":{"line":156,"column":42},"end":{"line":170,"column":3}},"line":156},"7":{"name":"(anonymous_7)","decl":{"start":{"line":173,"column":47},"end":{"line":173,"column":48}},"loc":{"start":{"line":173,"column":58},"end":{"line":194,"column":1}},"line":173},"8":{"name":"(anonymous_8)","decl":{"start":{"line":197,"column":39},"end":{"line":197,"column":40}},"loc":{"start":{"line":197,"column":54},"end":{"line":199,"column":1}},"line":197},"9":{"name":"(anonymous_9)","decl":{"start":{"line":201,"column":43},"end":{"line":201,"column":44}},"loc":{"start":{"line":201,"column":54},"end":{"line":203,"column":1}},"line":201},"10":{"name":"(anonymous_10)","decl":{"start":{"line":205,"column":43},"end":{"line":205,"column":44}},"loc":{"start":{"line":205,"column":64},"end":{"line":209,"column":1}},"line":205}},"branchMap":{"0":{"loc":{"start":{"line":138,"column":2},"end":{"line":143,"column":3}},"type":"if","locations":[{"start":{"line":138,"column":2},"end":{"line":143,"column":3}},{"start":{},"end":{}}],"line":138},"1":{"loc":{"start":{"line":157,"column":4},"end":{"line":169,"column":5}},"type":"if","locations":[{"start":{"line":157,"column":4},"end":{"line":169,"column":5}},{"start":{"line":160,"column":11},"end":{"line":169,"column":5}}],"line":157},"2":{"loc":{"start":{"line":161,"column":6},"end":{"line":168,"column":7}},"type":"if","locations":[{"start":{"line":161,"column":6},"end":{"line":168,"column":7}},{"start":{"line":163,"column":13},"end":{"line":168,"column":7}}],"line":161},"3":{"loc":{"start":{"line":175,"column":2},"end":{"line":175,"column":73}},"type":"if","locations":[{"start":{"line":175,"column":2},"end":{"line":175,"column":73}},{"start":{},"end":{}}],"line":175},"4":{"loc":{"start":{"line":177,"column":2},"end":{"line":191,"column":3}},"type":"if","locations":[{"start":{"line":177,"column":2},"end":{"line":191,"column":3}},{"start":{"line":179,"column":9},"end":{"line":191,"column":3}}],"line":177},"5":{"loc":{"start":{"line":183,"column":4},"end":{"line":190,"column":5}},"type":"if","locations":[{"start":{"line":183,"column":4},"end":{"line":190,"column":5}},{"start":{"line":186,"column":11},"end":{"line":190,"column":5}}],"line":183},"6":{"loc":{"start":{"line":205,"column":52},"end":{"line":205,"column":62}},"type":"default-arg","locations":[{"start":{"line":205,"column":60},"end":{"line":205,"column":62}}],"line":205}},"s":{"0":5,"1":5,"2":5,"3":5,"4":0,"5":0,"6":0,"7":5,"8":0,"9":0,"10":0,"11":5,"12":0,"13":0,"14":0,"15":0,"16":0,"17":0,"18":0,"19":5,"20":0,"21":0,"22":0,"23":0,"24":0,"25":0,"26":0,"27":0,"28":0,"29":0,"30":0,"31":0,"32":0,"33":0,"34":0,"35":5,"36":0,"37":0,"38":0,"39":0,"40":0,"41":0,"42":0,"43":0,"44":0,"45":0,"46":0,"47":0,"48":5,"49":0,"50":5,"51":0,"52":5,"53":0,"54":5},"f":{"0":0,"1":0,"2":0,"3":0,"4":0,"5":0,"6":0,"7":0,"8":0,"9":0,"10":0},"b":{"0":[0,0],"1":[0,0],"2":[0,0],"3":[0,0],"4":[0,0],"5":[0,0],"6":[0]},"_coverageSchema":"1a1c01bbd47fc00a2c39e90264f33305004495a9","hash":"e21973f414aebd3d05411db5f32ebe5af8681f25"}
,"/home/shwan/Old Quiz Game Attempts/quizgame/server/models/Player.js": {"path":"/home/shwan/Old Quiz Game Attempts/quizgame/server/models/Player.js","statementMap":{"0":{"start":{"line":1,"column":17},"end":{"line":1,"column":36}},"1":{"start":{"line":2,"column":15},"end":{"line":2,"column":30}},"2":{"start":{"line":4,"column":21},"end":{"line":70,"column":2}},"3":{"start":{"line":73,"column":0},"end":{"line":75,"column":2}},"4":{"start":{"line":74,"column":2},"end":{"line":74,"column":33}},"5":{"start":{"line":77,"column":0},"end":{"line":82,"column":2}},"6":{"start":{"line":78,"column":2},"end":{"line":78,"column":46}},"7":{"start":{"line":78,"column":37},"end":{"line":78,"column":46}},"8":{"start":{"line":80,"column":21},"end":{"line":80,"column":80}},"9":{"start":{"line":80,"column":60},"end":{"line":80,"column":76}},"10":{"start":{"line":81,"column":2},"end":{"line":81,"column":46}},"11":{"start":{"line":84,"column":0},"end":{"line":86,"column":2}},"12":{"start":{"line":85,"column":2},"end":{"line":85,"column":69}},"13":{"start":{"line":85,"column":41},"end":{"line":85,"column":60}},"14":{"start":{"line":89,"column":0},"end":{"line":89,"column":45}},"15":{"start":{"line":92,"column":0},"end":{"line":94,"column":2}},"16":{"start":{"line":93,"column":2},"end":{"line":93,"column":36}},"17":{"start":{"line":96,"column":0},"end":{"line":113,"column":2}},"18":{"start":{"line":97,"column":2},"end":{"line":112,"column":5}},"19":{"start":{"line":115,"column":0},"end":{"line":115,"column":56}}},"fnMap":{"0":{"name":"(anonymous_0)","decl":{"start":{"line":73,"column":43},"end":{"line":73,"column":44}},"loc":{"start":{"line":73,"column":54},"end":{"line":75,"column":1}},"line":73},"1":{"name":"(anonymous_1)","decl":{"start":{"line":77,"column":39},"end":{"line":77,"column":40}},"loc":{"start":{"line":77,"column":50},"end":{"line":82,"column":1}},"line":77},"2":{"name":"(anonymous_2)","decl":{"start":{"line":80,"column":45},"end":{"line":80,"column":46}},"loc":{"start":{"line":80,"column":60},"end":{"line":80,"column":76}},"line":80},"3":{"name":"(anonymous_3)","decl":{"start":{"line":84,"column":36},"end":{"line":84,"column":37}},"loc":{"start":{"line":84,"column":47},"end":{"line":86,"column":1}},"line":84},"4":{"name":"(anonymous_4)","decl":{"start":{"line":85,"column":33},"end":{"line":85,"column":34}},"loc":{"start":{"line":85,"column":41},"end":{"line":85,"column":60}},"line":85},"5":{"name":"(anonymous_5)","decl":{"start":{"line":92,"column":38},"end":{"line":92,"column":39}},"loc":{"start":{"line":92,"column":57},"end":{"line":94,"column":1}},"line":92},"6":{"name":"(anonymous_6)","decl":{"start":{"line":96,"column":37},"end":{"line":96,"column":38}},"loc":{"start":{"line":96,"column":58},"end":{"line":113,"column":1}},"line":96}},"branchMap":{"0":{"loc":{"start":{"line":78,"column":2},"end":{"line":78,"column":46}},"type":"if","locations":[{"start":{"line":78,"column":2},"end":{"line":78,"column":46}},{"start":{},"end":{}}],"line":78},"1":{"loc":{"start":{"line":96,"column":46},"end":{"line":96,"column":56}},"type":"default-arg","locations":[{"start":{"line":96,"column":54},"end":{"line":96,"column":56}}],"line":96}},"s":{"0":5,"1":5,"2":5,"3":5,"4":0,"5":5,"6":0,"7":0,"8":0,"9":0,"10":0,"11":5,"12":0,"13":0,"14":5,"15":5,"16":0,"17":5,"18":0,"19":5},"f":{"0":0,"1":0,"2":0,"3":0,"4":0,"5":0,"6":0},"b":{"0":[0,0],"1":[0]},"_coverageSchema":"1a1c01bbd47fc00a2c39e90264f33305004495a9","hash":"7a5514590c9987f06204671bbc877406fb6d37fc"}
,"/home/shwan/Old Quiz Game Attempts/quizgame/server/models/Question.js": {"path":"/home/shwan/Old Quiz Game Attempts/quizgame/server/models/Question.js","statementMap":{"0":{"start":{"line":1,"column":17},"end":{"line":1,"column":36}},"1":{"start":{"line":2,"column":15},"end":{"line":2,"column":30}},"2":{"start":{"line":4,"column":23},"end":{"line":148,"column":2}},"3":{"start":{"line":151,"column":0},"end":{"line":170,"column":2}},"4":{"start":{"line":152,"column":2},"end":{"line":152,"column":35}},"5":{"start":{"line":154,"column":2},"end":{"line":158,"column":3}},"6":{"start":{"line":155,"column":4},"end":{"line":155,"column":41}},"7":{"start":{"line":157,"column":4},"end":{"line":157,"column":43}},"8":{"start":{"line":161,"column":23},"end":{"line":161,"column":90}},"9":{"start":{"line":162,"column":20},"end":{"line":162,"column":53}},"10":{"start":{"line":163,"column":20},"end":{"line":163,"column":36}},"11":{"start":{"line":165,"column":2},"end":{"line":166,"column":84}},"12":{"start":{"line":168,"column":2},"end":{"line":168,"column":30}},"13":{"start":{"line":169,"column":2},"end":{"line":169,"column":21}},"14":{"start":{"line":173,"column":0},"end":{"line":185,"column":2}},"15":{"start":{"line":174,"column":2},"end":{"line":183,"column":3}},"16":{"start":{"line":175,"column":26},"end":{"line":175,"column":71}},"17":{"start":{"line":175,"column":54},"end":{"line":175,"column":70}},"18":{"start":{"line":176,"column":4},"end":{"line":176,"column":103}},"19":{"start":{"line":177,"column":9},"end":{"line":183,"column":3}},"20":{"start":{"line":178,"column":4},"end":{"line":178,"column":69}},"21":{"start":{"line":179,"column":9},"end":{"line":183,"column":3}},"22":{"start":{"line":182,"column":4},"end":{"line":182,"column":69}},"23":{"start":{"line":184,"column":2},"end":{"line":184,"column":15}},"24":{"start":{"line":188,"column":0},"end":{"line":190,"column":2}},"25":{"start":{"line":189,"column":2},"end":{"line":189,"column":46}},"26":{"start":{"line":192,"column":0},"end":{"line":194,"column":2}},"27":{"start":{"line":193,"column":2},"end":{"line":193,"column":48}},"28":{"start":{"line":196,"column":0},"end":{"line":198,"column":2}},"29":{"start":{"line":197,"column":2},"end":{"line":197,"column":59}},"30":{"start":{"line":200,"column":0},"end":{"line":209,"column":2}},"31":{"start":{"line":201,"column":16},"end":{"line":201,"column":18}},"32":{"start":{"line":202,"column":2},"end":{"line":202,"column":42}},"33":{"start":{"line":202,"column":16},"end":{"line":202,"column":42}},"34":{"start":{"line":203,"column":2},"end":{"line":203,"column":48}},"35":{"start":{"line":203,"column":18},"end":{"line":203,"column":48}},"36":{"start":{"line":205,"column":2},"end":{"line":208,"column":5}},"37":{"start":{"line":211,"column":0},"end":{"line":211,"column":60}}},"fnMap":{"0":{"name":"(anonymous_0)","decl":{"start":{"line":151,"column":37},"end":{"line":151,"column":38}},"loc":{"start":{"line":151,"column":69},"end":{"line":170,"column":1}},"line":151},"1":{"name":"(anonymous_1)","decl":{"start":{"line":173,"column":41},"end":{"line":173,"column":42}},"loc":{"start":{"line":173,"column":58},"end":{"line":185,"column":1}},"line":173},"2":{"name":"(anonymous_2)","decl":{"start":{"line":175,"column":44},"end":{"line":175,"column":45}},"loc":{"start":{"line":175,"column":54},"end":{"line":175,"column":70}},"line":175},"3":{"name":"(anonymous_3)","decl":{"start":{"line":188,"column":40},"end":{"line":188,"column":41}},"loc":{"start":{"line":188,"column":71},"end":{"line":190,"column":1}},"line":188},"4":{"name":"(anonymous_4)","decl":{"start":{"line":192,"column":42},"end":{"line":192,"column":43}},"loc":{"start":{"line":192,"column":75},"end":{"line":194,"column":1}},"line":192},"5":{"name":"(anonymous_5)","decl":{"start":{"line":196,"column":48},"end":{"line":196,"column":49}},"loc":{"start":{"line":196,"column":78},"end":{"line":198,"column":1}},"line":196},"6":{"name":"(anonymous_6)","decl":{"start":{"line":200,"column":44},"end":{"line":200,"column":45}},"loc":{"start":{"line":200,"column":87},"end":{"line":209,"column":1}},"line":200}},"branchMap":{"0":{"loc":{"start":{"line":154,"column":2},"end":{"line":158,"column":3}},"type":"if","locations":[{"start":{"line":154,"column":2},"end":{"line":158,"column":3}},{"start":{"line":156,"column":9},"end":{"line":158,"column":3}}],"line":154},"1":{"loc":{"start":{"line":174,"column":2},"end":{"line":183,"column":3}},"type":"if","locations":[{"start":{"line":174,"column":2},"end":{"line":183,"column":3}},{"start":{"line":177,"column":9},"end":{"line":183,"column":3}}],"line":174},"2":{"loc":{"start":{"line":176,"column":11},"end":{"line":176,"column":102}},"type":"binary-expr","locations":[{"start":{"line":176,"column":11},"end":{"line":176,"column":24}},{"start":{"line":176,"column":29},"end":{"line":176,"column":58}},{"start":{"line":176,"column":62},"end":{"line":176,"column":101}}],"line":176},"3":{"loc":{"start":{"line":177,"column":9},"end":{"line":183,"column":3}},"type":"if","locations":[{"start":{"line":177,"column":9},"end":{"line":183,"column":3}},{"start":{"line":179,"column":9},"end":{"line":183,"column":3}}],"line":177},"4":{"loc":{"start":{"line":179,"column":9},"end":{"line":183,"column":3}},"type":"if","locations":[{"start":{"line":179,"column":9},"end":{"line":183,"column":3}},{"start":{},"end":{}}],"line":179},"5":{"loc":{"start":{"line":188,"column":59},"end":{"line":188,"column":69}},"type":"default-arg","locations":[{"start":{"line":188,"column":67},"end":{"line":188,"column":69}}],"line":188},"6":{"loc":{"start":{"line":192,"column":63},"end":{"line":192,"column":73}},"type":"default-arg","locations":[{"start":{"line":192,"column":71},"end":{"line":192,"column":73}}],"line":192},"7":{"loc":{"start":{"line":196,"column":67},"end":{"line":196,"column":76}},"type":"default-arg","locations":[{"start":{"line":196,"column":75},"end":{"line":196,"column":76}}],"line":196},"8":{"loc":{"start":{"line":200,"column":75},"end":{"line":200,"column":85}},"type":"default-arg","locations":[{"start":{"line":200,"column":83},"end":{"line":200,"column":85}}],"line":200},"9":{"loc":{"start":{"line":202,"column":2},"end":{"line":202,"column":42}},"type":"if","locations":[{"start":{"line":202,"column":2},"end":{"line":202,"column":42}},{"start":{},"end":{}}],"line":202},"10":{"loc":{"start":{"line":203,"column":2},"end":{"line":203,"column":48}},"type":"if","locations":[{"start":{"line":203,"column":2},"end":{"line":203,"column":48}},{"start":{},"end":{}}],"line":203}},"s":{"0":5,"1":5,"2":5,"3":5,"4":0,"5":0,"6":0,"7":0,"8":0,"9":0,"10":0,"11":0,"12":0,"13":0,"14":5,"15":0,"16":0,"17":0,"18":0,"19":0,"20":0,"21":0,"22":0,"23":0,"24":5,"25":0,"26":5,"27":0,"28":5,"29":0,"30":5,"31":0,"32":0,"33":0,"34":0,"35":0,"36":0,"37":5},"f":{"0":0,"1":0,"2":0,"3":0,"4":0,"5":0,"6":0},"b":{"0":[0,0],"1":[0,0],"2":[0,0,0],"3":[0,0],"4":[0,0],"5":[0],"6":[0],"7":[0],"8":[0],"9":[0,0],"10":[0,0]},"_coverageSchema":"1a1c01bbd47fc00a2c39e90264f33305004495a9","hash":"15c75cafa29a279f58d84f1c029ac5fa75818d61"}
,"/home/shwan/Old Quiz Game Attempts/quizgame/server/models/index.js": {"path":"/home/shwan/Old Quiz Game Attempts/quizgame/server/models/index.js","statementMap":{"0":{"start":{"line":1,"column":15},"end":{"line":1,"column":34}},"1":{"start":{"line":2,"column":20},"end":{"line":2,"column":44}},"2":{"start":{"line":3,"column":17},"end":{"line":3,"column":38}},"3":{"start":{"line":4,"column":17},"end":{"line":4,"column":38}},"4":{"start":{"line":5,"column":20},"end":{"line":5,"column":44}},"5":{"start":{"line":7,"column":0},"end":{"line":13,"column":2}}},"fnMap":{},"branchMap":{},"s":{"0":5,"1":5,"2":5,"3":5,"4":5,"5":5},"f":{},"b":{},"_coverageSchema":"1a1c01bbd47fc00a2c39e90264f33305004495a9","hash":"9a3928224e75e632888d64d1c5e29b7f9c0c6216"}
,"/home/shwan/Old Quiz Game Attempts/quizgame/server/services/graduatedPointsRoundHandler.js": {"path":"/home/shwan/Old Quiz Game Attempts/quizgame/server/services/graduatedPointsRoundHandler.js","statementMap":{"0":{"start":{"line":6,"column":34},"end":{"line":6,"column":54}},"1":{"start":{"line":7,"column":30},"end":{"line":7,"column":61}},"2":{"start":{"line":16,"column":2},"end":{"line":158,"column":3}},"3":{"start":{"line":17,"column":26},"end":{"line":17,"column":46}},"4":{"start":{"line":18,"column":21},"end":{"line":18,"column":36}},"5":{"start":{"line":19,"column":28},"end":{"line":19,"column":50}},"6":{"start":{"line":21,"column":4},"end":{"line":23,"column":5}},"7":{"start":{"line":22,"column":6},"end":{"line":22,"column":85}},"8":{"start":{"line":26,"column":75},"end":{"line":26,"column":79}},"9":{"start":{"line":27,"column":4},"end":{"line":29,"column":5}},"10":{"start":{"line":28,"column":6},"end":{"line":28,"column":76}},"11":{"start":{"line":32,"column":24},"end":{"line":32,"column":65}},"12":{"start":{"line":33,"column":4},"end":{"line":35,"column":5}},"13":{"start":{"line":34,"column":6},"end":{"line":34,"column":74}},"14":{"start":{"line":38,"column":25},"end":{"line":38,"column":97}},"15":{"start":{"line":38,"column":54},"end":{"line":38,"column":96}},"16":{"start":{"line":39,"column":4},"end":{"line":41,"column":5}},"17":{"start":{"line":40,"column":6},"end":{"line":40,"column":76}},"18":{"start":{"line":44,"column":4},"end":{"line":49,"column":5}},"19":{"start":{"line":45,"column":6},"end":{"line":48,"column":8}},"20":{"start":{"line":52,"column":21},"end":{"line":52,"column":56}},"21":{"start":{"line":53,"column":4},"end":{"line":55,"column":5}},"22":{"start":{"line":54,"column":6},"end":{"line":54,"column":74}},"23":{"start":{"line":58,"column":24},"end":{"line":58,"column":94}},"24":{"start":{"line":58,"column":59},"end":{"line":58,"column":93}},"25":{"start":{"line":59,"column":4},"end":{"line":61,"column":5}},"26":{"start":{"line":60,"column":6},"end":{"line":60,"column":86}},"27":{"start":{"line":64,"column":27},"end":{"line":66,"column":5}},"28":{"start":{"line":65,"column":11},"end":{"line":65,"column":87}},"29":{"start":{"line":68,"column":4},"end":{"line":75,"column":5}},"30":{"start":{"line":70,"column":6},"end":{"line":74,"column":8}},"31":{"start":{"line":78,"column":21},"end":{"line":78,"column":48}},"32":{"start":{"line":79,"column":22},"end":{"line":79,"column":46}},"33":{"start":{"line":80,"column":22},"end":{"line":80,"column":45}},"34":{"start":{"line":81,"column":25},"end":{"line":81,"column":53}},"35":{"start":{"line":82,"column":22},"end":{"line":82,"column":46}},"36":{"start":{"line":83,"column":32},"end":{"line":83,"column":69}},"37":{"start":{"line":86,"column":22},"end":{"line":86,"column":84}},"38":{"start":{"line":89,"column":23},"end":{"line":89,"column":24}},"39":{"start":{"line":91,"column":4},"end":{"line":103,"column":5}},"40":{"start":{"line":94,"column":26},"end":{"line":94,"column":94}},"41":{"start":{"line":97,"column":6},"end":{"line":100,"column":8}},"42":{"start":{"line":101,"column":11},"end":{"line":103,"column":5}},"43":{"start":{"line":102,"column":6},"end":{"line":102,"column":48}},"44":{"start":{"line":106,"column":4},"end":{"line":116,"column":7}},"45":{"start":{"line":119,"column":4},"end":{"line":119,"column":59}},"46":{"start":{"line":122,"column":24},"end":{"line":122,"column":68}},"47":{"start":{"line":123,"column":4},"end":{"line":123,"column":77}},"48":{"start":{"line":124,"column":4},"end":{"line":124,"column":89}},"49":{"start":{"line":125,"column":4},"end":{"line":125,"column":93}},"50":{"start":{"line":126,"column":4},"end":{"line":126,"column":76}},"51":{"start":{"line":127,"column":4},"end":{"line":130,"column":6}},"52":{"start":{"line":131,"column":4},"end":{"line":131,"column":57}},"53":{"start":{"line":134,"column":4},"end":{"line":134,"column":29}},"54":{"start":{"line":137,"column":4},"end":{"line":146,"column":7}},"55":{"start":{"line":149,"column":4},"end":{"line":154,"column":6}},"56":{"start":{"line":156,"column":4},"end":{"line":156,"column":70}},"57":{"start":{"line":157,"column":4},"end":{"line":157,"column":16}},"58":{"start":{"line":168,"column":2},"end":{"line":276,"column":3}},"59":{"start":{"line":169,"column":26},"end":{"line":169,"column":46}},"60":{"start":{"line":170,"column":21},"end":{"line":170,"column":36}},"61":{"start":{"line":171,"column":28},"end":{"line":171,"column":50}},"62":{"start":{"line":173,"column":4},"end":{"line":175,"column":5}},"63":{"start":{"line":174,"column":6},"end":{"line":174,"column":85}},"64":{"start":{"line":178,"column":27},"end":{"line":178,"column":31}},"65":{"start":{"line":179,"column":4},"end":{"line":181,"column":5}},"66":{"start":{"line":180,"column":6},"end":{"line":180,"column":76}},"67":{"start":{"line":184,"column":24},"end":{"line":184,"column":65}},"68":{"start":{"line":185,"column":4},"end":{"line":187,"column":5}},"69":{"start":{"line":186,"column":6},"end":{"line":186,"column":74}},"70":{"start":{"line":190,"column":4},"end":{"line":192,"column":5}},"71":{"start":{"line":191,"column":6},"end":{"line":191,"column":87}},"72":{"start":{"line":195,"column":21},"end":{"line":195,"column":56}},"73":{"start":{"line":196,"column":4},"end":{"line":198,"column":5}},"74":{"start":{"line":197,"column":6},"end":{"line":197,"column":74}},"75":{"start":{"line":201,"column":28},"end":{"line":203,"column":5}},"76":{"start":{"line":202,"column":11},"end":{"line":202,"column":49}},"77":{"start":{"line":206,"column":25},"end":{"line":206,"column":51}},"78":{"start":{"line":207,"column":28},"end":{"line":207,"column":50}},"79":{"start":{"line":208,"column":27},"end":{"line":208,"column":74}},"80":{"start":{"line":208,"column":55},"end":{"line":208,"column":66}},"81":{"start":{"line":209,"column":29},"end":{"line":209,"column":61}},"82":{"start":{"line":210,"column":28},"end":{"line":210,"column":74}},"83":{"start":{"line":210,"column":56},"end":{"line":210,"column":66}},"84":{"start":{"line":213,"column":24},"end":{"line":213,"column":28}},"85":{"start":{"line":214,"column":26},"end":{"line":214,"column":30}},"86":{"start":{"line":215,"column":30},"end":{"line":215,"column":38}},"87":{"start":{"line":217,"column":4},"end":{"line":223,"column":7}},"88":{"start":{"line":218,"column":6},"end":{"line":222,"column":7}},"89":{"start":{"line":219,"column":8},"end":{"line":219,"column":50}},"90":{"start":{"line":220,"column":8},"end":{"line":220,"column":42}},"91":{"start":{"line":221,"column":8},"end":{"line":221,"column":31}},"92":{"start":{"line":226,"column":26},"end":{"line":226,"column":28}},"93":{"start":{"line":227,"column":4},"end":{"line":236,"column":7}},"94":{"start":{"line":228,"column":6},"end":{"line":235,"column":8}},"95":{"start":{"line":239,"column":4},"end":{"line":247,"column":7}},"96":{"start":{"line":250,"column":4},"end":{"line":265,"column":7}},"97":{"start":{"line":268,"column":4},"end":{"line":272,"column":6}},"98":{"start":{"line":274,"column":4},"end":{"line":274,"column":69}},"99":{"start":{"line":275,"column":4},"end":{"line":275,"column":16}},"100":{"start":{"line":285,"column":2},"end":{"line":337,"column":3}},"101":{"start":{"line":286,"column":26},"end":{"line":286,"column":46}},"102":{"start":{"line":288,"column":4},"end":{"line":290,"column":5}},"103":{"start":{"line":289,"column":6},"end":{"line":289,"column":85}},"104":{"start":{"line":293,"column":24},"end":{"line":293,"column":65}},"105":{"start":{"line":294,"column":4},"end":{"line":296,"column":5}},"106":{"start":{"line":295,"column":6},"end":{"line":295,"column":74}},"107":{"start":{"line":299,"column":25},"end":{"line":299,"column":97}},"108":{"start":{"line":299,"column":54},"end":{"line":299,"column":96}},"109":{"start":{"line":300,"column":4},"end":{"line":302,"column":5}},"110":{"start":{"line":301,"column":6},"end":{"line":301,"column":101}},"111":{"start":{"line":305,"column":22},"end":{"line":323,"column":6}},"112":{"start":{"line":307,"column":27},"end":{"line":310,"column":7}},"113":{"start":{"line":308,"column":13},"end":{"line":309,"column":55}},"114":{"start":{"line":312,"column":26},"end":{"line":312,"column":92}},"115":{"start":{"line":312,"column":63},"end":{"line":312,"column":88}},"116":{"start":{"line":313,"column":29},"end":{"line":313,"column":73}},"117":{"start":{"line":313,"column":54},"end":{"line":313,"column":65}},"118":{"start":{"line":315,"column":6},"end":{"line":322,"column":8}},"119":{"start":{"line":326,"column":4},"end":{"line":326,"column":48}},"120":{"start":{"line":326,"column":29},"end":{"line":326,"column":46}},"121":{"start":{"line":328,"column":4},"end":{"line":333,"column":6}},"122":{"start":{"line":335,"column":4},"end":{"line":335,"column":70}},"123":{"start":{"line":336,"column":4},"end":{"line":336,"column":16}},"124":{"start":{"line":340,"column":0},"end":{"line":344,"column":2}}},"fnMap":{"0":{"name":"processGraduatedPointsAnswer","decl":{"start":{"line":15,"column":15},"end":{"line":15,"column":43}},"loc":{"start":{"line":15,"column":58},"end":{"line":159,"column":1}},"line":15},"1":{"name":"(anonymous_1)","decl":{"start":{"line":38,"column":49},"end":{"line":38,"column":50}},"loc":{"start":{"line":38,"column":54},"end":{"line":38,"column":96}},"line":38},"2":{"name":"(anonymous_2)","decl":{"start":{"line":58,"column":54},"end":{"line":58,"column":55}},"loc":{"start":{"line":58,"column":59},"end":{"line":58,"column":93}},"line":58},"3":{"name":"(anonymous_3)","decl":{"start":{"line":65,"column":6},"end":{"line":65,"column":7}},"loc":{"start":{"line":65,"column":11},"end":{"line":65,"column":87}},"line":65},"4":{"name":"revealGraduatedPointsAnswer","decl":{"start":{"line":167,"column":15},"end":{"line":167,"column":42}},"loc":{"start":{"line":167,"column":57},"end":{"line":277,"column":1}},"line":167},"5":{"name":"(anonymous_5)","decl":{"start":{"line":202,"column":6},"end":{"line":202,"column":7}},"loc":{"start":{"line":202,"column":11},"end":{"line":202,"column":49}},"line":202},"6":{"name":"(anonymous_6)","decl":{"start":{"line":208,"column":50},"end":{"line":208,"column":51}},"loc":{"start":{"line":208,"column":55},"end":{"line":208,"column":66}},"line":208},"7":{"name":"(anonymous_7)","decl":{"start":{"line":210,"column":51},"end":{"line":210,"column":52}},"loc":{"start":{"line":210,"column":56},"end":{"line":210,"column":66}},"line":210},"8":{"name":"(anonymous_8)","decl":{"start":{"line":217,"column":28},"end":{"line":217,"column":29}},"loc":{"start":{"line":217,"column":38},"end":{"line":223,"column":5}},"line":217},"9":{"name":"(anonymous_9)","decl":{"start":{"line":227,"column":28},"end":{"line":227,"column":29}},"loc":{"start":{"line":227,"column":38},"end":{"line":236,"column":5}},"line":227},"10":{"name":"getGraduatedPointsStandings","decl":{"start":{"line":284,"column":15},"end":{"line":284,"column":42}},"loc":{"start":{"line":284,"column":51},"end":{"line":338,"column":1}},"line":284},"11":{"name":"(anonymous_11)","decl":{"start":{"line":299,"column":49},"end":{"line":299,"column":50}},"loc":{"start":{"line":299,"column":54},"end":{"line":299,"column":96}},"line":299},"12":{"name":"(anonymous_12)","decl":{"start":{"line":305,"column":46},"end":{"line":305,"column":47}},"loc":{"start":{"line":305,"column":56},"end":{"line":323,"column":5}},"line":305},"13":{"name":"(anonymous_13)","decl":{"start":{"line":308,"column":8},"end":{"line":308,"column":9}},"loc":{"start":{"line":308,"column":13},"end":{"line":309,"column":55}},"line":308},"14":{"name":"(anonymous_14)","decl":{"start":{"line":312,"column":46},"end":{"line":312,"column":47}},"loc":{"start":{"line":312,"column":63},"end":{"line":312,"column":88}},"line":312},"15":{"name":"(anonymous_15)","decl":{"start":{"line":313,"column":49},"end":{"line":313,"column":50}},"loc":{"start":{"line":313,"column":54},"end":{"line":313,"column":65}},"line":313},"16":{"name":"(anonymous_16)","decl":{"start":{"line":326,"column":19},"end":{"line":326,"column":20}},"loc":{"start":{"line":326,"column":29},"end":{"line":326,"column":46}},"line":326}},"branchMap":{"0":{"loc":{"start":{"line":21,"column":4},"end":{"line":23,"column":5}},"type":"if","locations":[{"start":{"line":21,"column":4},"end":{"line":23,"column":5}},{"start":{},"end":{}}],"line":21},"1":{"loc":{"start":{"line":27,"column":4},"end":{"line":29,"column":5}},"type":"if","locations":[{"start":{"line":27,"column":4},"end":{"line":29,"column":5}},{"start":{},"end":{}}],"line":27},"2":{"loc":{"start":{"line":33,"column":4},"end":{"line":35,"column":5}},"type":"if","locations":[{"start":{"line":33,"column":4},"end":{"line":35,"column":5}},{"start":{},"end":{}}],"line":33},"3":{"loc":{"start":{"line":39,"column":4},"end":{"line":41,"column":5}},"type":"if","locations":[{"start":{"line":39,"column":4},"end":{"line":41,"column":5}},{"start":{},"end":{}}],"line":39},"4":{"loc":{"start":{"line":44,"column":4},"end":{"line":49,"column":5}},"type":"if","locations":[{"start":{"line":44,"column":4},"end":{"line":49,"column":5}},{"start":{},"end":{}}],"line":44},"5":{"loc":{"start":{"line":53,"column":4},"end":{"line":55,"column":5}},"type":"if","locations":[{"start":{"line":53,"column":4},"end":{"line":55,"column":5}},{"start":{},"end":{}}],"line":53},"6":{"loc":{"start":{"line":59,"column":4},"end":{"line":61,"column":5}},"type":"if","locations":[{"start":{"line":59,"column":4},"end":{"line":61,"column":5}},{"start":{},"end":{}}],"line":59},"7":{"loc":{"start":{"line":65,"column":11},"end":{"line":65,"column":87}},"type":"binary-expr","locations":[{"start":{"line":65,"column":11},"end":{"line":65,"column":45}},{"start":{"line":65,"column":49},"end":{"line":65,"column":87}}],"line":65},"8":{"loc":{"start":{"line":68,"column":4},"end":{"line":75,"column":5}},"type":"if","locations":[{"start":{"line":68,"column":4},"end":{"line":75,"column":5}},{"start":{},"end":{}}],"line":68},"9":{"loc":{"start":{"line":78,"column":21},"end":{"line":78,"column":48}},"type":"binary-expr","locations":[{"start":{"line":78,"column":21},"end":{"line":78,"column":42}},{"start":{"line":78,"column":46},"end":{"line":78,"column":48}}],"line":78},"10":{"loc":{"start":{"line":79,"column":22},"end":{"line":79,"column":46}},"type":"binary-expr","locations":[{"start":{"line":79,"column":22},"end":{"line":79,"column":40}},{"start":{"line":79,"column":44},"end":{"line":79,"column":46}}],"line":79},"11":{"loc":{"start":{"line":80,"column":22},"end":{"line":80,"column":45}},"type":"binary-expr","locations":[{"start":{"line":80,"column":22},"end":{"line":80,"column":40}},{"start":{"line":80,"column":44},"end":{"line":80,"column":45}}],"line":80},"12":{"loc":{"start":{"line":81,"column":25},"end":{"line":81,"column":53}},"type":"binary-expr","locations":[{"start":{"line":81,"column":25},"end":{"line":81,"column":46}},{"start":{"line":81,"column":50},"end":{"line":81,"column":53}}],"line":81},"13":{"loc":{"start":{"line":82,"column":22},"end":{"line":82,"column":46}},"type":"binary-expr","locations":[{"start":{"line":82,"column":22},"end":{"line":82,"column":40}},{"start":{"line":82,"column":44},"end":{"line":82,"column":46}}],"line":82},"14":{"loc":{"start":{"line":83,"column":32},"end":{"line":83,"column":69}},"type":"binary-expr","locations":[{"start":{"line":83,"column":32},"end":{"line":83,"column":60}},{"start":{"line":83,"column":64},"end":{"line":83,"column":69}}],"line":83},"15":{"loc":{"start":{"line":86,"column":22},"end":{"line":86,"column":84}},"type":"cond-expr","locations":[{"start":{"line":86,"column":33},"end":{"line":86,"column":38}},{"start":{"line":86,"column":41},"end":{"line":86,"column":84}}],"line":86},"16":{"loc":{"start":{"line":91,"column":4},"end":{"line":103,"column":5}},"type":"if","locations":[{"start":{"line":91,"column":4},"end":{"line":103,"column":5}},{"start":{"line":101,"column":11},"end":{"line":103,"column":5}}],"line":91},"17":{"loc":{"start":{"line":94,"column":26},"end":{"line":94,"column":94}},"type":"binary-expr","locations":[{"start":{"line":94,"column":26},"end":{"line":94,"column":38}},{"start":{"line":94,"column":42},"end":{"line":94,"column":94}}],"line":94},"18":{"loc":{"start":{"line":101,"column":11},"end":{"line":103,"column":5}},"type":"if","locations":[{"start":{"line":101,"column":11},"end":{"line":103,"column":5}},{"start":{},"end":{}}],"line":101},"19":{"loc":{"start":{"line":110,"column":19},"end":{"line":110,"column":46}},"type":"cond-expr","locations":[{"start":{"line":110,"column":30},"end":{"line":110,"column":32}},{"start":{"line":110,"column":35},"end":{"line":110,"column":46}}],"line":110},"20":{"loc":{"start":{"line":113,"column":17},"end":{"line":113,"column":40}},"type":"binary-expr","locations":[{"start":{"line":113,"column":17},"end":{"line":113,"column":26}},{"start":{"line":113,"column":30},"end":{"line":113,"column":40}}],"line":113},"21":{"loc":{"start":{"line":114,"column":20},"end":{"line":114,"column":40}},"type":"binary-expr","locations":[{"start":{"line":114,"column":20},"end":{"line":114,"column":32}},{"start":{"line":114,"column":36},"end":{"line":114,"column":40}}],"line":114},"22":{"loc":{"start":{"line":115,"column":16},"end":{"line":115,"column":33}},"type":"binary-expr","locations":[{"start":{"line":115,"column":16},"end":{"line":115,"column":24}},{"start":{"line":115,"column":28},"end":{"line":115,"column":33}}],"line":115},"23":{"loc":{"start":{"line":122,"column":24},"end":{"line":122,"column":68}},"type":"binary-expr","locations":[{"start":{"line":122,"column":24},"end":{"line":122,"column":62}},{"start":{"line":122,"column":66},"end":{"line":122,"column":68}}],"line":122},"24":{"loc":{"start":{"line":123,"column":37},"end":{"line":123,"column":71}},"type":"binary-expr","locations":[{"start":{"line":123,"column":37},"end":{"line":123,"column":66}},{"start":{"line":123,"column":70},"end":{"line":123,"column":71}}],"line":123},"25":{"loc":{"start":{"line":124,"column":34},"end":{"line":124,"column":65}},"type":"binary-expr","locations":[{"start":{"line":124,"column":34},"end":{"line":124,"column":60}},{"start":{"line":124,"column":64},"end":{"line":124,"column":65}}],"line":124},"26":{"loc":{"start":{"line":124,"column":70},"end":{"line":124,"column":87}},"type":"cond-expr","locations":[{"start":{"line":124,"column":82},"end":{"line":124,"column":83}},{"start":{"line":124,"column":86},"end":{"line":124,"column":87}}],"line":124},"27":{"loc":{"start":{"line":125,"column":36},"end":{"line":125,"column":69}},"type":"binary-expr","locations":[{"start":{"line":125,"column":36},"end":{"line":125,"column":64}},{"start":{"line":125,"column":68},"end":{"line":125,"column":69}}],"line":125},"28":{"loc":{"start":{"line":125,"column":74},"end":{"line":125,"column":91}},"type":"cond-expr","locations":[{"start":{"line":125,"column":86},"end":{"line":125,"column":87}},{"start":{"line":125,"column":90},"end":{"line":125,"column":91}}],"line":125},"29":{"loc":{"start":{"line":126,"column":31},"end":{"line":126,"column":59}},"type":"binary-expr","locations":[{"start":{"line":126,"column":31},"end":{"line":126,"column":54}},{"start":{"line":126,"column":58},"end":{"line":126,"column":59}}],"line":126},"30":{"loc":{"start":{"line":128,"column":6},"end":{"line":128,"column":43}},"type":"binary-expr","locations":[{"start":{"line":128,"column":6},"end":{"line":128,"column":31}},{"start":{"line":128,"column":35},"end":{"line":128,"column":43}}],"line":128},"31":{"loc":{"start":{"line":129,"column":6},"end":{"line":129,"column":30}},"type":"binary-expr","locations":[{"start":{"line":129,"column":6},"end":{"line":129,"column":18}},{"start":{"line":129,"column":22},"end":{"line":129,"column":30}}],"line":129},"32":{"loc":{"start":{"line":141,"column":19},"end":{"line":141,"column":46}},"type":"cond-expr","locations":[{"start":{"line":141,"column":30},"end":{"line":141,"column":32}},{"start":{"line":141,"column":35},"end":{"line":141,"column":46}}],"line":141},"33":{"loc":{"start":{"line":142,"column":17},"end":{"line":142,"column":40}},"type":"binary-expr","locations":[{"start":{"line":142,"column":17},"end":{"line":142,"column":26}},{"start":{"line":142,"column":30},"end":{"line":142,"column":40}}],"line":142},"34":{"loc":{"start":{"line":143,"column":20},"end":{"line":143,"column":40}},"type":"binary-expr","locations":[{"start":{"line":143,"column":20},"end":{"line":143,"column":32}},{"start":{"line":143,"column":36},"end":{"line":143,"column":40}}],"line":143},"35":{"loc":{"start":{"line":144,"column":16},"end":{"line":144,"column":33}},"type":"binary-expr","locations":[{"start":{"line":144,"column":16},"end":{"line":144,"column":24}},{"start":{"line":144,"column":28},"end":{"line":144,"column":33}}],"line":144},"36":{"loc":{"start":{"line":173,"column":4},"end":{"line":175,"column":5}},"type":"if","locations":[{"start":{"line":173,"column":4},"end":{"line":175,"column":5}},{"start":{},"end":{}}],"line":173},"37":{"loc":{"start":{"line":179,"column":4},"end":{"line":181,"column":5}},"type":"if","locations":[{"start":{"line":179,"column":4},"end":{"line":181,"column":5}},{"start":{},"end":{}}],"line":179},"38":{"loc":{"start":{"line":185,"column":4},"end":{"line":187,"column":5}},"type":"if","locations":[{"start":{"line":185,"column":4},"end":{"line":187,"column":5}},{"start":{},"end":{}}],"line":185},"39":{"loc":{"start":{"line":190,"column":4},"end":{"line":192,"column":5}},"type":"if","locations":[{"start":{"line":190,"column":4},"end":{"line":192,"column":5}},{"start":{},"end":{}}],"line":190},"40":{"loc":{"start":{"line":196,"column":4},"end":{"line":198,"column":5}},"type":"if","locations":[{"start":{"line":196,"column":4},"end":{"line":198,"column":5}},{"start":{},"end":{}}],"line":196},"41":{"loc":{"start":{"line":218,"column":6},"end":{"line":222,"column":7}},"type":"if","locations":[{"start":{"line":218,"column":6},"end":{"line":222,"column":7}},{"start":{},"end":{}}],"line":218},"42":{"loc":{"start":{"line":218,"column":10},"end":{"line":218,"column":94}},"type":"binary-expr","locations":[{"start":{"line":218,"column":10},"end":{"line":218,"column":26}},{"start":{"line":218,"column":30},"end":{"line":218,"column":49}},{"start":{"line":218,"column":53},"end":{"line":218,"column":94}}],"line":218},"43":{"loc":{"start":{"line":243,"column":19},"end":{"line":243,"column":45}},"type":"binary-expr","locations":[{"start":{"line":243,"column":19},"end":{"line":243,"column":39}},{"start":{"line":243,"column":43},"end":{"line":243,"column":45}}],"line":243},"44":{"loc":{"start":{"line":245,"column":27},"end":{"line":245,"column":88}},"type":"cond-expr","locations":[{"start":{"line":245,"column":62},"end":{"line":245,"column":81}},{"start":{"line":245,"column":84},"end":{"line":245,"column":88}}],"line":245},"45":{"loc":{"start":{"line":254,"column":19},"end":{"line":254,"column":45}},"type":"binary-expr","locations":[{"start":{"line":254,"column":19},"end":{"line":254,"column":39}},{"start":{"line":254,"column":43},"end":{"line":254,"column":45}}],"line":254},"46":{"loc":{"start":{"line":256,"column":27},"end":{"line":256,"column":88}},"type":"cond-expr","locations":[{"start":{"line":256,"column":62},"end":{"line":256,"column":81}},{"start":{"line":256,"column":84},"end":{"line":256,"column":88}}],"line":256},"47":{"loc":{"start":{"line":288,"column":4},"end":{"line":290,"column":5}},"type":"if","locations":[{"start":{"line":288,"column":4},"end":{"line":290,"column":5}},{"start":{},"end":{}}],"line":288},"48":{"loc":{"start":{"line":294,"column":4},"end":{"line":296,"column":5}},"type":"if","locations":[{"start":{"line":294,"column":4},"end":{"line":296,"column":5}},{"start":{},"end":{}}],"line":294},"49":{"loc":{"start":{"line":300,"column":4},"end":{"line":302,"column":5}},"type":"if","locations":[{"start":{"line":300,"column":4},"end":{"line":302,"column":5}},{"start":{},"end":{}}],"line":300},"50":{"loc":{"start":{"line":300,"column":8},"end":{"line":300,"column":70}},"type":"binary-expr","locations":[{"start":{"line":300,"column":8},"end":{"line":300,"column":21}},{"start":{"line":300,"column":25},"end":{"line":300,"column":70}}],"line":300},"51":{"loc":{"start":{"line":308,"column":13},"end":{"line":309,"column":55}},"type":"binary-expr","locations":[{"start":{"line":308,"column":13},"end":{"line":308,"column":65}},{"start":{"line":309,"column":13},"end":{"line":309,"column":55}}],"line":308}},"s":{"0":5,"1":5,"2":0,"3":0,"4":0,"5":0,"6":0,"7":0,"8":0,"9":0,"10":0,"11":0,"12":0,"13":0,"14":0,"15":0,"16":0,"17":0,"18":0,"19":0,"20":0,"21":0,"22":0,"23":0,"24":0,"25":0,"26":0,"27":0,"28":0,"29":0,"30":0,"31":0,"32":0,"33":0,"34":0,"35":0,"36":0,"37":0,"38":0,"39":0,"40":0,"41":0,"42":0,"43":0,"44":0,"45":0,"46":0,"47":0,"48":0,"49":0,"50":0,"51":0,"52":0,"53":0,"54":0,"55":0,"56":0,"57":0,"58":0,"59":0,"60":0,"61":0,"62":0,"63":0,"64":0,"65":0,"66":0,"67":0,"68":0,"69":0,"70":0,"71":0,"72":0,"73":0,"74":0,"75":0,"76":0,"77":0,"78":0,"79":0,"80":0,"81":0,"82":0,"83":0,"84":0,"85":0,"86":0,"87":0,"88":0,"89":0,"90":0,"91":0,"92":0,"93":0,"94":0,"95":0,"96":0,"97":0,"98":0,"99":0,"100":0,"101":0,"102":0,"103":0,"104":0,"105":0,"106":0,"107":0,"108":0,"109":0,"110":0,"111":0,"112":0,"113":0,"114":0,"115":0,"116":0,"117":0,"118":0,"119":0,"120":0,"121":0,"122":0,"123":0,"124":5},"f":{"0":0,"1":0,"2":0,"3":0,"4":0,"5":0,"6":0,"7":0,"8":0,"9":0,"10":0,"11":0,"12":0,"13":0,"14":0,"15":0,"16":0},"b":{"0":[0,0],"1":[0,0],"2":[0,0],"3":[0,0],"4":[0,0],"5":[0,0],"6":[0,0],"7":[0,0],"8":[0,0],"9":[0,0],"10":[0,0],"11":[0,0],"12":[0,0],"13":[0,0],"14":[0,0],"15":[0,0],"16":[0,0],"17":[0,0],"18":[0,0],"19":[0,0],"20":[0,0],"21":[0,0],"22":[0,0],"23":[0,0],"24":[0,0],"25":[0,0],"26":[0,0],"27":[0,0],"28":[0,0],"29":[0,0],"30":[0,0],"31":[0,0],"32":[0,0],"33":[0,0],"34":[0,0],"35":[0,0],"36":[0,0],"37":[0,0],"38":[0,0],"39":[0,0],"40":[0,0],"41":[0,0],"42":[0,0,0],"43":[0,0],"44":[0,0],"45":[0,0],"46":[0,0],"47":[0,0],"48":[0,0],"49":[0,0],"50":[0,0],"51":[0,0]},"_coverageSchema":"1a1c01bbd47fc00a2c39e90264f33305004495a9","hash":"66b2ef7f814c70cd8da06465177aea89af5eba61"}
,"/home/shwan/Old Quiz Game Attempts/quizgame/server/services/hostEventHandlers.js": {"path":"/home/shwan/Old Quiz Game Attempts/quizgame/server/services/hostEventHandlers.js","statementMap":{"0":{"start":{"line":5,"column":42},"end":{"line":5,"column":62}},"1":{"start":{"line":8,"column":23},"end":{"line":8,"column":32}},"2":{"start":{"line":9,"column":20},"end":{"line":9,"column":29}},"3":{"start":{"line":17,"column":2},"end":{"line":93,"column":3}},"4":{"start":{"line":18,"column":26},"end":{"line":18,"column":46}},"5":{"start":{"line":19,"column":21},"end":{"line":19,"column":36}},"6":{"start":{"line":21,"column":4},"end":{"line":23,"column":5}},"7":{"start":{"line":22,"column":6},"end":{"line":22,"column":78}},"8":{"start":{"line":26,"column":24},"end":{"line":26,"column":65}},"9":{"start":{"line":27,"column":4},"end":{"line":29,"column":5}},"10":{"start":{"line":28,"column":6},"end":{"line":28,"column":73}},"11":{"start":{"line":32,"column":4},"end":{"line":34,"column":5}},"12":{"start":{"line":33,"column":6},"end":{"line":33,"column":83}},"13":{"start":{"line":37,"column":4},"end":{"line":42,"column":5}},"14":{"start":{"line":38,"column":6},"end":{"line":41,"column":9}},"15":{"start":{"line":45,"column":4},"end":{"line":45,"column":34}},"16":{"start":{"line":46,"column":4},"end":{"line":46,"column":39}},"17":{"start":{"line":47,"column":4},"end":{"line":47,"column":43}},"18":{"start":{"line":50,"column":4},"end":{"line":54,"column":5}},"19":{"start":{"line":51,"column":6},"end":{"line":51,"column":51}},"20":{"start":{"line":52,"column":11},"end":{"line":54,"column":5}},"21":{"start":{"line":53,"column":6},"end":{"line":53,"column":35}},"22":{"start":{"line":57,"column":4},"end":{"line":59,"column":5}},"23":{"start":{"line":58,"column":6},"end":{"line":58,"column":52}},"24":{"start":{"line":61,"column":4},"end":{"line":61,"column":29}},"25":{"start":{"line":64,"column":4},"end":{"line":64,"column":115}},"26":{"start":{"line":67,"column":4},"end":{"line":75,"column":7}},"27":{"start":{"line":78,"column":4},"end":{"line":86,"column":7}},"28":{"start":{"line":88,"column":4},"end":{"line":88,"column":59}},"29":{"start":{"line":89,"column":4},"end":{"line":92,"column":7}},"30":{"start":{"line":102,"column":2},"end":{"line":288,"column":3}},"31":{"start":{"line":103,"column":26},"end":{"line":103,"column":46}},"32":{"start":{"line":104,"column":21},"end":{"line":104,"column":36}},"33":{"start":{"line":105,"column":28},"end":{"line":105,"column":50}},"34":{"start":{"line":107,"column":4},"end":{"line":109,"column":5}},"35":{"start":{"line":108,"column":6},"end":{"line":108,"column":78}},"36":{"start":{"line":112,"column":24},"end":{"line":112,"column":65}},"37":{"start":{"line":113,"column":4},"end":{"line":115,"column":5}},"38":{"start":{"line":114,"column":6},"end":{"line":114,"column":73}},"39":{"start":{"line":118,"column":4},"end":{"line":120,"column":5}},"40":{"start":{"line":119,"column":6},"end":{"line":119,"column":85}},"41":{"start":{"line":123,"column":4},"end":{"line":128,"column":5}},"42":{"start":{"line":124,"column":6},"end":{"line":127,"column":9}},"43":{"start":{"line":132,"column":4},"end":{"line":177,"column":5}},"44":{"start":{"line":133,"column":6},"end":{"line":133,"column":58}},"45":{"start":{"line":134,"column":6},"end":{"line":136,"column":7}},"46":{"start":{"line":135,"column":8},"end":{"line":135,"column":71}},"47":{"start":{"line":139,"column":27},"end":{"line":139,"column":56}},"48":{"start":{"line":140,"column":31},"end":{"line":140,"column":73}},"49":{"start":{"line":143,"column":30},"end":{"line":145,"column":31}},"50":{"start":{"line":144,"column":26},"end":{"line":144,"column":41}},"51":{"start":{"line":145,"column":18},"end":{"line":145,"column":30}},"52":{"start":{"line":148,"column":28},"end":{"line":151,"column":7}},"53":{"start":{"line":154,"column":6},"end":{"line":156,"column":7}},"54":{"start":{"line":155,"column":8},"end":{"line":155,"column":51}},"55":{"start":{"line":159,"column":6},"end":{"line":161,"column":7}},"56":{"start":{"line":160,"column":8},"end":{"line":160,"column":47}},"57":{"start":{"line":163,"column":6},"end":{"line":163,"column":55}},"58":{"start":{"line":165,"column":6},"end":{"line":176,"column":7}},"59":{"start":{"line":167,"column":8},"end":{"line":167,"column":39}},"60":{"start":{"line":168,"column":8},"end":{"line":168,"column":57}},"61":{"start":{"line":170,"column":8},"end":{"line":175,"column":9}},"62":{"start":{"line":171,"column":10},"end":{"line":174,"column":13}},"63":{"start":{"line":180,"column":30},"end":{"line":180,"column":40}},"64":{"start":{"line":181,"column":22},"end":{"line":181,"column":64}},"65":{"start":{"line":184,"column":4},"end":{"line":186,"column":5}},"66":{"start":{"line":185,"column":6},"end":{"line":185,"column":30}},"67":{"start":{"line":189,"column":30},"end":{"line":189,"column":107}},"68":{"start":{"line":189,"column":64},"end":{"line":189,"column":106}},"69":{"start":{"line":191,"column":4},"end":{"line":217,"column":5}},"70":{"start":{"line":193,"column":6},"end":{"line":202,"column":9}},"71":{"start":{"line":206,"column":6},"end":{"line":208,"column":9}},"72":{"start":{"line":207,"column":8},"end":{"line":207,"column":25}},"73":{"start":{"line":211,"column":6},"end":{"line":216,"column":9}},"74":{"start":{"line":219,"column":4},"end":{"line":219,"column":43}},"75":{"start":{"line":220,"column":4},"end":{"line":220,"column":29}},"76":{"start":{"line":223,"column":25},"end":{"line":232,"column":5}},"77":{"start":{"line":236,"column":28},"end":{"line":236,"column":63}},"78":{"start":{"line":237,"column":4},"end":{"line":242,"column":7}},"79":{"start":{"line":243,"column":4},"end":{"line":243,"column":45}},"80":{"start":{"line":246,"column":4},"end":{"line":248,"column":5}},"81":{"start":{"line":247,"column":6},"end":{"line":247,"column":56}},"82":{"start":{"line":251,"column":20},"end":{"line":266,"column":24}},"83":{"start":{"line":253,"column":6},"end":{"line":256,"column":9}},"84":{"start":{"line":259,"column":30},"end":{"line":259,"column":65}},"85":{"start":{"line":260,"column":6},"end":{"line":260,"column":46}},"86":{"start":{"line":261,"column":6},"end":{"line":261,"column":47}},"87":{"start":{"line":264,"column":6},"end":{"line":264,"column":45}},"88":{"start":{"line":269,"column":4},"end":{"line":269,"column":49}},"89":{"start":{"line":272,"column":4},"end":{"line":272,"column":67}},"90":{"start":{"line":275,"column":4},"end":{"line":279,"column":7}},"91":{"start":{"line":281,"column":4},"end":{"line":281,"column":96}},"92":{"start":{"line":283,"column":4},"end":{"line":283,"column":62}},"93":{"start":{"line":284,"column":4},"end":{"line":287,"column":7}},"94":{"start":{"line":300,"column":2},"end":{"line":302,"column":3}},"95":{"start":{"line":301,"column":4},"end":{"line":301,"column":82}},"96":{"start":{"line":305,"column":2},"end":{"line":319,"column":3}},"97":{"start":{"line":307,"column":4},"end":{"line":307,"column":65}},"98":{"start":{"line":307,"column":52},"end":{"line":307,"column":65}},"99":{"start":{"line":310,"column":23},"end":{"line":310,"column":45}},"100":{"start":{"line":311,"column":26},"end":{"line":311,"column":51}},"101":{"start":{"line":313,"column":4},"end":{"line":318,"column":7}},"102":{"start":{"line":314,"column":6},"end":{"line":316,"column":7}},"103":{"start":{"line":315,"column":8},"end":{"line":315,"column":84}},"104":{"start":{"line":317,"column":6},"end":{"line":317,"column":40}},"105":{"start":{"line":322,"column":2},"end":{"line":322,"column":38}},"106":{"start":{"line":331,"column":2},"end":{"line":549,"column":3}},"107":{"start":{"line":332,"column":26},"end":{"line":332,"column":46}},"108":{"start":{"line":333,"column":21},"end":{"line":333,"column":36}},"109":{"start":{"line":334,"column":28},"end":{"line":334,"column":50}},"110":{"start":{"line":336,"column":4},"end":{"line":338,"column":5}},"111":{"start":{"line":337,"column":6},"end":{"line":337,"column":78}},"112":{"start":{"line":340,"column":27},"end":{"line":340,"column":31}},"113":{"start":{"line":341,"column":4},"end":{"line":343,"column":5}},"114":{"start":{"line":342,"column":6},"end":{"line":342,"column":71}},"115":{"start":{"line":346,"column":24},"end":{"line":346,"column":65}},"116":{"start":{"line":347,"column":4},"end":{"line":349,"column":5}},"117":{"start":{"line":348,"column":6},"end":{"line":348,"column":73}},"118":{"start":{"line":352,"column":4},"end":{"line":354,"column":5}},"119":{"start":{"line":353,"column":6},"end":{"line":353,"column":82}},"120":{"start":{"line":357,"column":4},"end":{"line":362,"column":5}},"121":{"start":{"line":358,"column":6},"end":{"line":361,"column":9}},"122":{"start":{"line":365,"column":30},"end":{"line":365,"column":107}},"123":{"start":{"line":365,"column":64},"end":{"line":365,"column":106}},"124":{"start":{"line":366,"column":4},"end":{"line":368,"column":5}},"125":{"start":{"line":367,"column":6},"end":{"line":367,"column":74}},"126":{"start":{"line":370,"column":25},"end":{"line":370,"column":62}},"127":{"start":{"line":371,"column":26},"end":{"line":373,"column":5}},"128":{"start":{"line":372,"column":6},"end":{"line":372,"column":56}},"129":{"start":{"line":375,"column":4},"end":{"line":377,"column":5}},"130":{"start":{"line":376,"column":6},"end":{"line":376,"column":76}},"131":{"start":{"line":380,"column":21},"end":{"line":380,"column":56}},"132":{"start":{"line":381,"column":4},"end":{"line":383,"column":5}},"133":{"start":{"line":382,"column":6},"end":{"line":382,"column":81}},"134":{"start":{"line":386,"column":4},"end":{"line":386,"column":57}},"135":{"start":{"line":387,"column":4},"end":{"line":387,"column":63}},"136":{"start":{"line":390,"column":29},"end":{"line":390,"column":62}},"137":{"start":{"line":391,"column":22},"end":{"line":391,"column":56}},"138":{"start":{"line":392,"column":28},"end":{"line":392,"column":72}},"139":{"start":{"line":395,"column":26},"end":{"line":395,"column":28}},"140":{"start":{"line":396,"column":22},"end":{"line":396,"column":58}},"141":{"start":{"line":399,"column":4},"end":{"line":475,"column":5}},"142":{"start":{"line":401,"column":26},"end":{"line":403,"column":7}},"143":{"start":{"line":402,"column":8},"end":{"line":402,"column":42}},"144":{"start":{"line":405,"column":6},"end":{"line":405,"column":39}},"145":{"start":{"line":405,"column":30},"end":{"line":405,"column":39}},"146":{"start":{"line":407,"column":21},"end":{"line":407,"column":53}},"147":{"start":{"line":408,"column":24},"end":{"line":408,"column":82}},"148":{"start":{"line":409,"column":25},"end":{"line":409,"column":26}},"149":{"start":{"line":412,"column":6},"end":{"line":461,"column":7}},"150":{"start":{"line":413,"column":8},"end":{"line":452,"column":9}},"151":{"start":{"line":416,"column":12},"end":{"line":416,"column":53}},"152":{"start":{"line":417,"column":12},"end":{"line":417,"column":18}},"153":{"start":{"line":421,"column":30},"end":{"line":421,"column":55}},"154":{"start":{"line":422,"column":30},"end":{"line":422,"column":54}},"155":{"start":{"line":423,"column":33},"end":{"line":423,"column":76}},"156":{"start":{"line":424,"column":30},"end":{"line":424,"column":82}},"157":{"start":{"line":425,"column":12},"end":{"line":425,"column":61}},"158":{"start":{"line":426,"column":12},"end":{"line":426,"column":18}},"159":{"start":{"line":430,"column":32},"end":{"line":430,"column":63}},"160":{"start":{"line":431,"column":26},"end":{"line":431,"column":64}},"161":{"start":{"line":432,"column":35},"end":{"line":432,"column":90}},"162":{"start":{"line":432,"column":59},"end":{"line":432,"column":85}},"163":{"start":{"line":434,"column":12},"end":{"line":436,"column":13}},"164":{"start":{"line":435,"column":14},"end":{"line":435,"column":55}},"165":{"start":{"line":437,"column":12},"end":{"line":437,"column":18}},"166":{"start":{"line":441,"column":33},"end":{"line":442,"column":82}},"167":{"start":{"line":444,"column":12},"end":{"line":446,"column":54}},"168":{"start":{"line":447,"column":12},"end":{"line":447,"column":18}},"169":{"start":{"line":451,"column":12},"end":{"line":451,"column":53}},"170":{"start":{"line":455,"column":8},"end":{"line":460,"column":9}},"171":{"start":{"line":457,"column":10},"end":{"line":457,"column":28}},"172":{"start":{"line":459,"column":10},"end":{"line":459,"column":27}},"173":{"start":{"line":464,"column":6},"end":{"line":464,"column":35}},"174":{"start":{"line":467,"column":6},"end":{"line":474,"column":9}},"175":{"start":{"line":478,"column":4},"end":{"line":478,"column":43}},"176":{"start":{"line":479,"column":4},"end":{"line":479,"column":29}},"177":{"start":{"line":482,"column":4},"end":{"line":485,"column":5}},"178":{"start":{"line":483,"column":6},"end":{"line":483,"column":56}},"179":{"start":{"line":484,"column":6},"end":{"line":484,"column":45}},"180":{"start":{"line":488,"column":28},"end":{"line":488,"column":63}},"181":{"start":{"line":489,"column":4},"end":{"line":489,"column":44}},"182":{"start":{"line":490,"column":4},"end":{"line":490,"column":45}},"183":{"start":{"line":493,"column":24},"end":{"line":493,"column":55}},"184":{"start":{"line":494,"column":4},"end":{"line":494,"column":40}},"185":{"start":{"line":495,"column":4},"end":{"line":495,"column":37}},"186":{"start":{"line":498,"column":4},"end":{"line":498,"column":62}},"187":{"start":{"line":498,"column":33},"end":{"line":498,"column":60}},"188":{"start":{"line":501,"column":28},"end":{"line":512,"column":5}},"189":{"start":{"line":507,"column":57},"end":{"line":511,"column":7}},"190":{"start":{"line":515,"column":4},"end":{"line":515,"column":68}},"191":{"start":{"line":516,"column":4},"end":{"line":516,"column":29}},"192":{"start":{"line":519,"column":4},"end":{"line":529,"column":7}},"193":{"start":{"line":521,"column":50},"end":{"line":526,"column":7}},"194":{"start":{"line":532,"column":4},"end":{"line":540,"column":7}},"195":{"start":{"line":542,"column":4},"end":{"line":542,"column":75}},"196":{"start":{"line":544,"column":4},"end":{"line":544,"column":61}},"197":{"start":{"line":545,"column":4},"end":{"line":548,"column":7}},"198":{"start":{"line":558,"column":2},"end":{"line":639,"column":3}},"199":{"start":{"line":559,"column":26},"end":{"line":559,"column":46}},"200":{"start":{"line":560,"column":21},"end":{"line":560,"column":36}},"201":{"start":{"line":561,"column":28},"end":{"line":561,"column":50}},"202":{"start":{"line":563,"column":4},"end":{"line":565,"column":5}},"203":{"start":{"line":564,"column":6},"end":{"line":564,"column":78}},"204":{"start":{"line":568,"column":24},"end":{"line":568,"column":65}},"205":{"start":{"line":569,"column":4},"end":{"line":571,"column":5}},"206":{"start":{"line":570,"column":6},"end":{"line":570,"column":73}},"207":{"start":{"line":574,"column":4},"end":{"line":576,"column":5}},"208":{"start":{"line":575,"column":6},"end":{"line":575,"column":83}},"209":{"start":{"line":579,"column":4},"end":{"line":584,"column":5}},"210":{"start":{"line":580,"column":6},"end":{"line":583,"column":9}},"211":{"start":{"line":587,"column":4},"end":{"line":587,"column":34}},"212":{"start":{"line":588,"column":4},"end":{"line":588,"column":38}},"213":{"start":{"line":589,"column":4},"end":{"line":589,"column":68}},"214":{"start":{"line":590,"column":4},"end":{"line":590,"column":43}},"215":{"start":{"line":591,"column":4},"end":{"line":591,"column":29}},"216":{"start":{"line":594,"column":4},"end":{"line":609,"column":5}},"217":{"start":{"line":595,"column":6},"end":{"line":595,"column":56}},"218":{"start":{"line":598,"column":30},"end":{"line":598,"column":65}},"219":{"start":{"line":599,"column":30},"end":{"line":599,"column":66}},"220":{"start":{"line":601,"column":6},"end":{"line":608,"column":7}},"221":{"start":{"line":602,"column":8},"end":{"line":602,"column":46}},"222":{"start":{"line":603,"column":8},"end":{"line":604,"column":61}},"223":{"start":{"line":606,"column":8},"end":{"line":606,"column":62}},"224":{"start":{"line":607,"column":8},"end":{"line":607,"column":49}},"225":{"start":{"line":612,"column":4},"end":{"line":614,"column":5}},"226":{"start":{"line":613,"column":6},"end":{"line":613,"column":53}},"227":{"start":{"line":617,"column":4},"end":{"line":622,"column":7}},"228":{"start":{"line":625,"column":4},"end":{"line":630,"column":7}},"229":{"start":{"line":632,"column":4},"end":{"line":632,"column":98}},"230":{"start":{"line":634,"column":4},"end":{"line":634,"column":59}},"231":{"start":{"line":635,"column":4},"end":{"line":638,"column":7}},"232":{"start":{"line":648,"column":2},"end":{"line":762,"column":3}},"233":{"start":{"line":649,"column":26},"end":{"line":649,"column":46}},"234":{"start":{"line":650,"column":21},"end":{"line":650,"column":36}},"235":{"start":{"line":651,"column":28},"end":{"line":651,"column":50}},"236":{"start":{"line":653,"column":4},"end":{"line":655,"column":5}},"237":{"start":{"line":654,"column":6},"end":{"line":654,"column":78}},"238":{"start":{"line":658,"column":24},"end":{"line":658,"column":65}},"239":{"start":{"line":659,"column":4},"end":{"line":661,"column":5}},"240":{"start":{"line":660,"column":6},"end":{"line":660,"column":73}},"241":{"start":{"line":664,"column":4},"end":{"line":666,"column":5}},"242":{"start":{"line":665,"column":6},"end":{"line":665,"column":84}},"243":{"start":{"line":669,"column":4},"end":{"line":674,"column":5}},"244":{"start":{"line":670,"column":6},"end":{"line":673,"column":9}},"245":{"start":{"line":677,"column":22},"end":{"line":677,"column":32}},"246":{"start":{"line":678,"column":26},"end":{"line":679,"column":42}},"247":{"start":{"line":682,"column":4},"end":{"line":682,"column":34}},"248":{"start":{"line":683,"column":4},"end":{"line":683,"column":32}},"249":{"start":{"line":684,"column":4},"end":{"line":684,"column":42}},"250":{"start":{"line":685,"column":4},"end":{"line":685,"column":29}},"251":{"start":{"line":688,"column":28},"end":{"line":688,"column":63}},"252":{"start":{"line":689,"column":28},"end":{"line":689,"column":64}},"253":{"start":{"line":691,"column":4},"end":{"line":727,"column":5}},"254":{"start":{"line":693,"column":6},"end":{"line":726,"column":7}},"255":{"start":{"line":694,"column":8},"end":{"line":696,"column":10}},"256":{"start":{"line":699,"column":29},"end":{"line":699,"column":76}},"257":{"start":{"line":702,"column":24},"end":{"line":716,"column":41}},"258":{"start":{"line":704,"column":10},"end":{"line":707,"column":13}},"259":{"start":{"line":710,"column":10},"end":{"line":710,"column":50}},"260":{"start":{"line":711,"column":10},"end":{"line":711,"column":51}},"261":{"start":{"line":714,"column":10},"end":{"line":714,"column":49}},"262":{"start":{"line":719,"column":8},"end":{"line":719,"column":53}},"263":{"start":{"line":722,"column":8},"end":{"line":722,"column":40}},"264":{"start":{"line":723,"column":8},"end":{"line":723,"column":45}},"265":{"start":{"line":724,"column":8},"end":{"line":724,"column":62}},"266":{"start":{"line":725,"column":8},"end":{"line":725,"column":49}},"267":{"start":{"line":730,"column":4},"end":{"line":740,"column":7}},"268":{"start":{"line":743,"column":4},"end":{"line":753,"column":7}},"269":{"start":{"line":755,"column":4},"end":{"line":755,"column":102}},"270":{"start":{"line":757,"column":4},"end":{"line":757,"column":60}},"271":{"start":{"line":758,"column":4},"end":{"line":761,"column":7}},"272":{"start":{"line":771,"column":2},"end":{"line":898,"column":3}},"273":{"start":{"line":772,"column":26},"end":{"line":772,"column":46}},"274":{"start":{"line":773,"column":21},"end":{"line":773,"column":36}},"275":{"start":{"line":774,"column":28},"end":{"line":774,"column":50}},"276":{"start":{"line":776,"column":4},"end":{"line":778,"column":5}},"277":{"start":{"line":777,"column":6},"end":{"line":777,"column":78}},"278":{"start":{"line":781,"column":24},"end":{"line":781,"column":65}},"279":{"start":{"line":782,"column":4},"end":{"line":784,"column":5}},"280":{"start":{"line":783,"column":6},"end":{"line":783,"column":73}},"281":{"start":{"line":787,"column":4},"end":{"line":789,"column":5}},"282":{"start":{"line":788,"column":6},"end":{"line":788,"column":81}},"283":{"start":{"line":792,"column":4},"end":{"line":797,"column":5}},"284":{"start":{"line":793,"column":6},"end":{"line":796,"column":9}},"285":{"start":{"line":799,"column":20},"end":{"line":799,"column":30}},"286":{"start":{"line":802,"column":25},"end":{"line":808,"column":40}},"287":{"start":{"line":803,"column":17},"end":{"line":807,"column":7}},"288":{"start":{"line":808,"column":22},"end":{"line":808,"column":39}},"289":{"start":{"line":811,"column":21},"end":{"line":811,"column":72}},"290":{"start":{"line":812,"column":20},"end":{"line":814,"column":27}},"291":{"start":{"line":813,"column":19},"end":{"line":813,"column":39}},"292":{"start":{"line":814,"column":16},"end":{"line":814,"column":26}},"293":{"start":{"line":817,"column":24},"end":{"line":824,"column":5}},"294":{"start":{"line":827,"column":4},"end":{"line":845,"column":5}},"295":{"start":{"line":828,"column":30},"end":{"line":828,"column":50}},"296":{"start":{"line":829,"column":6},"end":{"line":841,"column":9}},"297":{"start":{"line":834,"column":47},"end":{"line":838,"column":9}},"298":{"start":{"line":843,"column":6},"end":{"line":843,"column":64}},"299":{"start":{"line":848,"column":4},"end":{"line":848,"column":37}},"300":{"start":{"line":849,"column":4},"end":{"line":849,"column":34}},"301":{"start":{"line":850,"column":4},"end":{"line":850,"column":40}},"302":{"start":{"line":851,"column":4},"end":{"line":851,"column":38}},"303":{"start":{"line":852,"column":4},"end":{"line":852,"column":29}},"304":{"start":{"line":855,"column":4},"end":{"line":858,"column":5}},"305":{"start":{"line":856,"column":6},"end":{"line":856,"column":56}},"306":{"start":{"line":857,"column":6},"end":{"line":857,"column":45}},"307":{"start":{"line":860,"column":4},"end":{"line":863,"column":5}},"308":{"start":{"line":861,"column":6},"end":{"line":861,"column":53}},"309":{"start":{"line":862,"column":6},"end":{"line":862,"column":42}},"310":{"start":{"line":866,"column":28},"end":{"line":866,"column":63}},"311":{"start":{"line":867,"column":4},"end":{"line":867,"column":44}},"312":{"start":{"line":868,"column":4},"end":{"line":868,"column":45}},"313":{"start":{"line":871,"column":24},"end":{"line":871,"column":55}},"314":{"start":{"line":872,"column":4},"end":{"line":872,"column":40}},"315":{"start":{"line":873,"column":4},"end":{"line":873,"column":37}},"316":{"start":{"line":876,"column":4},"end":{"line":881,"column":7}},"317":{"start":{"line":884,"column":4},"end":{"line":889,"column":7}},"318":{"start":{"line":891,"column":4},"end":{"line":891,"column":69}},"319":{"start":{"line":893,"column":4},"end":{"line":893,"column":57}},"320":{"start":{"line":894,"column":4},"end":{"line":897,"column":7}},"321":{"start":{"line":901,"column":0},"end":{"line":911,"column":2}}},"fnMap":{"0":{"name":"handleStartGame","decl":{"start":{"line":16,"column":15},"end":{"line":16,"column":30}},"loc":{"start":{"line":16,"column":45},"end":{"line":94,"column":1}},"line":16},"1":{"name":"handleNextQuestion","decl":{"start":{"line":101,"column":15},"end":{"line":101,"column":33}},"loc":{"start":{"line":101,"column":48},"end":{"line":289,"column":1}},"line":101},"2":{"name":"(anonymous_2)","decl":{"start":{"line":144,"column":17},"end":{"line":144,"column":18}},
[...]
":1622,"column":5}},"type":"if","locations":[{"start":{"line":1620,"column":4},"end":{"line":1622,"column":5}},{"start":{},"end":{}}],"line":1620},"135":{"loc":{"start":{"line":1620,"column":8},"end":{"line":1620,"column":42}},"type":"binary-expr","locations":[{"start":{"line":1620,"column":8},"end":{"line":1620,"column":25}},{"start":{"line":1620,"column":29},"end":{"line":1620,"column":42}}],"line":1620},"136":{"loc":{"start":{"line":1665,"column":4},"end":{"line":1667,"column":5}},"type":"if","locations":[{"start":{"line":1665,"column":4},"end":{"line":1667,"column":5}},{"start":{},"end":{}}],"line":1665},"137":{"loc":{"start":{"line":1695,"column":4},"end":{"line":1697,"column":5}},"type":"if","locations":[{"start":{"line":1695,"column":4},"end":{"line":1697,"column":5}},{"start":{},"end":{}}],"line":1695},"138":{"loc":{"start":{"line":1695,"column":8},"end":{"line":1695,"column":42}},"type":"binary-expr","locations":[{"start":{"line":1695,"column":8},"end":{"line":1695,"column":24}},{"start":{"line":1695,"column":28},"end":{"line":1695,"column":42}}],"line":1695},"139":{"loc":{"start":{"line":1699,"column":4},"end":{"line":1701,"column":5}},"type":"if","locations":[{"start":{"line":1699,"column":4},"end":{"line":1701,"column":5}},{"start":{},"end":{}}],"line":1699},"140":{"loc":{"start":{"line":1705,"column":4},"end":{"line":1707,"column":5}},"type":"if","locations":[{"start":{"line":1705,"column":4},"end":{"line":1707,"column":5}},{"start":{},"end":{}}],"line":1705},"141":{"loc":{"start":{"line":1714,"column":4},"end":{"line":1716,"column":5}},"type":"if","locations":[{"start":{"line":1714,"column":4},"end":{"line":1716,"column":5}},{"start":{},"end":{}}],"line":1714},"142":{"loc":{"start":{"line":1719,"column":23},"end":{"line":1719,"column":62}},"type":"cond-expr","locations":[{"start":{"line":1719,"column":32},"end":{"line":1719,"column":43}},{"start":{"line":1719,"column":46},"end":{"line":1719,"column":62}}],"line":1719},"143":{"loc":{"start":{"line":1720,"column":24},"end":{"line":1720,"column":46}},"type":"binary-expr","locations":[{"start":{"line":1720,"column":24},"end":{"line":1720,"column":36}},{"start":{"line":1720,"column":40},"end":{"line":1720,"column":46}}],"line":1720},"144":{"loc":{"start":{"line":1723,"column":4},"end":{"line":1753,"column":5}},"type":"if","locations":[{"start":{"line":1723,"column":4},"end":{"line":1753,"column":5}},{"start":{"line":1745,"column":11},"end":{"line":1753,"column":5}}],"line":1723},"145":{"loc":{"start":{"line":1728,"column":6},"end":{"line":1744,"column":7}},"type":"if","locations":[{"start":{"line":1728,"column":6},"end":{"line":1744,"column":7}},{"start":{},"end":{}}],"line":1728},"146":{"loc":{"start":{"line":1728,"column":10},"end":{"line":1728,"column":51}},"type":"binary-expr","locations":[{"start":{"line":1728,"column":10},"end":{"line":1728,"column":33}},{"start":{"line":1728,"column":37},"end":{"line":1728,"column":51}}],"line":1728},"147":{"loc":{"start":{"line":1731,"column":10},"end":{"line":1734,"column":58}},"type":"binary-expr","locations":[{"start":{"line":1731,"column":10},"end":{"line":1731,"column":44}},{"start":{"line":1732,"column":10},"end":{"line":1732,"column":18}},{"start":{"line":1733,"column":10},"end":{"line":1733,"column":18}},{"start":{"line":1734,"column":10},"end":{"line":1734,"column":58}}],"line":1731},"148":{"loc":{"start":{"line":1737,"column":8},"end":{"line":1743,"column":9}},"type":"if","locations":[{"start":{"line":1737,"column":8},"end":{"line":1743,"column":9}},{"start":{},"end":{}}],"line":1737},"149":{"loc":{"start":{"line":1762,"column":4},"end":{"line":1764,"column":5}},"type":"if","locations":[{"start":{"line":1762,"column":4},"end":{"line":1764,"column":5}},{"start":{},"end":{}}],"line":1762},"150":{"loc":{"start":{"line":1771,"column":4},"end":{"line":1788,"column":5}},"type":"if","locations":[{"start":{"line":1771,"column":4},"end":{"line":1788,"column":5}},{"start":{},"end":{}}],"line":1771},"151":{"loc":{"start":{"line":1775,"column":6},"end":{"line":1787,"column":7}},"type":"if","locations":[{"start":{"line":1775,"column":6},"end":{"line":1787,"column":7}},{"start":{},"end":{}}],"line":1775},"152":{"loc":{"start":{"line":1796,"column":18},"end":{"line":1796,"column":43}},"type":"binary-expr","locations":[{"start":{"line":1796,"column":18},"end":{"line":1796,"column":34}},{"start":{"line":1796,"column":38},"end":{"line":1796,"column":43}}],"line":1796},"153":{"loc":{"start":{"line":1837,"column":4},"end":{"line":1839,"column":5}},"type":"if","locations":[{"start":{"line":1837,"column":4},"end":{"line":1839,"column":5}},{"start":{},"end":{}}],"line":1837},"154":{"loc":{"start":{"line":1837,"column":8},"end":{"line":1837,"column":42}},"type":"binary-expr","locations":[{"start":{"line":1837,"column":8},"end":{"line":1837,"column":24}},{"start":{"line":1837,"column":28},"end":{"line":1837,"column":42}}],"line":1837},"155":{"loc":{"start":{"line":1842,"column":4},"end":{"line":1845,"column":5}},"type":"if","locations":[{"start":{"line":1842,"column":4},"end":{"line":1845,"column":5}},{"start":{},"end":{}}],"line":1842},"156":{"loc":{"start":{"line":1849,"column":4},"end":{"line":1851,"column":5}},"type":"if","locations":[{"start":{"line":1849,"column":4},"end":{"line":1851,"column":5}},{"start":{},"end":{}}],"line":1849},"157":{"loc":{"start":{"line":1858,"column":4},"end":{"line":1860,"column":5}},"type":"if","locations":[{"start":{"line":1858,"column":4},"end":{"line":1860,"column":5}},{"start":{},"end":{}}],"line":1858},"158":{"loc":{"start":{"line":1863,"column":4},"end":{"line":1865,"column":5}},"type":"if","locations":[{"start":{"line":1863,"column":4},"end":{"line":1865,"column":5}},{"start":{},"end":{}}],"line":1863},"159":{"loc":{"start":{"line":1863,"column":8},"end":{"line":1863,"column":77}},"type":"binary-expr","locations":[{"start":{"line":1863,"column":8},"end":{"line":1863,"column":36}},{"start":{"line":1863,"column":40},"end":{"line":1863,"column":77}}],"line":1863},"160":{"loc":{"start":{"line":1894,"column":2},"end":{"line":1897,"column":3}},"type":"if","locations":[{"start":{"line":1894,"column":2},"end":{"line":1897,"column":3}},{"start":{},"end":{}}],"line":1894}},"s":{"0":5,"1":5,"2":5,"3":5,"4":5,"5":5,"6":5,"7":5,"8":5,"9":5,"10":5,"11":5,"12":5,"13":5,"14":5,"15":5,"16":5,"17":2,"18":2,"19":2,"20":0,"21":2,"22":2,"23":2,"24":2,"25":1,"26":1,"27":1,"28":1,"29":1,"30":1,"31":1,"32":0,"33":1,"34":0,"35":0,"36":0,"37":0,"38":1,"39":1,"40":0,"41":0,"42":2,"43":2,"44":1,"45":1,"46":1,"47":1,"48":1,"49":2,"50":2,"51":2,"52":2,"53":2,"54":2,"55":2,"56":2,"57":2,"58":2,"59":2,"60":2,"61":2,"62":2,"63":2,"64":0,"65":2,"66":2,"67":24,"68":24,"69":24,"70":24,"71":24,"72":0,"73":24,"74":24,"75":24,"76":24,"77":24,"78":24,"79":0,"80":24,"81":18,"82":87,"83":18,"84":0,"85":24,"86":24,"87":0,"88":0,"89":0,"90":0,"91":0,"92":0,"93":0,"94":0,"95":0,"96":0,"97":0,"98":0,"99":0,"100":0,"101":0,"102":0,"103":0,"104":0,"105":0,"106":0,"107":1,"108":1,"109":1,"110":1,"111":1,"112":1,"113":24,"114":24,"115":24,"116":24,"117":24,"118":0,"119":0,"120":0,"121":0,"122":0,"123":0,"124":0,"125":0,"126":0,"127":0,"128":0,"129":0,"130":0,"131":0,"132":0,"133":0,"134":0,"135":0,"136":0,"137":0,"138":0,"139":18,"140":18,"141":18,"142":18,"143":18,"144":18,"145":18,"146":18,"147":18,"148":18,"149":18,"150":18,"151":18,"152":18,"153":18,"154":18,"155":18,"156":0,"157":6,"158":6,"159":6,"160":6,"161":6,"162":6,"163":6,"164":6,"165":6,"166":6,"167":6,"168":6,"169":6,"170":6,"171":6,"172":6,"173":6,"174":6,"175":6,"176":6,"177":6,"178":6,"179":6,"180":6,"181":6,"182":6,"183":6,"184":6,"185":0,"186":0,"187":0,"188":0,"189":0,"190":0,"191":0,"192":0,"193":0,"194":0,"195":0,"196":0,"197":0,"198":18,"199":18,"200":18,"201":18,"202":18,"203":0,"204":18,"205":18,"206":18,"207":18,"208":18,"209":18,"210":0,"211":0,"212":6,"213":6,"214":6,"215":0,"216":6,"217":19,"218":6,"219":0,"220":0,"221":0,"222":0,"223":0,"224":0,"225":0,"226":0,"227":0,"228":0,"229":0,"230":0,"231":0,"232":0,"233":0,"234":0,"235":0,"236":0,"237":0,"238":0,"239":0,"240":0,"241":0,"242":0,"243":0,"244":0,"245":0,"246":0,"247":0,"248":0,"249":0,"250":0,"251":0,"252":0,"253":0,"254":0,"255":0,"256":0,"257":0,"258":0,"259":0,"260":0,"261":0,"262":0,"263":0,"264":0,"265":0,"266":0,"267":0,"268":0,"269":0,"270":0,"271":0,"272":0,"273":0,"274":0,"275":0,"276":0,"277":0,"278":0,"279":0,"280":0,"281":0,"282":0,"283":0,"284":0,"285":0,"286":0,"287":0,"288":0,"289":0,"290":0,"291":0,"292":0,"293":0,"294":0,"295":0,"296":0,"297":0,"298":0,"299":0,"300":0,"301":0,"302":0,"303":0,"304":0,"305":0,"306":0,"307":0,"308":0,"309":0,"310":0,"311":0,"312":0,"313":0,"314":0,"315":0,"316":0,"317":0,"318":0,"319":0,"320":0,"321":0,"322":0,"323":0,"324":0,"325":0,"326":0,"327":0,"328":0,"329":0,"330":0,"331":0,"332":0,"333":0,"334":0,"335":0,"336":0,"337":0,"338":0,"339":0,"340":0,"341":0,"342":0,"343":0,"344":0,"345":0,"346":0,"347":0,"348":0,"349":0,"350":0,"351":0,"352":0,"353":0,"354":0,"355":0,"356":0,"357":0,"358":0,"359":0,"360":0,"361":0,"362":0,"363":0,"364":0,"365":0,"366":0,"367":0,"368":0,"369":0,"370":0,"371":0,"372":0,"373":0,"374":0,"375":0,"376":0,"377":0,"378":0,"379":0,"380":0,"381":0,"382":0,"383":0,"384":0,"385":0,"386":0,"387":0,"388":0,"389":0,"390":0,"391":0,"392":0,"393":0,"394":0,"395":0,"396":0,"397":0,"398":0,"399":0,"400":0,"401":0,"402":0,"403":0,"404":0,"405":0,"406":0,"407":0,"408":0,"409":0,"410":0,"411":0,"412":0,"413":0,"414":0,"415":0,"416":0,"417":0,"418":0,"419":0,"420":0,"421":0,"422":0,"423":0,"424":0,"425":0,"426":0,"427":0,"428":0,"429":0,"430":0,"431":0,"432":0,"433":0,"434":0,"435":0,"436":0,"437":0,"438":0,"439":0,"440":0,"441":0,"442":0,"443":0,"444":0,"445":0,"446":0,"447":0,"448":0,"449":0,"450":0,"451":0,"452":0,"453":0,"454":0,"455":0,"456":0,"457":0,"458":0,"459":0,"460":0,"461":0,"462":0,"463":0,"464":0,"465":0,"466":0,"467":0,"468":0,"469":0,"470":0,"471":0,"472":0,"473":0,"474":0,"475":0,"476":0,"477":0,"478":0,"479":0,"480":0,"481":0,"482":0,"483":0,"484":0,"485":0,"486":0,"487":0,"488":0,"489":0,"490":0,"491":0,"492":0,"493":0,"494":0,"495":0,"496":0,"497":0,"498":0,"499":0,"500":0,"501":0,"502":0,"503":0,"504":0,"505":0,"506":0,"507":0,"508":0,"509":0,"510":0,"511":0,"512":0,"513":0,"514":0,"515":0,"516":0,"517":0,"518":0,"519":0,"520":0,"521":0,"522":0,"523":0,"524":7,"525":7,"526":7,"527":7,"528":5,"529":5,"530":5,"531":5,"532":7,"533":0,"534":19,"535":0,"536":0,"537":0,"538":0,"539":0,"540":0,"541":0,"542":0,"543":0,"544":0,"545":0,"546":0,"547":0,"548":0,"549":0,"550":0,"551":0,"552":0,"553":0,"554":0,"555":0,"556":0,"557":0,"558":0,"559":0,"560":0,"561":0,"562":0,"563":0,"564":0,"565":0,"566":0,"567":0,"568":0,"569":0,"570":0,"571":0,"572":0,"573":0,"574":0,"575":0,"576":0,"577":0,"578":0,"579":0,"580":0,"581":0,"582":0,"583":0,"584":0,"585":0,"586":0,"587":0,"588":0,"589":0,"590":0,"591":0,"592":0,"593":0,"594":0,"595":0,"596":0,"597":0,"598":0,"599":0,"600":0,"601":0,"602":0,"603":0,"604":0,"605":0,"606":0,"607":0,"608":0,"609":0,"610":0,"611":0,"612":0,"613":0,"614":0,"615":0,"616":0,"617":0,"618":0,"619":0,"620":0,"621":0,"622":0,"623":0,"624":0,"625":0,"626":0,"627":0,"628":0,"629":0,"630":0,"631":0,"632":0,"633":0,"634":0,"635":0,"636":0,"637":0,"638":0,"639":0,"640":0,"641":18,"642":18,"643":18,"644":18,"645":18,"646":0,"647":18,"648":0,"649":0,"650":18,"651":18,"652":3,"653":15,"654":84,"655":15,"656":0,"657":15,"658":0,"659":15,"660":15,"661":15,"662":15,"663":15,"664":15,"665":0,"666":5,"667":2,"668":2,"669":5,"670":5,"671":0,"672":5,"673":1,"674":5,"675":5,"676":5,"677":5,"678":5,"679":5,"680":5,"681":5,"682":5,"683":5,"684":5},"f":{"0":2,"1":2,"2":0,"3":1,"4":1,"5":0,"6":24,"7":87,"8":0,"9":0,"10":1,"11":24,"12":0,"13":0,"14":0,"15":0,"16":0,"17":0,"18":18,"19":18,"20":6,"21":6,"22":0,"23":0,"24":0,"25":0,"26":0,"27":0,"28":18,"29":6,"30":19,"31":0,"32":0,"33":0,"34":0,"35":0,"36":0,"37":0,"38":0,"39":0,"40":0,"41":0,"42":0,"43":0,"44":0,"45":0,"46":0,"47":0,"48":0,"49":0,"50":0,"51":0,"52":0,"53":0,"54":0,"55":0,"56":0,"57":7,"58":0,"59":19,"60":0,"61":0,"62":0,"63":0,"64":0,"65":0,"66":0,"67":0,"68":0,"69":0,"70":18,"71":84,"72":5},"b":{"0":[0,2],"1":[2,1],"2":[1,1],"3":[1,0],"4":[0,1],"5":[0,1],"6":[0,0],"7":[24,18],"8":[0,24],"9":[24,0],"10":[0,24],"11":[18,6],"12":[0,18],"13":[0,0],"14":[0,0],"15":[0,0],"16":[0,0],"17":[0,0],"18":[0,0],"19":[1,0],"20":[24,0],"21":[0,0],"22":[0,0],"23":[18,0],"24":[6,0],"25":[6,0],"26":[0,18],"27":[18,0],"28":[18,0],"29":[0,6],"30":[0,0],"31":[0,0],"32":[0,0],"33":[0,0],"34":[0,0],"35":[0,0],"36":[0,0],"37":[0,0],"38":[0,0],"39":[0,0],"40":[0,0],"41":[0,0],"42":[0,0],"43":[0,0,0],"44":[0,0],"45":[0,0],"46":[0,0,0],"47":[0,0],"48":[0,0],"49":[0,0],"50":[0,0],"51":[0,0],"52":[0,0],"53":[0,0],"54":[0,0],"55":[0,0],"56":[0,0],"57":[0,0],"58":[0,0],"59":[0,0],"60":[0,0],"61":[0,0],"62":[0,0],"63":[0,0],"64":[0,0],"65":[0,0],"66":[0,0],"67":[0,0],"68":[0,0],"69":[0,0],"70":[0,0],"71":[0,0],"72":[0,0],"73":[0,0],"74":[0,0],"75":[0,0],"76":[0,0],"77":[0,0],"78":[0,0],"79":[0,0],"80":[0,0],"81":[0,0],"82":[0,0],"83":[0,0],"84":[0,0],"85":[0,0],"86":[0,0],"87":[0,0],"88":[0,0],"89":[0,0],"90":[0,0],"91":[0,0],"92":[0,0],"93":[0,0],"94":[0,0],"95":[0,0],"96":[0,0],"97":[0,0],"98":[0,0],"99":[0,0],"100":[0,0],"101":[0,0],"102":[0,0],"103":[0,0],"104":[0,0],"105":[0,0],"106":[0,0],"107":[0,0],"108":[0,0],"109":[0,0],"110":[0,0],"111":[0,0],"112":[0,0],"113":[0,0],"114":[0,0],"115":[5,2],"116":[7,5],"117":[5,0],"118":[0,0],"119":[19,2],"120":[0,0],"121":[0,0],"122":[0,0],"123":[0,0],"124":[0,0],"125":[0,0],"126":[0,0],"127":[0,0],"128":[0,0],"129":[0,0],"130":[0,0],"131":[0,0],"132":[0,0],"133":[0,0],"134":[0,0],"135":[0,0],"136":[0,0],"137":[0,0],"138":[0,0],"139":[0,0],"140":[0,0],"141":[0,0],"142":[0,0],"143":[0,0],"144":[0,0],"145":[0,0],"146":[0,0],"147":[0,0,0,0],"148":[0,0],"149":[0,0],"150":[0,0],"151":[0,0],"152":[0,0],"153":[0,18],"154":[18,18],"155":[0,18],"156":[3,15],"157":[0,15],"158":[0,15],"159":[15,0],"160":[2,3]},"_coverageSchema":"1a1c01bbd47fc00a2c39e90264f33305004495a9","hash":"7d858b0650ac19d5b7e7c5495585c22b3ecc96d5"}
,"/home/shwan/Old Quiz Game Attempts/quizgame/server/services/testSocketService.js": {"path":"/home/shwan/Old Quiz Game Attempts/quizgame/server/services/testSocketService.js","statementMap":{"0":{"start":{"line":11,"column":2},"end":{"line":11,"column":53}},"1":{"start":{"line":14,"column":2},"end":{"line":17,"column":5}},"2":{"start":{"line":20,"column":2},"end":{"line":36,"column":5}},"3":{"start":{"line":21,"column":4},"end":{"line":21,"column":66}},"4":{"start":{"line":24,"column":4},"end":{"line":28,"column":7}},"5":{"start":{"line":31,"column":4},"end":{"line":35,"column":7}},"6":{"start":{"line":39,"column":2},"end":{"line":48,"column":5}},"7":{"start":{"line":40,"column":4},"end":{"line":40,"column":63}},"8":{"start":{"line":43,"column":4},"end":{"line":47,"column":7}},"9":{"start":{"line":51,"column":2},"end":{"line":82,"column":5}},"10":{"start":{"line":52,"column":4},"end":{"line":52,"column":66}},"11":{"start":{"line":54,"column":24},"end":{"line":54,"column":28}},"12":{"start":{"line":57,"column":4},"end":{"line":81,"column":5}},"13":{"start":{"line":59,"column":8},"end":{"line":63,"column":11}},"14":{"start":{"line":64,"column":8},"end":{"line":64,"column":14}},"15":{"start":{"line":67,"column":8},"end":{"line":72,"column":11}},"16":{"start":{"line":73,"column":8},"end":{"line":73,"column":14}},"17":{"start":{"line":76,"column":8},"end":{"line":80,"column":11}},"18":{"start":{"line":85,"column":2},"end":{"line":94,"column":5}},"19":{"start":{"line":86,"column":4},"end":{"line":86,"column":58}},"20":{"start":{"line":89,"column":4},"end":{"line":93,"column":7}},"21":{"start":{"line":98,"column":0},"end":{"line":100,"column":2}}},"fnMap":{"0":{"name":"handleTestConnection","decl":{"start":{"line":10,"column":9},"end":{"line":10,"column":29}},"loc":{"start":{"line":10,"column":38},"end":{"line":95,"column":1}},"line":10},"1":{"name":"(anonymous_1)","decl":{"start":{"line":20,"column":28},"end":{"line":20,"column":29}},"loc":{"start":{"line":20,"column":38},"end":{"line":36,"column":3}},"line":20},"2":{"name":"(anonymous_2)","decl":{"start":{"line":39,"column":25},"end":{"line":39,"column":26}},"loc":{"start":{"line":39,"column":35},"end":{"line":48,"column":3}},"line":39},"3":{"name":"(anonymous_3)","decl":{"start":{"line":51,"column":28},"end":{"line":51,"column":29}},"loc":{"start":{"line":51,"column":38},"end":{"line":82,"column":3}},"line":51},"4":{"name":"(anonymous_4)","decl":{"start":{"line":85,"column":26},"end":{"line":85,"column":27}},"loc":{"start":{"line":85,"column":32},"end":{"line":94,"column":3}},"line":85}},"branchMap":{"0":{"loc":{"start":{"line":57,"column":4},"end":{"line":81,"column":5}},"type":"switch","locations":[{"start":{"line":58,"column":6},"end":{"line":64,"column":14}},{"start":{"line":66,"column":6},"end":{"line":73,"column":14}},{"start":{"line":75,"column":6},"end":{"line":80,"column":11}}],"line":57}},"s":{"0":1,"1":1,"2":1,"3":0,"4":0,"5":0,"6":1,"7":0,"8":0,"9":1,"10":0,"11":0,"12":0,"13":0,"14":0,"15":0,"16":0,"17":0,"18":1,"19":1,"20":1,"21":5},"f":{"0":1,"1":0,"2":0,"3":0,"4":1},"b":{"0":[0,0,0]},"_coverageSchema":"1a1c01bbd47fc00a2c39e90264f33305004495a9","hash":"7385d72cecda957ef8158d270abf4ccf39f47617"}
,"/home/shwan/Old Quiz Game Attempts/quizgame/server/services/tokenService.js": {"path":"/home/shwan/Old Quiz Game Attempts/quizgame/server/services/tokenService.js","statementMap":{"0":{"start":{"line":4,"column":12},"end":{"line":4,"column":35}},"1":{"start":{"line":5,"column":40},"end":{"line":5,"column":65}},"2":{"start":{"line":13,"column":0},"end":{"line":21,"column":2}},"3":{"start":{"line":14,"column":18},"end":{"line":18,"column":3}},"4":{"start":{"line":20,"column":2},"end":{"line":20,"column":75}},"5":{"start":{"line":29,"column":0},"end":{"line":37,"column":2}},"6":{"start":{"line":30,"column":18},"end":{"line":34,"column":3}},"7":{"start":{"line":36,"column":2},"end":{"line":36,"column":71}},"8":{"start":{"line":44,"column":0},"end":{"line":51,"column":2}},"9":{"start":{"line":45,"column":2},"end":{"line":50,"column":3}},"10":{"start":{"line":46,"column":4},"end":{"line":46,"column":40}},"11":{"start":{"line":48,"column":4},"end":{"line":48,"column":63}},"12":{"start":{"line":49,"column":4},"end":{"line":49,"column":16}},"13":{"start":{"line":57,"column":0},"end":{"line":67,"column":2}},"14":{"start":{"line":58,"column":21},"end":{"line":58,"column":55}},"15":{"start":{"line":59,"column":13},"end":{"line":59,"column":15}},"16":{"start":{"line":61,"column":2},"end":{"line":64,"column":3}},"17":{"start":{"line":61,"column":15},"end":{"line":61,"column":16}},"18":{"start":{"line":62,"column":24},"end":{"line":62,"column":69}},"19":{"start":{"line":63,"column":4},"end":{"line":63,"column":36}},"20":{"start":{"line":66,"column":2},"end":{"line":66,"column":14}}},"fnMap":{"0":{"name":"(anonymous_0)","decl":{"start":{"line":13,"column":34},"end":{"line":13,"column":35}},"loc":{"start":{"line":13,"column":61},"end":{"line":21,"column":1}},"line":13},"1":{"name":"(anonymous_1)","decl":{"start":{"line":29,"column":30},"end":{"line":29,"column":31}},"loc":{"start":{"line":29,"column":59},"end":{"line":37,"column":1}},"line":29},"2":{"name":"(anonymous_2)","decl":{"start":{"line":44,"column":22},"end":{"line":44,"column":23}},"loc":{"start":{"line":44,"column":33},"end":{"line":51,"column":1}},"line":44},"3":{"name":"(anonymous_3)","decl":{"start":{"line":57,"column":27},"end":{"line":57,"column":28}},"loc":{"start":{"line":57,"column":33},"end":{"line":67,"column":1}},"line":57}},"branchMap":{},"s":{"0":1,"1":1,"2":1,"3":4,"4":4,"5":1,"6":2,"7":2,"8":1,"9":4,"10":4,"11":2,"12":2,"13":1,"14":103,"15":103,"16":103,"17":103,"18":618,"19":618,"20":103},"f":{"0":4,"1":2,"2":4,"3":103},"b":{},"_coverageSchema":"1a1c01bbd47fc00a2c39e90264f33305004495a9","hash":"0b632f5cb93217ab423c26a7f07fa41eec912bb8"}
}
