TN:
SF:config/auth.js
FNF:0
FNH:0
DA:4,1
LF:1
LH:1
BRDA:6,0,0,1
BRDA:6,0,1,1
BRDA:7,1,0,1
BRDA:7,1,1,1
BRDA:11,2,0,1
BRDA:11,2,1,1
BRDA:12,3,0,1
BRDA:12,3,1,1
BRF:8
BRH:8
end_of_record
TN:
SF:models/Category.js
FN:58,(anonymous_0)
FN:63,(anonymous_1)
FN:68,(anonymous_2)
FN:88,(anonymous_3)
FNF:4
FNH:0
FNDA:0,(anonymous_0)
FNDA:0,(anonymous_1)
FNDA:0,(anonymous_2)
FNDA:0,(anonymous_3)
DA:1,5
DA:2,5
DA:4,5
DA:58,5
DA:59,0
DA:63,5
DA:64,0
DA:68,5
DA:69,0
DA:72,0
DA:74,0
DA:75,0
DA:78,0
DA:84,0
DA:88,5
DA:89,0
DA:95,5
DA:97,5
LF:18
LH:9
BRDA:88,0,0,0
BRF:1
BRH:0
end_of_record
TN:
SF:models/GameHistory.js
FN:164,(anonymous_0)
FN:168,(anonymous_1)
FN:182,(anonymous_2)
FN:188,(anonymous_3)
FN:189,(anonymous_4)
FN:198,(anonymous_5)
FN:207,(anonymous_6)
FN:215,(anonymous_7)
FN:222,(anonymous_8)
FN:244,(anonymous_9)
FNF:10
FNH:0
FNDA:0,(anonymous_0)
FNDA:0,(anonymous_1)
FNDA:0,(anonymous_2)
FNDA:0,(anonymous_3)
FNDA:0,(anonymous_4)
FNDA:0,(anonymous_5)
FNDA:0,(anonymous_6)
FNDA:0,(anonymous_7)
FNDA:0,(anonymous_8)
FNDA:0,(anonymous_9)
DA:1,5
DA:2,5
DA:4,5
DA:164,5
DA:165,0
DA:168,0
DA:169,0
DA:172,0
DA:178,0
DA:182,5
DA:184,0
DA:185,0
DA:186,0
DA:188,0
DA:189,0
DA:190,0
DA:191,0
DA:192,0
DA:197,0
DA:198,0
DA:203,0
DA:207,5
DA:208,0
DA:215,5
DA:216,0
DA:222,5
DA:223,0
DA:225,0
DA:229,0
DA:233,0
DA:240,0
DA:244,0
DA:248,5
LF:33
LH:9
BRDA:165,0,0,0
BRDA:165,0,1,0
BRDA:165,1,0,0
BRDA:165,1,1,0
BRDA:169,2,0,0
BRDA:169,2,1,0
BRDA:199,3,0,0
BRDA:199,3,1,0
BRDA:200,4,0,0
BRDA:200,4,1,0
BRDA:207,5,0,0
BRDA:215,6,0,0
BRDA:242,7,0,0
BRDA:242,7,1,0
BRDA:243,8,0,0
BRDA:243,8,1,0
BRF:16
BRH:0
end_of_record
TN:
SF:models/GameSession.js
FN:124,(anonymous_0)
FN:130,(anonymous_1)
FN:136,(anonymous_2)
FN:137,(anonymous_3)
FN:147,(anonymous_4)
FN:149,(anonymous_5)
FN:156,(anonymous_6)
FN:173,(anonymous_7)
FN:197,(anonymous_8)
FN:201,(anonymous_9)
FN:205,(anonymous_10)
FNF:11
FNH:0
FNDA:0,(anonymous_0)
FNDA:0,(anonymous_1)
FNDA:0,(anonymous_2)
FNDA:0,(anonymous_3)
FNDA:0,(anonymous_4)
FNDA:0,(anonymous_5)
FNDA:0,(anonymous_6)
FNDA:0,(anonymous_7)
FNDA:0,(anonymous_8)
FNDA:0,(anonymous_9)
FNDA:0,(anonymous_10)
DA:1,5
DA:2,5
DA:4,5
DA:124,5
DA:125,0
DA:126,0
DA:127,0
DA:130,5
DA:131,0
DA:132,0
DA:133,0
DA:136,5
DA:137,0
DA:138,0
DA:139,0
DA:141,0
DA:142,0
DA:144,0
DA:147,5
DA:149,0
DA:152,0
DA:153,0
DA:154,0
DA:156,0
DA:157,0
DA:158,0
DA:159,0
DA:161,0
DA:162,0
DA:164,0
DA:165,0
DA:166,0
DA:167,0
DA:173,5
DA:174,0
DA:175,0
DA:177,0
DA:178,0
DA:181,0
DA:183,0
DA:184,0
DA:185,0
DA:188,0
DA:189,0
DA:193,0
DA:197,5
DA:198,0
DA:201,5
DA:202,0
DA:205,5
DA:206,0
DA:211,5
LF:52
LH:12
BRDA:138,0,0,0
BRDA:138,0,1,0
BRDA:157,1,0,0
BRDA:157,1,1,0
BRDA:161,2,0,0
BRDA:161,2,1,0
BRDA:175,3,0,0
BRDA:175,3,1,0
BRDA:177,4,0,0
BRDA:177,4,1,0
BRDA:183,5,0,0
BRDA:183,5,1,0
BRDA:205,6,0,0
BRF:13
BRH:0
end_of_record
TN:
SF:models/Player.js
FN:73,(anonymous_0)
FN:77,(anonymous_1)
FN:80,(anonymous_2)
FN:84,(anonymous_3)
FN:85,(anonymous_4)
FN:92,(anonymous_5)
FN:96,(anonymous_6)
FNF:7
FNH:0
FNDA:0,(anonymous_0)
FNDA:0,(anonymous_1)
FNDA:0,(anonymous_2)
FNDA:0,(anonymous_3)
FNDA:0,(anonymous_4)
FNDA:0,(anonymous_5)
FNDA:0,(anonymous_6)
DA:1,5
DA:2,5
DA:4,5
DA:73,5
DA:74,0
DA:77,5
DA:78,0
DA:80,0
DA:81,0
DA:84,5
DA:85,0
DA:89,5
DA:92,5
DA:93,0
DA:96,5
DA:97,0
DA:115,5
LF:17
LH:10
BRDA:78,0,0,0
BRDA:78,0,1,0
BRDA:96,1,0,0
BRF:3
BRH:0
end_of_record
TN:
SF:models/Question.js
FN:151,(anonymous_0)
FN:173,(anonymous_1)
FN:175,(anonymous_2)
FN:188,(anonymous_3)
FN:192,(anonymous_4)
FN:196,(anonymous_5)
FN:200,(anonymous_6)
FNF:7
FNH:0
FNDA:0,(anonymous_0)
FNDA:0,(anonymous_1)
FNDA:0,(anonymous_2)
FNDA:0,(anonymous_3)
FNDA:0,(anonymous_4)
FNDA:0,(anonymous_5)
FNDA:0,(anonymous_6)
DA:1,5
DA:2,5
DA:4,5
DA:151,5
DA:152,0
DA:154,0
DA:155,0
DA:157,0
DA:161,0
DA:162,0
DA:163,0
DA:165,0
DA:168,0
DA:169,0
DA:173,5
DA:174,0
DA:175,0
DA:176,0
DA:177,0
DA:178,0
DA:179,0
DA:182,0
DA:184,0
DA:188,5
DA:189,0
DA:192,5
DA:193,0
DA:196,5
DA:197,0
DA:200,5
DA:201,0
DA:202,0
DA:203,0
DA:205,0
DA:211,5
LF:35
LH:10
BRDA:154,0,0,0
BRDA:154,0,1,0
BRDA:174,1,0,0
BRDA:174,1,1,0
BRDA:176,2,0,0
BRDA:176,2,1,0
BRDA:176,2,2,0
BRDA:177,3,0,0
BRDA:177,3,1,0
BRDA:179,4,0,0
BRDA:179,4,1,0
BRDA:188,5,0,0
BRDA:192,6,0,0
BRDA:196,7,0,0
BRDA:200,8,0,0
BRDA:202,9,0,0
BRDA:202,9,1,0
BRDA:203,10,0,0
BRDA:203,10,1,0
BRF:19
BRH:0
end_of_record
TN:
SF:models/index.js
FNF:0
FNH:0
DA:1,5
DA:2,5
DA:3,5
DA:4,5
DA:5,5
DA:7,5
LF:6
LH:6
BRF:0
BRH:0
end_of_record
TN:
SF:services/graduatedPointsRoundHandler.js
FN:15,processGraduatedPointsAnswer
FN:38,(anonymous_1)
FN:58,(anonymous_2)
FN:65,(anonymous_3)
FN:167,revealGraduatedPointsAnswer
FN:202,(anonymous_5)
FN:208,(anonymous_6)
FN:210,(anonymous_7)
FN:217,(anonymous_8)
FN:227,(anonymous_9)
FN:284,getGraduatedPointsStandings
FN:299,(anonymous_11)
FN:305,(anonymous_12)
FN:308,(anonymous_13)
FN:312,(anonymous_14)
FN:313,(anonymous_15)
FN:326,(anonymous_16)
FNF:17
FNH:0
FNDA:0,processGraduatedPointsAnswer
FNDA:0,(anonymous_1)
FNDA:0,(anonymous_2)
FNDA:0,(anonymous_3)
FNDA:0,revealGraduatedPointsAnswer
FNDA:0,(anonymous_5)
FNDA:0,(anonymous_6)
FNDA:0,(anonymous_7)
FNDA:0,(anonymous_8)
FNDA:0,(anonymous_9)
FNDA:0,getGraduatedPointsStandings
FNDA:0,(anonymous_11)
FNDA:0,(anonymous_12)
FNDA:0,(anonymous_13)
FNDA:0,(anonymous_14)
FNDA:0,(anonymous_15)
FNDA:0,(anonymous_16)
DA:6,5
DA:7,5
DA:16,0
DA:17,0
DA:18,0
DA:19,0
DA:21,0
DA:22,0
DA:26,0
DA:27,0
DA:28,0
DA:32,0
DA:33,0
DA:34,0
DA:38,0
DA:39,0
DA:40,0
DA:44,0
DA:45,0
DA:52,0
DA:53,0
DA:54,0
DA:58,0
DA:59,0
DA:60,0
DA:64,0
DA:65,0
DA:68,0
DA:70,0
DA:78,0
DA:79,0
DA:80,0
DA:81,0
DA:82,0
DA:83,0
DA:86,0
DA:89,0
DA:91,0
DA:94,0
DA:97,0
DA:101,0
DA:102,0
DA:106,0
DA:119,0
DA:122,0
DA:123,0
DA:124,0
DA:125,0
DA:126,0
DA:127,0
DA:131,0
DA:134,0
DA:137,0
DA:149,0
DA:156,0
DA:157,0
DA:168,0
DA:169,0
DA:170,0
DA:171,0
DA:173,0
DA:174,0
DA:178,0
DA:179,0
DA:180,0
DA:184,0
DA:185,0
DA:186,0
DA:190,0
DA:191,0
DA:195,0
DA:196,0
DA:197,0
DA:201,0
DA:202,0
DA:206,0
DA:207,0
DA:208,0
DA:209,0
DA:210,0
DA:213,0
DA:214,0
DA:215,0
DA:217,0
DA:218,0
DA:219,0
DA:220,0
DA:221,0
DA:226,0
DA:227,0
DA:228,0
DA:239,0
DA:250,0
DA:268,0
DA:274,0
DA:275,0
DA:285,0
DA:286,0
DA:288,0
DA:289,0
DA:293,0
DA:294,0
DA:295,0
DA:299,0
DA:300,0
DA:301,0
DA:305,0
DA:307,0
DA:308,0
DA:312,0
DA:313,0
DA:315,0
DA:326,0
DA:328,0
DA:335,0
DA:336,0
DA:340,5
LF:117
LH:3
BRDA:21,0,0,0
BRDA:21,0,1,0
BRDA:27,1,0,0
BRDA:27,1,1,0
BRDA:33,2,0,0
BRDA:33,2,1,0
BRDA:39,3,0,0
BRDA:39,3,1,0
BRDA:44,4,0,0
BRDA:44,4,1,0
BRDA:53,5,0,0
BRDA:53,5,1,0
BRDA:59,6,0,0
BRDA:59,6,1,0
BRDA:65,7,0,0
BRDA:65,7,1,0
BRDA:68,8,0,0
BRDA:68,8,1,0
BRDA:78,9,0,0
BRDA:78,9,1,0
BRDA:79,10,0,0
BRDA:79,10,1,0
BRDA:80,11,0,0
BRDA:80,11,1,0
BRDA:81,12,0,0
BRDA:81,12,1,0
BRDA:82,13,0,0
BRDA:82,13,1,0
BRDA:83,14,0,0
BRDA:83,14,1,0
BRDA:86,15,0,0
BRDA:86,15,1,0
BRDA:91,16,0,0
BRDA:91,16,1,0
BRDA:94,17,0,0
BRDA:94,17,1,0
BRDA:101,18,0,0
BRDA:101,18,1,0
BRDA:110,19,0,0
BRDA:110,19,1,0
BRDA:113,20,0,0
BRDA:113,20,1,0
BRDA:114,21,0,0
BRDA:114,21,1,0
BRDA:115,22,0,0
BRDA:115,22,1,0
BRDA:122,23,0,0
BRDA:122,23,1,0
BRDA:123,24,0,0
BRDA:123,24,1,0
BRDA:124,25,0,0
BRDA:124,25,1,0
BRDA:124,26,0,0
BRDA:124,26,1,0
BRDA:125,27,0,0
BRDA:125,27,1,0
BRDA:125,28,0,0
BRDA:125,28,1,0
BRDA:126,29,0,0
BRDA:126,29,1,0
BRDA:128,30,0,0
BRDA:128,30,1,0
BRDA:129,31,0,0
BRDA:129,31,1,0
BRDA:141,32,0,0
BRDA:141,32,1,0
BRDA:142,33,0,0
BRDA:142,33,1,0
BRDA:143,34,0,0
BRDA:143,34,1,0
BRDA:144,35,0,0
BRDA:144,35,1,0
BRDA:173,36,0,0
BRDA:173,36,1,0
BRDA:179,37,0,0
BRDA:179,37,1,0
BRDA:185,38,0,0
BRDA:185,38,1,0
BRDA:190,39,0,0
BRDA:190,39,1,0
BRDA:196,40,0,0
BRDA:196,40,1,0
BRDA:218,41,0,0
BRDA:218,41,1,0
BRDA:218,42,0,0
BRDA:218,42,1,0
BRDA:218,42,2,0
BRDA:243,43,0,0
BRDA:243,43,1,0
BRDA:245,44,0,0
BRDA:245,44,1,0
BRDA:254,45,0,0
BRDA:254,45,1,0
BRDA:256,46,0,0
BRDA:256,46,1,0
BRDA:288,47,0,0
BRDA:288,47,1,0
BRDA:294,48,0,0
BRDA:294,48,1,0
BRDA:300,49,0,0
BRDA:300,49,1,0
BRDA:300,50,0,0
BRDA:300,50,1,0
BRDA:308,51,0,0
BRDA:308,51,1,0
BRF:105
BRH:0
end_of_record
TN:
SF:services/hostEventHandlers.js
FN:16,handleStartGame
FN:101,handleNextQuestion
FN:144,(anonymous_2)
FN:145,(anonymous_3)
FN:189,(anonymous_4)
FN:206,(anonymous_5)
FN:251,(anonymous_6)
FN:298,isAnswerCorrect
FN:313,(anonymous_8)
FN:330,handleEndQuestion
FN:365,(anonymous_10)
FN:371,(anonymous_11)
FN:401,(anonymous_12)
FN:432,(anonymous_13)
FN:498,(anonymous_14)
FN:507,(anonymous_15)
FN:521,(anonymous_16)
FN:557,handlePauseGame
FN:647,handleResumeGame
FN:702,(anonymous_19)
FN:770,handleEndGame
FN:803,(anonymous_21)
FN:808,(anonymous_22)
FN:813,(anonymous_23)
FN:814,(anonymous_24)
FN:834,(anonymous_25)
FNF:26
FNH:0
FNDA:0,handleStartGame
FNDA:0,handleNextQuestion
FNDA:0,(anonymous_2)
FNDA:0,(anonymous_3)
FNDA:0,(anonymous_4)
FNDA:0,(anonymous_5)
FNDA:0,(anonymous_6)
FNDA:0,isAnswerCorrect
FNDA:0,(anonymous_8)
FNDA:0,handleEndQuestion
FNDA:0,(anonymous_10)
FNDA:0,(anonymous_11)
FNDA:0,(anonymous_12)
FNDA:0,(anonymous_13)
FNDA:0,(anonymous_14)
FNDA:0,(anonymous_15)
FNDA:0,(anonymous_16)
FNDA:0,handlePauseGame
FNDA:0,handleResumeGame
FNDA:0,(anonymous_19)
FNDA:0,handleEndGame
FNDA:0,(anonymous_21)
FNDA:0,(anonymous_22)
FNDA:0,(anonymous_23)
FNDA:0,(anonymous_24)
FNDA:0,(anonymous_25)
DA:5,5
DA:8,5
DA:9,5
DA:17,0
DA:18,0
DA:19,0
DA:21,0
DA:22,0
DA:26,0
DA:27,0
DA:28,0
DA:32,0
DA:33,0
DA:37,0
DA:38,0
DA:45,0
DA:46,0
DA:47,0
DA:50,0
DA:51,0
DA:52,0
DA:53,0
DA:57,0
DA:58,0
DA:61,0
DA:64,0
DA:67,0
DA:78,0
DA:88,0
DA:89,0
DA:102,0
DA:103,0
DA:104,0
DA:105,0
DA:107,0
DA:108,0
DA:112,0
DA:113,0
DA:114,0
DA:118,0
DA:119,0
DA:123,0
DA:124,0
DA:132,0
DA:133,0
DA:134,0
DA:135,0
DA:139,0
DA:140,0
DA:143,0
DA:144,0
DA:145,0
DA:148,0
DA:154,0
DA:155,0
DA:159,0
DA:160,0
DA:163,0
DA:165,0
DA:167,0
DA:168,0
DA:170,0
DA:171,0
DA:180,0
DA:181,0
DA:184,0
DA:185,0
DA:189,0
DA:191,0
DA:193,0
DA:206,0
DA:207,0
DA:211,0
DA:219,0
DA:220,0
DA:223,0
DA:236,0
DA:237,0
DA:243,0
DA:246,0
DA:247,0
DA:251,0
DA:253,0
DA:259,0
DA:260,0
DA:261,0
DA:264,0
DA:269,0
DA:272,0
DA:275,0
DA:281,0
DA:283,0
DA:284,0
DA:300,0
DA:301,0
DA:305,0
DA:307,0
DA:310,0
DA:311,0
DA:313,0
DA:314,0
DA:315,0
DA:317,0
DA:322,0
DA:331,0
DA:332,0
DA:333,0
DA:334,0
DA:336,0
DA:337,0
DA:340,0
DA:341,0
DA:342,0
DA:346,0
DA:347,0
DA:348,0
DA:352,0
DA:353,0
DA:357,0
DA:358,0
DA:365,0
DA:366,0
DA:367,0
DA:370,0
DA:371,0
DA:372,0
DA:375,0
DA:376,0
DA:380,0
DA:381,0
DA:382,0
DA:386,0
DA:387,0
DA:390,0
DA:391,0
DA:392,0
DA:395,0
DA:396,0
DA:399,0
DA:401,0
DA:402,0
DA:405,0
DA:407,0
DA:408,0
DA:409,0
DA:412,0
DA:413,0
DA:416,0
DA:417,0
DA:421,0
DA:422,0
DA:423,0
DA:424,0
DA:425,0
DA:426,0
DA:430,0
DA:431,0
DA:432,0
DA:434,0
DA:435,0
DA:437,0
DA:441,0
DA:444,0
DA:447,0
DA:451,0
DA:455,0
DA:457,0
DA:459,0
DA:464,0
DA:467,0
DA:478,0
DA:479,0
DA:482,0
DA:483,0
DA:484,0
DA:488,0
DA:489,0
DA:490,0
DA:493,0
DA:494,0
DA:495,0
DA:498,0
DA:501,0
DA:507,0
DA:515,0
DA:516,0
DA:519,0
DA:521,0
DA:532,0
DA:542,0
DA:544,0
DA:545,0
DA:558,0
DA:559,0
DA:560,0
DA:561,0
DA:563,0
DA:564,0
DA:568,0
DA:569,0
DA:570,0
DA:574,0
DA:575,0
DA:579,0
DA:580,0
DA:587,0
DA:588,0
DA:589,0
DA:590,0
DA:591,0
DA:594,0
DA:595,0
DA:598,0
DA:599,0
DA:601,0
DA:602,0
DA:603,0
DA:606,0
DA:607,0
DA:612,0
DA:613,0
DA:617,0
DA:625,0
DA:632,0
DA:634,0
DA:635,0
DA:648,0
DA:649,0
DA:650,0
DA:651,0
DA:653,0
DA:654,0
DA:658,0
DA:659,0
DA:660,0
DA:664,0
DA:665,0
DA:669,0
DA:670,0
DA:677,0
DA:678,0
DA:682,0
DA:683,0
DA:684,0
DA:685,0
DA:688,0
DA:689,0
DA:691,0
DA:693,0
DA:694,0
DA:699,0
DA:702,0
DA:704,0
DA:710,0
DA:711,0
DA:714,0
DA:719,0
DA:722,0
DA:723,0
DA:724,0
DA:725,0
DA:730,0
DA:743,0
DA:755,0
DA:757,0
DA:758,0
DA:771,0
DA:772,0
DA:773,0
DA:774,0
DA:776,0
DA:777,0
DA:781,0
DA:782,0
DA:783,0
DA:787,0
DA:788,0
DA:792,0
DA:793,0
DA:799,0
DA:802,0
DA:803,0
DA:808,0
DA:811,0
DA:812,0
DA:813,0
DA:814,0
DA:817,0
DA:827,0
DA:828,0
DA:829,0
DA:834,0
DA:843,0
DA:848,0
DA:849,0
DA:850,0
DA:851,0
DA:852,0
DA:855,0
DA:856,0
DA:857,0
DA:860,0
DA:861,0
DA:862,0
DA:866,0
DA:867,0
DA:868,0
DA:871,0
DA:872,0
DA:873,0
DA:876,0
DA:884,0
DA:891,0
DA:893,0
DA:894,0
DA:901,5
LF:316
LH:4
BRDA:21,0,0,0
BRDA:21,0,1,0
BRDA:27,1,0,0
BRDA:27,1,1,0
BRDA:32,2,0,0
BRDA:32,2,1,0
BRDA:37,3,0,0
BRDA:37,3,1,0
BRDA:37,4,0,0
BRDA:37,4,1,0
BRDA:50,5,0,0
BRDA:50,5,1,0
BRDA:52,6,0,0
BRDA:52,6,1,0
BRDA:57,7,0,0
BRDA:57,7,1,0
BRDA:73,8,0,0
BRDA:73,8,1,0
BRDA:84,9,0,0
BRDA:84,9,1,0
BRDA:107,10,0,0
BRDA:107,10,1,0
BRDA:113,11,0,0
BRDA:113,11,1,0
BRDA:118,12,0,0
BRDA:118,12,1,0
BRDA:123,13,0,0
BRDA:123,13,1,0
BRDA:132,14,0,0
BRDA:132,14,1,0
BRDA:134,15,0,0
BRDA:134,15,1,0
BRDA:139,16,0,0
BRDA:139,16,1,0
BRDA:140,17,0,0
BRDA:140,17,1,0
BRDA:149,18,0,0
BRDA:149,18,1,0
BRDA:154,19,0,0
BRDA:154,19,1,0
BRDA:159,20,0,0
BRDA:159,20,1,0
BRDA:165,21,0,0
BRDA:165,21,1,0
BRDA:170,22,0,0
BRDA:170,22,1,0
BRDA:181,23,0,0
BRDA:181,23,1,0
BRDA:181,23,2,0
BRDA:184,24,0,0
BRDA:184,24,1,0
BRDA:191,25,0,0
BRDA:191,25,1,0
BRDA:195,26,0,0
BRDA:195,26,1,0
BRDA:230,27,0,0
BRDA:230,27,1,0
BRDA:236,28,0,0
BRDA:236,28,1,0
BRDA:246,29,0,0
BRDA:246,29,1,0
BRDA:259,30,0,0
BRDA:259,30,1,0
BRDA:300,31,0,0
BRDA:300,31,1,0
BRDA:300,32,0,0
BRDA:300,32,1,0
BRDA:305,33,0,0
BRDA:305,33,1,0
BRDA:305,34,0,0
BRDA:305,34,1,0
BRDA:307,35,0,0
BRDA:307,35,1,0
BRDA:314,36,0,0
BRDA:314,36,1,0
BRDA:336,37,0,0
BRDA:336,37,1,0
BRDA:341,38,0,0
BRDA:341,38,1,0
BRDA:347,39,0,0
BRDA:347,39,1,0
BRDA:352,40,0,0
BRDA:352,40,1,0
BRDA:357,41,0,0
BRDA:357,41,1,0
BRDA:366,42,0,0
BRDA:366,42,1,0
BRDA:372,43,0,0
BRDA:372,43,1,0
BRDA:375,44,0,0
BRDA:375,44,1,0
BRDA:381,45,0,0
BRDA:381,45,1,0
BRDA:390,46,0,0
BRDA:390,46,1,0
BRDA:392,47,0,0
BRDA:392,47,1,0
BRDA:396,48,0,0
BRDA:396,48,1,0
BRDA:405,49,0,0
BRDA:405,49,1,0
BRDA:412,50,0,0
BRDA:412,50,1,0
BRDA:413,51,0,0
BRDA:413,51,1,0
BRDA:413,51,2,0
BRDA:413,51,3,0
BRDA:413,51,4,0
BRDA:416,52,0,0
BRDA:416,52,1,0
BRDA:421,53,0,0
BRDA:421,53,1,0
BRDA:422,54,0,0
BRDA:422,54,1,0
BRDA:423,55,0,0
BRDA:423,55,1,0
BRDA:430,56,0,0
BRDA:430,56,1,0
BRDA:431,57,0,0
BRDA:431,57,1,0
BRDA:434,58,0,0
BRDA:434,58,1,0
BRDA:435,59,0,0
BRDA:435,59,1,0
BRDA:441,60,0,0
BRDA:441,60,1,0
BRDA:444,61,0,0
BRDA:444,61,1,0
BRDA:445,62,0,0
BRDA:445,62,1,0
BRDA:446,63,0,0
BRDA:446,63,1,0
BRDA:451,64,0,0
BRDA:451,64,1,0
BRDA:455,65,0,0
BRDA:455,65,1,0
BRDA:455,66,0,0
BRDA:455,66,1,0
BRDA:482,67,0,0
BRDA:482,67,1,0
BRDA:488,68,0,0
BRDA:488,68,1,0
BRDA:493,69,0,0
BRDA:493,69,1,0
BRDA:563,70,0,0
BRDA:563,70,1,0
BRDA:569,71,0,0
BRDA:569,71,1,0
BRDA:574,72,0,0
BRDA:574,72,1,0
BRDA:579,73,0,0
BRDA:579,73,1,0
BRDA:589,74,0,0
BRDA:589,74,1,0
BRDA:594,75,0,0
BRDA:594,75,1,0
BRDA:598,76,0,0
BRDA:598,76,1,0
BRDA:601,77,0,0
BRDA:601,77,1,0
BRDA:612,78,0,0
BRDA:612,78,1,0
BRDA:653,79,0,0
BRDA:653,79,1,0
BRDA:659,80,0,0
BRDA:659,80,1,0
BRDA:664,81,0,0
BRDA:664,81,1,0
BRDA:669,82,0,0
BRDA:669,82,1,0
BRDA:678,83,0,0
BRDA:678,83,1,0
BRDA:688,84,0,0
BRDA:688,84,1,0
BRDA:691,85,0,0
BRDA:691,85,1,0
BRDA:691,86,0,0
BRDA:691,86,1,0
BRDA:693,87,0,0
BRDA:693,87,1,0
BRDA:735,88,0,0
BRDA:735,88,1,0
BRDA:748,89,0,0
BRDA:748,89,1,0
BRDA:776,90,0,0
BRDA:776,90,1,0
BRDA:782,91,0,0
BRDA:782,91,1,0
BRDA:787,92,0,0
BRDA:787,92,1,0
BRDA:792,93,0,0
BRDA:792,93,1,0
BRDA:792,94,0,0
BRDA:792,94,1,0
BRDA:811,95,0,0
BRDA:811,95,1,0
BRDA:823,96,0,0
BRDA:823,96,1,0
BRDA:855,97,0,0
BRDA:855,97,1,0
BRDA:860,98,0,0
BRDA:860,98,1,0
BRDA:866,99,0,0
BRDA:866,99,1,0
BRDA:871,100,0,0
BRDA:871,100,1,0
BRF:206
BRH:0
end_of_record
TN:
SF:services/questionEventHandlers.js
FN:15,handleQuestionNext
FN:58,(anonymous_1)
FN:59,(anonymous_2)
FN:100,(anonymous_3)
FN:177,setupQuestionTimer
FN:184,(anonymous_5)
FN:194,(anonymous_6)
FN:200,(anonymous_7)
FN:261,handleQuestionReveal
FN:289,(anonymous_9)
FN:294,(anonymous_10)
FN:391,getPlayerQuestionStats
FN:400,(anonymous_12)
FN:420,(anonymous_13)
FN:444,handleAnswerSubmit
FN:461,(anonymous_15)
FN:467,(anonymous_16)
FN:472,(anonymous_17)
FN:483,(anonymous_18)
FN:518,(anonymous_19)
FN:569,isAnswerCorrect
FN:576,(anonymous_21)
FN:598,calculatePoints
FN:646,handleAnswerCorrect
FN:668,(anonymous_24)
FN:674,(anonymous_25)
FN:680,(anonymous_26)
FN:757,handleAnswerIncorrect
FN:779,(anonymous_28)
FN:785,(anonymous_29)
FN:791,(anonymous_30)
FNF:31
FNH:0
FNDA:0,handleQuestionNext
FNDA:0,(anonymous_1)
FNDA:0,(anonymous_2)
FNDA:0,(anonymous_3)
FNDA:0,setupQuestionTimer
FNDA:0,(anonymous_5)
FNDA:0,(anonymous_6)
FNDA:0,(anonymous_7)
FNDA:0,handleQuestionReveal
FNDA:0,(anonymous_9)
FNDA:0,(anonymous_10)
FNDA:0,getPlayerQuestionStats
FNDA:0,(anonymous_12)
FNDA:0,(anonymous_13)
FNDA:0,handleAnswerSubmit
FNDA:0,(anonymous_15)
FNDA:0,(anonymous_16)
FNDA:0,(anonymous_17)
FNDA:0,(anonymous_18)
FNDA:0,(anonymous_19)
FNDA:0,isAnswerCorrect
FNDA:0,(anonymous_21)
FNDA:0,calculatePoints
FNDA:0,handleAnswerCorrect
FNDA:0,(anonymous_24)
FNDA:0,(anonymous_25)
FNDA:0,(anonymous_26)
FNDA:0,handleAnswerIncorrect
FNDA:0,(anonymous_28)
FNDA:0,(anonymous_29)
FNDA:0,(anonymous_30)
DA:5,5
DA:6,5
DA:7,5
DA:16,0
DA:17,0
DA:18,0
DA:19,0
DA:21,0
DA:22,0
DA:26,0
DA:27,0
DA:28,0
DA:32,0
DA:33,0
DA:37,0
DA:38,0
DA:46,0
DA:47,0
DA:48,0
DA:49,0
DA:53,0
DA:54,0
DA:57,0
DA:58,0
DA:59,0
DA:62,0
DA:68,0
DA:69,0
DA:73,0
DA:74,0
DA:77,0
DA:79,0
DA:81,0
DA:82,0
DA:84,0
DA:85,0
DA:91,0
DA:92,0
DA:95,0
DA:96,0
DA:100,0
DA:102,0
DA:104,0
DA:116,0
DA:124,0
DA:125,0
DA:128,0
DA:144,0
DA:147,0
DA:150,0
DA:156,0
DA:159,0
DA:164,0
DA:165,0
DA:179,0
DA:180,0
DA:184,0
DA:185,0
DA:187,0
DA:188,0
DA:189,0
DA:190,0
DA:194,0
DA:195,0
DA:196,0
DA:197,0
DA:200,0
DA:201,0
DA:202,0
DA:203,0
DA:207,0
DA:208,0
DA:209,0
DA:212,0
DA:213,0
DA:214,0
DA:215,0
DA:219,0
DA:227,0
DA:234,0
DA:237,0
DA:239,0
DA:244,0
DA:262,0
DA:263,0
DA:264,0
DA:265,0
DA:267,0
DA:268,0
DA:272,0
DA:273,0
DA:274,0
DA:278,0
DA:279,0
DA:283,0
DA:284,0
DA:285,0
DA:289,0
DA:290,0
DA:291,0
DA:294,0
DA:295,0
DA:296,0
DA:300,0
DA:301,0
DA:302,0
DA:305,0
DA:306,0
DA:307,0
DA:308,0
DA:309,0
DA:316,0
DA:318,0
DA:319,0
DA:324,0
DA:327,0
DA:332,0
DA:334,0
DA:335,0
DA:340,0
DA:343,0
DA:350,0
DA:353,0
DA:356,0
DA:366,0
DA:369,0
DA:372,0
DA:375,0
DA:380,0
DA:381,0
DA:392,0
DA:394,0
DA:396,0
DA:397,0
DA:400,0
DA:401,0
DA:406,0
DA:408,0
DA:420,0
DA:422,0
DA:423,0
DA:426,0
DA:427,0
DA:430,0
DA:433,0
DA:434,0
DA:445,0
DA:446,0
DA:447,0
DA:448,0
DA:450,0
DA:451,0
DA:455,0
DA:456,0
DA:457,0
DA:461,0
DA:462,0
DA:463,0
DA:467,0
DA:468,0
DA:469,0
DA:472,0
DA:473,0
DA:474,0
DA:478,0
DA:479,0
DA:483,0
DA:484,0
DA:488,0
DA:489,0
DA:493,0
DA:494,0
DA:495,0
DA:499,0
DA:502,0
DA:503,0
DA:504,0
DA:507,0
DA:518,0
DA:519,0
DA:520,0
DA:523,0
DA:526,0
DA:528,0
DA:539,0
DA:548,0
DA:551,0
DA:558,0
DA:559,0
DA:571,0
DA:573,0
DA:575,0
DA:576,0
DA:579,0
DA:581,0
DA:583,0
DA:586,0
DA:599,0
DA:601,0
DA:603,0
DA:605,0
DA:609,0
DA:612,0
DA:613,0
DA:614,0
DA:615,0
DA:618,0
DA:622,0
DA:626,0
DA:630,0
DA:636,0
DA:647,0
DA:648,0
DA:649,0
DA:650,0
DA:652,0
DA:653,0
DA:657,0
DA:658,0
DA:659,0
DA:663,0
DA:664,0
DA:668,0
DA:669,0
DA:670,0
DA:674,0
DA:675,0
DA:676,0
DA:680,0
DA:681,0
DA:686,0
DA:689,0
DA:691,0
DA:703,0
DA:704,0
DA:705,0
DA:706,0
DA:709,0
DA:713,0
DA:715,0
DA:718,0
DA:728,0
DA:737,0
DA:740,0
DA:746,0
DA:747,0
DA:758,0
DA:759,0
DA:760,0
DA:761,0
DA:763,0
DA:764,0
DA:768,0
DA:769,0
DA:770,0
DA:774,0
DA:775,0
DA:779,0
DA:780,0
DA:781,0
DA:785,0
DA:786,0
DA:787,0
DA:791,0
DA:792,0
DA:797,0
DA:801,0
DA:803,0
DA:815,0
DA:816,0
DA:817,0
DA:818,0
DA:821,0
DA:825,0
DA:826,0
DA:829,0
DA:832,0
DA:842,0
DA:851,0
DA:854,0
DA:860,0
DA:861,0
DA:865,5
LF:283
LH:4
BRDA:21,0,0,0
BRDA:21,0,1,0
BRDA:27,1,0,0
BRDA:27,1,1,0
BRDA:32,2,0,0
BRDA:32,2,1,0
BRDA:37,3,0,0
BRDA:37,3,1,0
BRDA:46,4,0,0
BRDA:46,4,1,0
BRDA:48,5,0,0
BRDA:48,5,1,0
BRDA:53,6,0,0
BRDA:53,6,1,0
BRDA:54,7,0,0
BRDA:54,7,1,0
BRDA:63,8,0,0
BRDA:63,8,1,0
BRDA:68,9,0,0
BRDA:68,9,1,0
BRDA:73,10,0,0
BRDA:73,10,1,0
BRDA:79,11,0,0
BRDA:79,11,1,0
BRDA:84,12,0,0
BRDA:84,12,1,0
BRDA:92,13,0,0
BRDA:92,13,1,0
BRDA:92,13,2,0
BRDA:95,14,0,0
BRDA:95,14,1,0
BRDA:102,15,0,0
BRDA:102,15,1,0
BRDA:106,16,0,0
BRDA:106,16,1,0
BRDA:179,17,0,0
BRDA:179,17,1,0
BRDA:188,18,0,0
BRDA:188,18,1,0
BRDA:195,19,0,0
BRDA:195,19,1,0
BRDA:200,20,0,0
BRDA:200,20,1,0
BRDA:201,21,0,0
BRDA:201,21,1,0
BRDA:213,22,0,0
BRDA:213,22,1,0
BRDA:267,23,0,0
BRDA:267,23,1,0
BRDA:267,24,0,0
BRDA:267,24,1,0
BRDA:273,25,0,0
BRDA:273,25,1,0
BRDA:278,26,0,0
BRDA:278,26,1,0
BRDA:284,27,0,0
BRDA:284,27,1,0
BRDA:290,28,0,0
BRDA:290,28,1,0
BRDA:295,29,0,0
BRDA:295,29,1,0
BRDA:302,30,0,0
BRDA:302,30,1,0
BRDA:305,31,0,0
BRDA:305,31,1,0
BRDA:307,32,0,0
BRDA:307,32,1,0
BRDA:316,33,0,0
BRDA:316,33,1,0
BRDA:316,34,0,0
BRDA:316,34,1,0
BRDA:332,35,0,0
BRDA:332,35,1,0
BRDA:401,36,0,0
BRDA:401,36,1,0
BRDA:410,37,0,0
BRDA:410,37,1,0
BRDA:411,38,0,0
BRDA:411,38,1,0
BRDA:413,39,0,0
BRDA:413,39,1,0
BRDA:414,40,0,0
BRDA:414,40,1,0
BRDA:415,41,0,0
BRDA:415,41,1,0
BRDA:422,42,0,0
BRDA:422,42,1,0
BRDA:423,43,0,0
BRDA:423,43,1,0
BRDA:426,44,0,0
BRDA:426,44,1,0
BRDA:426,45,0,0
BRDA:426,45,1,0
BRDA:430,46,0,0
BRDA:430,46,1,0
BRDA:450,47,0,0
BRDA:450,47,1,0
BRDA:450,48,0,0
BRDA:450,48,1,0
BRDA:450,48,2,0
BRDA:456,49,0,0
BRDA:456,49,1,0
BRDA:462,50,0,0
BRDA:462,50,1,0
BRDA:468,51,0,0
BRDA:468,51,1,0
BRDA:473,52,0,0
BRDA:473,52,1,0
BRDA:478,53,0,0
BRDA:478,53,1,0
BRDA:484,54,0,0
BRDA:484,54,1,0
BRDA:488,55,0,0
BRDA:488,55,1,0
BRDA:494,56,0,0
BRDA:494,56,1,0
BRDA:519,57,0,0
BRDA:519,57,1,0
BRDA:530,58,0,0
BRDA:530,58,1,0
BRDA:535,59,0,0
BRDA:535,59,1,0
BRDA:544,60,0,0
BRDA:544,60,1,0
BRDA:545,61,0,0
BRDA:545,61,1,0
BRDA:571,62,0,0
BRDA:571,62,1,0
BRDA:573,63,0,0
BRDA:573,63,1,0
BRDA:575,64,0,0
BRDA:575,64,1,0
BRDA:581,65,0,0
BRDA:581,65,1,0
BRDA:581,66,0,0
BRDA:581,66,1,0
BRDA:598,67,0,0
BRDA:599,68,0,0
BRDA:599,68,1,0
BRDA:601,69,0,0
BRDA:601,69,1,0
BRDA:603,70,0,0
BRDA:603,70,1,0
BRDA:603,71,0,0
BRDA:603,71,1,0
BRDA:609,72,0,0
BRDA:609,72,1,0
BRDA:609,72,2,0
BRDA:609,72,3,0
BRDA:609,72,4,0
BRDA:609,72,5,0
BRDA:612,73,0,0
BRDA:612,73,1,0
BRDA:613,74,0,0
BRDA:613,74,1,0
BRDA:614,75,0,0
BRDA:614,75,1,0
BRDA:615,76,0,0
BRDA:615,76,1,0
BRDA:626,77,0,0
BRDA:626,77,1,0
BRDA:630,78,0,0
BRDA:630,78,1,0
BRDA:636,79,0,0
BRDA:636,79,1,0
BRDA:652,80,0,0
BRDA:652,80,1,0
BRDA:652,81,0,0
BRDA:652,81,1,0
BRDA:652,81,2,0
BRDA:658,82,0,0
BRDA:658,82,1,0
BRDA:663,83,0,0
BRDA:663,83,1,0
BRDA:669,84,0,0
BRDA:669,84,1,0
BRDA:675,85,0,0
BRDA:675,85,1,0
BRDA:681,86,0,0
BRDA:681,86,1,0
BRDA:686,87,0,0
BRDA:686,87,1,0
BRDA:686,87,2,0
BRDA:686,87,3,0
BRDA:689,88,0,0
BRDA:689,88,1,0
BRDA:763,89,0,0
BRDA:763,89,1,0
BRDA:763,90,0,0
BRDA:763,90,1,0
BRDA:763,90,2,0
BRDA:769,91,0,0
BRDA:769,91,1,0
BRDA:774,92,0,0
BRDA:774,92,1,0
BRDA:780,93,0,0
BRDA:780,93,1,0
BRDA:786,94,0,0
BRDA:786,94,1,0
BRDA:792,95,0,0
BRDA:792,95,1,0
BRDA:797,96,0,0
BRDA:797,96,1,0
BRDA:797,97,0,0
BRDA:797,97,1,0
BRDA:799,98,0,0
BRDA:799,98,1,0
BRDA:799,98,2,0
BRDA:801,99,0,0
BRDA:801,99,1,0
BRDA:825,100,0,0
BRDA:825,100,1,0
BRF:212
BRH:0
end_of_record
TN:
SF:services/roundEventHandlers.js
FN:15,handleRoundStart
FN:86,(anonymous_1)
FN:161,getRoundSettings
FN:214,(anonymous_3)
FN:227,setupRoundTimer
FN:234,(anonymous_5)
FN:252,(anonymous_6)
FN:276,handleRoundEnd
FN:304,(anonymous_8)
FN:372,calculateRoundResults
FN:380,(anonymous_10)
FN:389,(anonymous_11)
FN:391,(anonymous_12)
FN:403,(anonymous_13)
FN:408,(anonymous_14)
FN:424,(anonymous_15)
FN:427,(anonymous_16)
FN:434,(anonymous_17)
FN:437,(anonymous_18)
FN:454,handlePointBuilderRound
FN:494,handleFastestFingerRound
FN:541,handleGraduatedPointsRound
FNF:22
FNH:16
FNDA:37,handleRoundStart
FNDA:11,(anonymous_1)
FNDA:27,getRoundSettings
FNDA:108,(anonymous_3)
FNDA:2,setupRoundTimer
FNDA:0,(anonymous_5)
FNDA:0,(anonymous_6)
FNDA:9,handleRoundEnd
FNDA:15,(anonymous_8)
FNDA:8,calculateRoundResults
FNDA:75,(anonymous_10)
FNDA:0,(anonymous_11)
FNDA:0,(anonymous_12)
FNDA:0,(anonymous_13)
FNDA:0,(anonymous_14)
FNDA:121,(anonymous_15)
FNDA:75,(anonymous_16)
FNDA:75,(anonymous_17)
FNDA:75,(anonymous_18)
FNDA:4,handlePointBuilderRound
FNDA:4,handleFastestFingerRound
FNDA:4,handleGraduatedPointsRound
DA:5,5
DA:6,5
DA:7,5
DA:8,5
DA:16,37
DA:17,37
DA:18,37
DA:19,37
DA:21,37
DA:22,0
DA:26,37
DA:27,37
DA:28,2
DA:32,35
DA:33,35
DA:34,2
DA:38,33
DA:39,2
DA:43,31
DA:44,1
DA:51,30
DA:52,30
DA:53,3
DA:57,27
DA:58,27
DA:59,27
DA:62,27
DA:65,27
DA:72,27
DA:73,27
DA:74,0
DA:78,27
DA:86,27
DA:87,27
DA:88,27
DA:98,27
DA:101,0
DA:102,0
DA:103,0
DA:104,0
DA:105,0
DA:106,0
DA:109,27
DA:112,27
DA:113,2
DA:117,27
DA:125,27
DA:128,27
DA:129,6
DA:133,27
DA:140,27
DA:143,27
DA:150,10
DA:151,10
DA:163,27
DA:171,27
DA:179,27
DA:210,27
DA:214,108
DA:229,2
DA:230,0
DA:234,2
DA:235,0
DA:237,0
DA:244,0
DA:250,0
DA:251,0
DA:252,0
DA:253,0
DA:254,0
DA:255,0
DA:256,0
DA:261,0
DA:263,0
DA:268,2
DA:277,9
DA:278,9
DA:279,9
DA:280,9
DA:282,9
DA:283,0
DA:287,9
DA:288,9
DA:289,0
DA:293,9
DA:294,9
DA:295,0
DA:299,9
DA:300,0
DA:304,15
DA:305,9
DA:306,1
DA:309,8
DA:312,8
DA:315,8
DA:316,8
DA:317,8
DA:320,8
DA:321,8
DA:324,8
DA:325,1
DA:326,1
DA:330,8
DA:337,8
DA:340,8
DA:341,4
DA:345,8
DA:352,8
DA:355,8
DA:361,1
DA:362,1
DA:374,8
DA:377,8
DA:380,8
DA:382,75
DA:383,75
DA:386,75
DA:389,75
DA:390,0
DA:391,0
DA:394,0
DA:403,75
DA:404,75
DA:405,75
DA:408,75
DA:409,75
DA:411,75
DA:424,121
DA:427,8
DA:428,75
DA:432,8
DA:434,75
DA:437,75
DA:443,8
DA:455,4
DA:457,4
DA:465,4
DA:468,4
DA:469,4
DA:472,4
DA:473,4
DA:475,4
DA:476,18
DA:478,4
DA:482,4
DA:484,0
DA:485,0
DA:495,4
DA:497,4
DA:507,4
DA:510,4
DA:511,4
DA:514,4
DA:515,4
DA:517,4
DA:518,18
DA:520,4
DA:523,4
DA:524,4
DA:525,4
DA:529,4
DA:531,0
DA:532,0
DA:542,4
DA:544,4
DA:553,4
DA:556,4
DA:559,4
DA:560,4
DA:562,4
DA:563,18
DA:565,4
DA:569,4
DA:571,0
DA:572,0
DA:576,5
LF:176
LH:142
BRDA:21,0,0,0
BRDA:21,0,1,37
BRDA:27,1,0,2
BRDA:27,1,1,35
BRDA:27,2,0,37
BRDA:27,2,1,36
BRDA:33,3,0,2
BRDA:33,3,1,33
BRDA:38,4,0,2
BRDA:38,4,1,31
BRDA:43,5,0,1
BRDA:43,5,1,30
BRDA:43,6,0,31
BRDA:43,6,1,1
BRDA:52,7,0,3
BRDA:52,7,1,27
BRDA:73,8,0,0
BRDA:73,8,1,27
BRDA:87,9,0,27
BRDA:87,9,1,0
BRDA:91,10,0,27
BRDA:91,10,1,0
BRDA:94,11,0,27
BRDA:94,11,1,25
BRDA:102,12,0,0
BRDA:102,12,1,0
BRDA:104,13,0,0
BRDA:104,13,1,0
BRDA:112,14,0,2
BRDA:112,14,1,25
BRDA:128,15,0,6
BRDA:128,15,1,21
BRDA:128,16,0,27
BRDA:128,16,1,6
BRDA:161,17,0,0
BRDA:212,18,0,27
BRDA:212,18,1,0
BRDA:229,19,0,0
BRDA:229,19,1,2
BRDA:251,20,0,0
BRDA:251,20,1,0
BRDA:253,21,0,0
BRDA:253,21,1,0
BRDA:282,22,0,0
BRDA:282,22,1,9
BRDA:288,23,0,0
BRDA:288,23,1,9
BRDA:294,24,0,0
BRDA:294,24,1,9
BRDA:299,25,0,0
BRDA:299,25,1,9
BRDA:305,26,0,1
BRDA:305,26,1,8
BRDA:324,27,0,1
BRDA:324,27,1,7
BRDA:340,28,0,4
BRDA:340,28,1,4
BRDA:340,29,0,8
BRDA:340,29,1,4
BRDA:377,30,0,8
BRDA:377,30,1,0
BRDA:382,31,0,75
BRDA:382,31,1,75
BRDA:383,32,0,75
BRDA:383,32,1,44
BRDA:394,33,0,0
BRDA:394,33,1,0
BRDA:405,34,0,0
BRDA:405,34,1,75
BRDA:408,35,0,0
BRDA:408,35,1,0
BRDA:409,36,0,0
BRDA:409,36,1,75
BRDA:435,37,0,8
BRDA:435,37,1,0
BRDA:436,38,0,8
BRDA:436,38,1,0
BRDA:460,39,0,4
BRDA:460,39,1,0
BRDA:461,40,0,4
BRDA:461,40,1,2
BRDA:473,41,0,4
BRDA:473,41,1,0
BRDA:476,42,0,18
BRDA:476,42,1,18
BRDA:502,43,0,4
BRDA:502,43,1,4
BRDA:503,44,0,4
BRDA:503,44,1,0
BRDA:515,45,0,4
BRDA:515,45,1,0
BRDA:518,46,0,18
BRDA:518,46,1,10
BRDA:523,47,0,4
BRDA:523,47,1,0
BRDA:547,48,0,4
BRDA:547,48,1,0
BRDA:548,49,0,4
BRDA:548,49,1,1
BRDA:549,50,0,4
BRDA:549,50,1,1
BRDA:560,51,0,4
BRDA:560,51,1,0
BRDA:563,52,0,18
BRDA:563,52,1,7
BRF:105
BRH:70
end_of_record
TN:
SF:services/socketErrorHandler.js
FN:11,withErrorHandling
FN:12,(anonymous_1)
FN:26,handleSocketError
FN:65,createSocketError
FNF:4
FNH:4
FNDA:252,withErrorHandling
FNDA:11,(anonymous_1)
FNDA:1,handleSocketError
FNDA:11,createSocketError
DA:12,252
DA:13,11
DA:14,11
DA:16,1
DA:27,1
DA:30,1
DA:37,1
DA:38,1
DA:39,1
DA:43,1
DA:46,1
DA:66,11
DA:67,11
DA:68,11
DA:69,11
DA:72,5
LF:16
LH:16
BRDA:31,0,0,1
BRDA:31,0,1,0
BRDA:32,1,0,1
BRDA:32,1,1,0
BRDA:37,2,0,1
BRDA:37,2,1,0
BRDA:39,3,0,1
BRDA:39,3,1,0
BRDA:65,4,0,11
BRF:9
BRH:5
end_of_record
TN:
SF:services/socketMonitoring.js
FN:29,initializeMonitoring
FN:31,(anonymous_1)
FN:46,(anonymous_2)
FN:63,(anonymous_3)
FN:70,(anonymous_4)
FN:76,(anonymous_5)
FN:83,(anonymous_6)
FN:87,(anonymous_7)
FN:95,(anonymous_8)
FN:104,(anonymous_9)
FN:113,initializeGameMetrics
FN:130,updateGameConnection
FN:137,(anonymous_12)
FN:152,incrementMetric
FN:163,decrementMetric
FN:173,updateLatency
FN:182,getMetricsSummary
FN:211,getGameMetrics
FN:226,cleanup
FNF:19
FNH:11
FNDA:2,initializeMonitoring
FNDA:1,(anonymous_1)
FNDA:1,(anonymous_2)
FNDA:0,(anonymous_3)
FNDA:0,(anonymous_4)
FNDA:0,(anonymous_5)
FNDA:12,(anonymous_6)
FNDA:26,(anonymous_7)
FNDA:24,(anonymous_8)
FNDA:0,(anonymous_9)
FNDA:24,initializeGameMetrics
FNDA:48,updateGameConnection
FNDA:0,(anonymous_12)
FNDA:3,incrementMetric
FNDA:1,decrementMetric
FNDA:0,updateLatency
FNDA:0,getMetricsSummary
FNDA:0,getGameMetrics
FNDA:5,cleanup
DA:7,5
DA:20,5
DA:23,5
DA:31,2
DA:32,1
DA:33,1
DA:36,1
DA:37,1
DA:38,0
DA:40,1
DA:46,1
DA:47,1
DA:48,1
DA:51,1
DA:52,1
DA:59,1
DA:63,1
DA:64,0
DA:65,0
DA:69,1
DA:70,1
DA:71,0
DA:72,0
DA:75,1
DA:76,1
DA:77,0
DA:78,0
DA:83,2
DA:84,12
DA:86,12
DA:87,12
DA:89,26
DA:90,24
DA:91,24
DA:92,24
DA:93,24
DA:95,24
DA:96,24
DA:104,2
DA:105,0
DA:114,24
DA:115,2
DA:131,48
DA:132,31
DA:133,31
DA:136,31
DA:137,4
DA:138,0
DA:140,0
DA:153,3
DA:154,3
DA:164,1
DA:165,1
DA:175,0
DA:183,0
DA:184,0
DA:185,0
DA:189,0
DA:191,0
DA:212,0
DA:213,0
DA:214,0
DA:220,0
DA:228,5
DA:229,2
DA:230,2
DA:234,5
DA:235,5
DA:236,5
DA:237,5
DA:238,5
DA:239,5
DA:240,5
DA:241,5
DA:242,5
DA:245,5
DA:247,5
DA:250,5
LF:78
LH:58
BRDA:37,0,0,0
BRDA:37,0,1,1
BRDA:51,1,0,1
BRDA:51,1,1,0
BRDA:89,2,0,24
BRDA:89,2,1,2
BRDA:89,3,0,26
BRDA:89,3,1,26
BRDA:89,3,2,8
BRDA:91,4,0,24
BRDA:91,4,1,0
BRDA:114,5,0,2
BRDA:114,5,1,22
BRDA:131,6,0,31
BRDA:131,6,1,17
BRDA:136,7,0,4
BRDA:136,7,1,27
BRDA:138,8,0,0
BRDA:138,8,1,0
BRDA:138,9,0,0
BRDA:138,9,1,0
BRDA:152,10,0,3
BRDA:153,11,0,3
BRDA:153,11,1,0
BRDA:163,12,0,1
BRDA:164,13,0,1
BRDA:164,13,1,0
BRDA:212,14,0,0
BRDA:212,14,1,0
BRDA:228,15,0,2
BRDA:228,15,1,3
BRF:31
BRH:20
end_of_record
TN:
SF:services/socketRecovery.js
FN:17,handleDisconnection
FN:40,(anonymous_1)
FN:79,handlePermanentDisconnection
FN:109,(anonymous_3)
FN:139,handleReconnection
FN:170,(anonymous_5)
FN:271,getReconnectionData
FN:286,cleanupExpiredReconnections
FN:306,cleanup
FNF:9
FNH:3
FNDA:1,handleDisconnection
FNDA:0,(anonymous_1)
FNDA:0,handlePermanentDisconnection
FNDA:0,(anonymous_3)
FNDA:1,handleReconnection
FNDA:0,(anonymous_5)
FNDA:0,getReconnectionData
FNDA:0,cleanupExpiredReconnections
FNDA:5,cleanup
DA:7,5
DA:10,5
DA:18,1
DA:19,1
DA:20,1
DA:22,1
DA:24,1
DA:27,1
DA:37,1
DA:40,1
DA:41,0
DA:42,0
DA:45,0
DA:46,0
DA:47,0
DA:53,1
DA:54,1
DA:57,1
DA:58,1
DA:65,1
DA:80,0
DA:82,0
DA:83,0
DA:86,0
DA:87,0
DA:89,0
DA:91,0
DA:93,0
DA:94,0
DA:95,0
DA:96,0
DA:99,0
DA:109,0
DA:110,0
DA:113,0
DA:114,0
DA:115,0
DA:116,0
DA:120,0
DA:128,0
DA:130,0
DA:140,1
DA:141,1
DA:142,1
DA:144,1
DA:147,1
DA:148,0
DA:151,0
DA:152,0
DA:155,0
DA:158,0
DA:160,0
DA:162,0
DA:164,0
DA:165,0
DA:166,0
DA:168,0
DA:170,0
DA:171,0
DA:174,0
DA:175,0
DA:176,0
DA:177,0
DA:181,0
DA:185,0
DA:194,0
DA:196,0
DA:197,0
DA:199,0
DA:203,0
DA:213,0
DA:219,0
DA:220,0
DA:221,0
DA:224,0
DA:225,0
DA:227,0
DA:229,0
DA:232,0
DA:245,0
DA:246,0
DA:257,0
DA:258,0
DA:272,0
DA:273,0
DA:274,0
DA:280,0
DA:287,0
DA:289,0
DA:290,0
DA:292,0
DA:293,0
DA:295,0
DA:301,5
DA:308,5
DA:309,5
DA:313,5
DA:314,1
DA:315,1
DA:318,5
DA:320,5
DA:323,5
LF:102
LH:29
BRDA:22,0,0,0
BRDA:22,0,1,1
BRDA:33,1,0,1
BRDA:33,1,1,0
BRDA:41,2,0,0
BRDA:41,2,1,0
BRDA:45,3,0,0
BRDA:45,3,1,0
BRDA:57,4,0,1
BRDA:57,4,1,0
BRDA:86,5,0,0
BRDA:86,5,1,0
BRDA:86,6,0,0
BRDA:86,6,1,0
BRDA:89,7,0,0
BRDA:89,7,1,0
BRDA:91,8,0,0
BRDA:91,8,1,0
BRDA:93,9,0,0
BRDA:93,9,1,0
BRDA:113,10,0,0
BRDA:113,10,1,0
BRDA:144,11,0,0
BRDA:144,11,1,1
BRDA:147,12,0,0
BRDA:147,12,1,1
BRDA:151,13,0,0
BRDA:151,13,1,0
BRDA:164,14,0,0
BRDA:164,14,1,0
BRDA:164,15,0,0
BRDA:164,15,1,0
BRDA:168,16,0,0
BRDA:168,16,1,0
BRDA:174,17,0,0
BRDA:174,17,1,0
BRDA:181,18,0,0
BRDA:181,18,1,0
BRDA:181,19,0,0
BRDA:181,19,1,0
BRDA:181,19,2,0
BRDA:196,20,0,0
BRDA:196,20,1,0
BRDA:219,21,0,0
BRDA:219,21,1,0
BRDA:220,22,0,0
BRDA:220,22,1,0
BRDA:227,23,0,0
BRDA:227,23,1,0
BRDA:240,24,0,0
BRDA:240,24,1,0
BRDA:245,25,0,0
BRDA:245,25,1,0
BRDA:272,26,0,0
BRDA:272,26,1,0
BRDA:290,27,0,0
BRDA:290,27,1,0
BRDA:292,28,0,0
BRDA:292,28,1,0
BRDA:308,29,0,5
BRDA:308,29,1,0
BRDA:314,30,0,1
BRDA:314,30,1,0
BRF:63
BRH:7
end_of_record
TN:
SF:services/socketService.js
FN:52,initialize
FN:54,(anonymous_1)
FN:84,(anonymous_2)
FN:106,(anonymous_3)
FN:114,(anonymous_4)
FN:145,(anonymous_5)
FN:156,authMiddleware
FN:181,(anonymous_7)
FN:204,adminAuthMiddleware
FN:223,checkConnections
FN:251,handleConnection
FN:269,addPlayerConnection
FN:286,handleGameConnection
FN:305,(anonymous_13)
FN:306,(anonymous_14)
FN:307,(anonymous_15)
FN:308,(anonymous_16)
FN:311,(anonymous_17)
FN:325,handlePlayerConnection
FN:356,(anonymous_19)
FN:368,handleHostConnection
FN:417,(anonymous_21)
FN:429,handleAdminConnection
FN:433,(anonymous_23)
FN:434,(anonymous_24)
FN:435,(anonymous_25)
FN:436,(anonymous_26)
FN:439,(anonymous_27)
FN:451,sendPlayerData
FN:498,sendGameData
FN:509,(anonymous_30)
FN:540,sendAdminStats
FN:570,handlePlayerReady
FN:586,(anonymous_33)
FN:620,handlePlayerBuzzer
FN:648,(anonymous_35)
FN:658,(anonymous_36)
FN:661,(anonymous_37)
FN:698,(anonymous_38)
FN:717,handlePlayerAnswer
FN:837,(anonymous_40)
FN:906,handlePlayerStatus
FN:933,handleGameJoin
FN:954,(anonymous_43)
FN:1015,handleGameLeave
FN:1030,(anonymous_45)
FN:1074,handleBuzzerActivate
FN:1104,handleGameStart
FN:1188,handleGamePause
FN:1263,handleGameResume
FN:1332,handleGameEnd
FN:1364,(anonymous_51)
FN:1369,(anonymous_52)
FN:1374,(anonymous_53)
FN:1375,(anonymous_54)
FN:1395,(anonymous_55)
FN:1456,handleChatMessage
FN:1482,handleDisconnect
FN:1507,getPlayerSockets
FN:1518,isPlayerOnline
FN:1527,handlePlayerJoin
FN:1569,(anonymous_61)
FN:1598,(anonymous_62)
FN:1651,(anonymous_63)
FN:1688,handlePlayerLeave
FN:1710,(anonymous_65)
FN:1730,(anonymous_66)
FN:1750,(anonymous_67)
FN:1773,(anonymous_68)
FN:1780,(anonymous_69)
FN:1831,handlePlayerDisconnect
FN:1854,(anonymous_71)
FN:1892,cleanup
FNF:73
FNH:20
FNDA:2,initialize
FNDA:2,(anonymous_1)
FNDA:0,(anonymous_2)
FNDA:1,(anonymous_3)
FNDA:1,(anonymous_4)
FNDA:0,(anonymous_5)
FNDA:24,authMiddleware
FNDA:87,(anonymous_7)
FNDA:0,adminAuthMiddleware
FNDA:0,checkConnections
FNDA:1,handleConnection
FNDA:24,addPlayerConnection
FNDA:0,handleGameConnection
FNDA:0,(anonymous_13)
FNDA:0,(anonymous_14)
FNDA:0,(anonymous_15)
FNDA:0,(anonymous_16)
FNDA:0,(anonymous_17)
FNDA:18,handlePlayerConnection
FNDA:18,(anonymous_19)
FNDA:6,handleHostConnection
FNDA:6,(anonymous_21)
FNDA:0,handleAdminConnection
FNDA:0,(anonymous_23)
FNDA:0,(anonymous_24)
FNDA:0,(anonymous_25)
FNDA:0,(anonymous_26)
FNDA:0,(anonymous_27)
FNDA:18,sendPlayerData
FNDA:6,sendGameData
FNDA:19,(anonymous_30)
FNDA:0,sendAdminStats
FNDA:0,handlePlayerReady
FNDA:0,(anonymous_33)
FNDA:0,handlePlayerBuzzer
FNDA:0,(anonymous_35)
FNDA:0,(anonymous_36)
FNDA:0,(anonymous_37)
FNDA:0,(anonymous_38)
FNDA:0,handlePlayerAnswer
FNDA:0,(anonymous_40)
FNDA:0,handlePlayerStatus
FNDA:0,handleGameJoin
FNDA:0,(anonymous_43)
FNDA:0,handleGameLeave
FNDA:0,(anonymous_45)
FNDA:0,handleBuzzerActivate
FNDA:0,handleGameStart
FNDA:0,handleGamePause
FNDA:0,handleGameResume
FNDA:0,handleGameEnd
FNDA:0,(anonymous_51)
FNDA:0,(anonymous_52)
FNDA:0,(anonymous_53)
FNDA:0,(anonymous_54)
FNDA:0,(anonymous_55)
FNDA:0,handleChatMessage
FNDA:7,handleDisconnect
FNDA:0,getPlayerSockets
FNDA:19,isPlayerOnline
FNDA:0,handlePlayerJoin
FNDA:0,(anonymous_61)
FNDA:0,(anonymous_62)
FNDA:0,(anonymous_63)
FNDA:0,handlePlayerLeave
FNDA:0,(anonymous_65)
FNDA:0,(anonymous_66)
FNDA:0,(anonymous_67)
FNDA:0,(anonymous_68)
FNDA:0,(anonymous_69)
FNDA:18,handlePlayerDisconnect
FNDA:84,(anonymous_71)
FNDA:5,cleanup
DA:5,5
DA:6,5
DA:7,5
DA:17,5
DA:24,5
DA:31,5
DA:32,5
DA:33,5
DA:34,5
DA:37,5
DA:38,5
DA:39,5
DA:40,5
DA:41,5
DA:42,5
DA:43,5
DA:46,5
DA:54,2
DA:55,2
DA:57,2
DA:58,0
DA:61,2
DA:62,2
DA:63,2
DA:65,2
DA:66,1
DA:70,1
DA:71,1
DA:72,1
DA:75,1
DA:76,1
DA:77,1
DA:78,0
DA:82,1
DA:83,0
DA:84,0
DA:87,0
DA:88,0
DA:92,1
DA:95,1
DA:97,0
DA:98,0
DA:103,2
DA:106,2
DA:108,1
DA:111,1
DA:114,1
DA:115,1
DA:116,1
DA:121,2
DA:122,2
DA:123,2
DA:126,2
DA:127,2
DA:128,2
DA:131,2
DA:132,2
DA:133,2
DA:136,2
DA:137,2
DA:138,2
DA:141,2
DA:142,2
DA:145,2
DA:147,2
DA:148,2
DA:157,24
DA:158,24
DA:159,24
DA:160,24
DA:162,24
DA:163,0
DA:167,24
DA:168,24
DA:169,24
DA:172,24
DA:173,24
DA:174,24
DA:175,0
DA:179,24
DA:180,18
DA:181,87
DA:184,18
DA:185,0
DA:189,24
DA:192,24
DA:194,0
DA:195,0
DA:205,0
DA:206,0
DA:208,0
DA:209,0
DA:212,0
DA:214,0
DA:215,0
DA:224,0
DA:226,0
DA:227,0
DA:228,0
DA:232,0
DA:233,0
DA:234,0
DA:235,0
DA:236,0
DA:241,0
DA:242,0
DA:252,1
DA:253,1
DA:256,1
DA:257,1
DA:259,1
DA:262,1
DA:270,24
DA:273,24
DA:274,24
DA:276,24
DA:279,24
DA:287,0
DA:288,0
DA:289,0
DA:291,0
DA:294,0
DA:295,0
DA:298,0
DA:301,0
DA:305,0
DA:306,0
DA:307,0
DA:308,0
DA:311,0
DA:312,0
DA:314,0
DA:315,0
DA:316,0
DA:326,18
DA:327,18
DA:330,18
DA:333,18
DA:334,18
DA:338,18
DA:341,18
DA:344,18
DA:345,18
DA:346,18
DA:347,18
DA:348,18
DA:349,18
DA:350,18
DA:353,18
DA:356,18
DA:357,18
DA:360,0
DA:369,6
DA:370,6
DA:373,6
DA:376,6
DA:377,6
DA:381,6
DA:384,6
DA:385,6
DA:389,6
DA:390,6
DA:391,6
DA:392,6
DA:393,6
DA:394,6
DA:397,6
DA:398,6
DA:401,6
DA:402,6
DA:403,6
DA:406,6
DA:407,6
DA:408,6
DA:409,6
DA:412,6
DA:413,6
DA:414,6
DA:417,6
DA:418,6
DA:421,0
DA:430,0
DA:433,0
DA:434,0
DA:435,0
DA:436,0
DA:439,0
DA:440,0
DA:444,0
DA:452,18
DA:453,18
DA:454,18
DA:457,18
DA:458,18
DA:459,0
DA:463,18
DA:464,18
DA:465,18
DA:466,18
DA:467,18
DA:478,18
DA:488,0
DA:489,0
DA:499,6
DA:501,6
DA:504,6
DA:505,0
DA:509,19
DA:520,6
DA:531,0
DA:532,0
DA:541,0
DA:543,0
DA:546,0
DA:549,0
DA:552,0
DA:560,0
DA:561,0
DA:571,0
DA:572,0
DA:573,0
DA:575,0
DA:576,0
DA:580,0
DA:581,0
DA:582,0
DA:586,0
DA:587,0
DA:590,0
DA:591,0
DA:595,0
DA:596,0
DA:599,0
DA:605,0
DA:610,0
DA:611,0
DA:621,0
DA:622,0
DA:623,0
DA:624,0
DA:626,0
DA:627,0
DA:630,0
DA:631,0
DA:634,0
DA:635,0
DA:637,0
DA:638,0
DA:643,0
DA:644,0
DA:647,0
DA:648,0
DA:650,0
DA:651,0
DA:658,0
DA:661,0
DA:664,0
DA:667,0
DA:675,0
DA:682,0
DA:689,0
DA:690,0
DA:698,0
DA:699,0
DA:707,0
DA:708,0
DA:718,0
DA:719,0
DA:720,0
DA:721,0
DA:722,0
DA:724,0
DA:725,0
DA:728,0
DA:729,0
DA:732,0
DA:733,0
DA:736,0
DA:739,0
DA:742,0
DA:743,0
DA:747,0
DA:748,0
DA:749,0
DA:752,0
DA:753,0
DA:756,0
DA:757,0
DA:764,0
DA:773,0
DA:775,0
DA:777,0
DA:778,0
DA:786,0
DA:787,0
DA:794,0
DA:795,0
DA:803,0
DA:805,0
DA:806,0
DA:815,0
DA:816,0
DA:823,0
DA:824,0
DA:832,0
DA:834,0
DA:837,0
DA:840,0
DA:841,0
DA:848,0
DA:849,0
DA:857,0
DA:860,0
DA:874,0
DA:882,0
DA:889,0
DA:891,0
DA:893,0
DA:896,0
DA:897,0
DA:907,0
DA:908,0
DA:909,0
DA:910,0
DA:913,0
DA:914,0
DA:918,0
DA:919,0
DA:920,0
DA:923,0
DA:924,0
DA:934,0
DA:935,0
DA:936,0
DA:939,0
DA:943,0
DA:944,0
DA:948,0
DA:949,0
DA:950,0
DA:954,0
DA:955,0
DA:958,0
DA:960,0
DA:961,0
DA:968,0
DA:979,0
DA:983,0
DA:984,0
DA:987,0
DA:990,0
DA:997,0
DA:1005,0
DA:1006,0
DA:1016,0
DA:1017,0
DA:1018,0
DA:1020,0
DA:1021,0
DA:1024,0
DA:1025,0
DA:1026,0
DA:1030,0
DA:1031,0
DA:1034,0
DA:1035,0
DA:1039,0
DA:1040,0
DA:1043,0
DA:1047,0
DA:1049,0
DA:1052,0
DA:1055,0
DA:1058,0
DA:1059,0
DA:1062,0
DA:1064,0
DA:1065,0
DA:1075,0
DA:1076,0
DA:1077,0
DA:1079,0
DA:1080,0
DA:1084,0
DA:1090,0
DA:1094,0
DA:1095,0
DA:1105,0
DA:1106,0
DA:1107,0
DA:1109,0
DA:1110,0
DA:1114,0
DA:1115,0
DA:1116,0
DA:1120,0
DA:1121,0
DA:1125,0
DA:1126,0
DA:1133,0
DA:1134,0
DA:1135,0
DA:1138,0
DA:1139,0
DA:1140,0
DA:1141,0
DA:1145,0
DA:1146,0
DA:1149,0
DA:1152,0
DA:1163,0
DA:1173,0
DA:1175,0
DA:1176,0
DA:1189,0
DA:1190,0
DA:1191,0
DA:1193,0
DA:1194,0
DA:1198,0
DA:1199,0
DA:1200,0
DA:1204,0
DA:1205,0
DA:1209,0
DA:1210,0
DA:1217,0
DA:1220,0
DA:1221,0
DA:1222,0
DA:1223,0
DA:1226,0
DA:1233,0
DA:1241,0
DA:1248,0
DA:1250,0
DA:1251,0
DA:1264,0
DA:1265,0
DA:1266,0
DA:1268,0
DA:1269,0
DA:1273,0
DA:1274,0
DA:1275,0
DA:1279,0
DA:1280,0
DA:1284,0
DA:1285,0
DA:1292,0
DA:1293,0
DA:1296,0
DA:1297,0
DA:1298,0
DA:1299,0
DA:1302,0
DA:1310,0
DA:1317,0
DA:1319,0
DA:1320,0
DA:1333,0
DA:1334,0
DA:1335,0
DA:1337,0
DA:1338,0
DA:1342,0
DA:1343,0
DA:1344,0
DA:1348,0
DA:1349,0
DA:1353,0
DA:1354,0
DA:1360,0
DA:1363,0
DA:1364,0
DA:1369,0
DA:1372,0
DA:1373,0
DA:1374,0
DA:1375,0
DA:1378,0
DA:1388,0
DA:1389,0
DA:1390,0
DA:1395,0
DA:1404,0
DA:1409,0
DA:1410,0
DA:1411,0
DA:1412,0
DA:1413,0
DA:1416,0
DA:1424,0
DA:1431,0
DA:1434,0
DA:1435,0
DA:1438,0
DA:1439,0
DA:1443,0
DA:1444,0
DA:1457,0
DA:1458,0
DA:1459,0
DA:1460,0
DA:1462,0
DA:1463,0
DA:1467,0
DA:1473,0
DA:1474,0
DA:1483,7
DA:1484,7
DA:1486,7
DA:1489,7
DA:1490,5
DA:1491,5
DA:1494,5
DA:1495,5
DA:1499,7
DA:1508,0
DA:1519,19
DA:1528,0
DA:1529,0
DA:1530,0
DA:1533,0
DA:1534,0
DA:1537,0
DA:1538,0
DA:1542,0
DA:1543,0
DA:1544,0
DA:1548,0
DA:1549,0
DA:1556,0
DA:1557,0
DA:1558,0
DA:1562,0
DA:1563,0
DA:1564,0
DA:1565,0
DA:1569,0
DA:1570,0
DA:1573,0
DA:1575,0
DA:1577,0
DA:1578,0
DA:1585,0
DA:1593,0
DA:1595,0
DA:1598,0
DA:1599,0
DA:1602,0
DA:1603,0
DA:1604,0
DA:1605,0
DA:1607,0
DA:1608,0
DA:1613,0
DA:1614,0
DA:1617,0
DA:1620,0
DA:1621,0
DA:1625,0
DA:1628,0
DA:1637,0
DA:1645,0
DA:1651,0
DA:1662,0
DA:1665,0
DA:1666,0
DA:1668,0
DA:1671,0
DA:1674,0
DA:1675,0
DA:1689,0
DA:1690,0
DA:1691,0
DA:1692,0
DA:1695,0
DA:1696,0
DA:1699,0
DA:1700,0
DA:1704,0
DA:1705,0
DA:1706,0
DA:1710,0
DA:1711,0
DA:1714,0
DA:1715,0
DA:1718,0
DA:1719,0
DA:1720,0
DA:1723,0
DA:1724,0
DA:1725,0
DA:1728,0
DA:1730,0
DA:1731,0
DA:1737,0
DA:1739,0
DA:1747,0
DA:1750,0
DA:1751,0
DA:1755,0
DA:1758,0
DA:1759,0
DA:1762,0
DA:1763,0
DA:1767,0
DA:1768,0
DA:1771,0
DA:1772,0
DA:1773,0
DA:1775,0
DA:1776,0
DA:1779,0
DA:1780,0
DA:1791,0
DA:1800,0
DA:1807,0
DA:1814,0
DA:1816,0
DA:1818,0
DA:1819,0
DA:1832,18
DA:1833,18
DA:1834,18
DA:1835,18
DA:1837,18
DA:1838,0
DA:1842,18
DA:1843,0
DA:1844,0
DA:1848,18
DA:1849,18
DA:1850,3
DA:1854,15
DA:1855,84
DA:1858,15
DA:1859,0
DA:1863,15
DA:1864,0
DA:1868,15
DA:1869,15
DA:1870,15
DA:1873,15
DA:1878,15
DA:1883,15
DA:1885,0
DA:1894,5
DA:1895,2
DA:1896,2
DA:1900,5
DA:1901,5
DA:1902,0
DA:1904,5
DA:1905,1
DA:1907,5
DA:1908,5
DA:1911,5
DA:1912,5
DA:1913,5
DA:1914,5
DA:1915,5
DA:1916,5
DA:1917,5
DA:1919,5
DA:1925,5
LF:667
LH:194
BRDA:57,0,0,0
BRDA:57,0,1,2
BRDA:63,1,0,2
BRDA:63,1,1,1
BRDA:65,2,0,1
BRDA:65,2,1,1
BRDA:75,3,0,1
BRDA:75,3,1,0
BRDA:77,4,0,0
BRDA:77,4,1,1
BRDA:82,5,0,0
BRDA:82,5,1,1
BRDA:87,6,0,0
BRDA:87,6,1,0
BRDA:160,7,0,24
BRDA:160,7,1,18
BRDA:162,8,0,0
BRDA:162,8,1,24
BRDA:172,9,0,24
BRDA:172,9,1,0
BRDA:174,10,0,0
BRDA:174,10,1,24
BRDA:179,11,0,18
BRDA:179,11,1,6
BRDA:184,12,0,0
BRDA:184,12,1,18
BRDA:208,13,0,0
BRDA:208,13,1,0
BRDA:208,14,0,0
BRDA:208,14,1,0
BRDA:226,15,0,0
BRDA:226,15,1,0
BRDA:234,16,0,0
BRDA:234,16,1,0
BRDA:234,17,0,0
BRDA:234,17,1,0
BRDA:241,18,0,0
BRDA:241,18,1,0
BRDA:256,19,0,1
BRDA:256,19,1,0
BRDA:273,20,0,24
BRDA:273,20,1,0
BRDA:294,21,0,0
BRDA:294,21,1,0
BRDA:314,22,0,0
BRDA:314,22,1,0
BRDA:333,23,0,18
BRDA:333,23,1,0
BRDA:376,24,0,6
BRDA:376,24,1,0
BRDA:384,25,0,6
BRDA:384,25,1,0
BRDA:458,26,0,0
BRDA:458,26,1,18
BRDA:464,27,0,18
BRDA:464,27,1,0
BRDA:466,28,0,18
BRDA:466,28,1,0
BRDA:504,29,0,0
BRDA:504,29,1,6
BRDA:575,30,0,0
BRDA:575,30,1,0
BRDA:581,31,0,0
BRDA:581,31,1,0
BRDA:590,32,0,0
BRDA:590,32,1,0
BRDA:626,33,0,0
BRDA:626,33,1,0
BRDA:635,34,0,0
BRDA:635,34,1,0
BRDA:635,35,0,0
BRDA:635,35,1,0
BRDA:637,36,0,0
BRDA:637,36,1,0
BRDA:643,37,0,0
BRDA:643,37,1,0
BRDA:650,38,0,0
BRDA:650,38,1,0
BRDA:689,39,0,0
BRDA:689,39,1,0
BRDA:724,40,0,0
BRDA:724,40,1,0
BRDA:728,41,0,0
BRDA:728,41,1,0
BRDA:732,42,0,0
BRDA:732,42,1,0
BRDA:732,43,0,0
BRDA:732,43,1,0
BRDA:732,43,2,0
BRDA:736,44,0,0
BRDA:736,44,1,0
BRDA:742,45,0,0
BRDA:742,45,1,0
BRDA:742,46,0,0
BRDA:742,46,1,0
BRDA:742,46,2,0
BRDA:748,47,0,0
BRDA:748,47,1,0
BRDA:756,48,0,0
BRDA:756,48,1,0
BRDA:756,49,0,0
BRDA:756,49,1,0
BRDA:770,50,0,0
BRDA:770,50,1,0
BRDA:775,51,0,0
BRDA:775,51,1,0
BRDA:775,52,0,0
BRDA:775,52,1,0
BRDA:780,53,0,0
BRDA:780,53,1,0
BRDA:782,54,0,0
BRDA:782,54,1,0
BRDA:786,55,0,0
BRDA:786,55,1,0
BRDA:794,56,0,0
BRDA:794,56,1,0
BRDA:803,57,0,0
BRDA:803,57,1,0
BRDA:808,58,0,0
BRDA:808,58,1,0
BRDA:811,59,0,0
BRDA:811,59,1,0
BRDA:815,60,0,0
BRDA:815,60,1,0
BRDA:823,61,0,0
BRDA:823,61,1,0
BRDA:832,62,0,0
BRDA:832,62,1,0
BRDA:832,63,0,0
BRDA:832,63,1,0
BRDA:834,64,0,0
BRDA:834,64,1,0
BRDA:840,65,0,0
BRDA:840,65,1,0
BRDA:840,66,0,0
BRDA:840,66,1,0
BRDA:848,67,0,0
BRDA:848,67,1,0
BRDA:848,68,0,0
BRDA:848,68,1,0
BRDA:862,69,0,0
BRDA:862,69,1,0
BRDA:870,70,0,0
BRDA:870,70,1,0
BRDA:876,71,0,0
BRDA:876,71,1,0
BRDA:913,72,0,0
BRDA:913,72,1,0
BRDA:918,73,0,0
BRDA:918,73,1,0
BRDA:939,74,0,0
BRDA:939,74,1,0
BRDA:943,75,0,0
BRDA:943,75,1,0
BRDA:949,76,0,0
BRDA:949,76,1,0
BRDA:958,77,0,0
BRDA:958,77,1,0
BRDA:960,78,0,0
BRDA:960,78,1,0
BRDA:960,79,0,0
BRDA:960,79,1,0
BRDA:1020,80,0,0
BRDA:1020,80,1,0
BRDA:1025,81,0,0
BRDA:1025,81,1,0
BRDA:1034,82,0,0
BRDA:1034,82,1,0
BRDA:1039,83,0,0
BRDA:1039,83,1,0
BRDA:1079,84,0,0
BRDA:1079,84,1,0
BRDA:1109,85,0,0
BRDA:1109,85,1,0
BRDA:1115,86,0,0
BRDA:1115,86,1,0
BRDA:1120,87,0,0
BRDA:1120,87,1,0
BRDA:1125,88,0,0
BRDA:1125,88,1,0
BRDA:1125,89,0,0
BRDA:1125,89,1,0
BRDA:1138,90,0,0
BRDA:1138,90,1,0
BRDA:1140,91,0,0
BRDA:1140,91,1,0
BRDA:1145,92,0,0
BRDA:1145,92,1,0
BRDA:1158,93,0,0
BRDA:1158,93,1,0
BRDA:1169,94,0,0
BRDA:1169,94,1,0
BRDA:1193,95,0,0
BRDA:1193,95,1,0
BRDA:1199,96,0,0
BRDA:1199,96,1,0
BRDA:1204,97,0,0
BRDA:1204,97,1,0
BRDA:1209,98,0,0
BRDA:1209,98,1,0
BRDA:1229,99,0,0
BRDA:1229,99,1,0
BRDA:1268,100,0,0
BRDA:1268,100,1,0
BRDA:1274,101,0,0
BRDA:1274,101,1,0
BRDA:1279,102,0,0
BRDA:1279,102,1,0
BRDA:1284,103,0,0
BRDA:1284,103,1,0
BRDA:1293,104,0,0
BRDA:1293,104,1,0
BRDA:1337,105,0,0
BRDA:1337,105,1,0
BRDA:1343,106,0,0
BRDA:1343,106,1,0
BRDA:1348,107,0,0
BRDA:1348,107,1,0
BRDA:1353,108,0,0
BRDA:1353,108,1,0
BRDA:1353,109,0,0
BRDA:1353,109,1,0
BRDA:1372,110,0,0
BRDA:1372,110,1,0
BRDA:1384,111,0,0
BRDA:1384,111,1,0
BRDA:1434,112,0,0
BRDA:1434,112,1,0
BRDA:1438,113,0,0
BRDA:1438,113,1,0
BRDA:1462,114,0,0
BRDA:1462,114,1,0
BRDA:1489,115,0,5
BRDA:1489,115,1,2
BRDA:1489,116,0,7
BRDA:1489,116,1,5
BRDA:1494,117,0,5
BRDA:1494,117,1,0
BRDA:1508,118,0,0
BRDA:1508,118,1,0
BRDA:1519,119,0,19
BRDA:1519,119,1,2
BRDA:1533,120,0,0
BRDA:1533,120,1,0
BRDA:1537,121,0,0
BRDA:1537,121,1,0
BRDA:1543,122,0,0
BRDA:1543,122,1,0
BRDA:1548,123,0,0
BRDA:1548,123,1,0
BRDA:1548,124,0,0
BRDA:1548,124,1,0
BRDA:1557,125,0,0
BRDA:1557,125,1,0
BRDA:1562,126,0,0
BRDA:1562,126,1,0
BRDA:1562,127,0,0
BRDA:1562,127,1,0
BRDA:1563,128,0,0
BRDA:1563,128,1,0
BRDA:1564,129,0,0
BRDA:1564,129,1,0
BRDA:1575,130,0,0
BRDA:1575,130,1,0
BRDA:1577,131,0,0
BRDA:1577,131,1,0
BRDA:1577,132,0,0
BRDA:1577,132,1,0
BRDA:1602,133,0,0
BRDA:1602,133,1,0
BRDA:1620,134,0,0
BRDA:1620,134,1,0
BRDA:1620,135,0,0
BRDA:1620,135,1,0
BRDA:1665,136,0,0
BRDA:1665,136,1,0
BRDA:1695,137,0,0
BRDA:1695,137,1,0
BRDA:1695,138,0,0
BRDA:1695,138,1,0
BRDA:1699,139,0,0
BRDA:1699,139,1,0
BRDA:1705,140,0,0
BRDA:1705,140,1,0
BRDA:1714,141,0,0
BRDA:1714,141,1,0
BRDA:1719,142,0,0
BRDA:1719,142,1,0
BRDA:1720,143,0,0
BRDA:1720,143,1,0
BRDA:1723,144,0,0
BRDA:1723,144,1,0
BRDA:1728,145,0,0
BRDA:1728,145,1,0
BRDA:1728,146,0,0
BRDA:1728,146,1,0
BRDA:1731,147,0,0
BRDA:1731,147,1,0
BRDA:1731,147,2,0
BRDA:1731,147,3,0
BRDA:1737,148,0,0
BRDA:1737,148,1,0
BRDA:1762,149,0,0
BRDA:1762,149,1,0
BRDA:1771,150,0,0
BRDA:1771,150,1,0
BRDA:1775,151,0,0
BRDA:1775,151,1,0
BRDA:1796,152,0,0
BRDA:1796,152,1,0
BRDA:1837,153,0,0
BRDA:1837,153,1,18
BRDA:1837,154,0,18
BRDA:1837,154,1,18
BRDA:1842,155,0,0
BRDA:1842,155,1,18
BRDA:1849,156,0,3
BRDA:1849,156,1,15
BRDA:1858,157,0,0
BRDA:1858,157,1,15
BRDA:1863,158,0,0
BRDA:1863,158,1,15
BRDA:1863,159,0,15
BRDA:1863,159,1,0
BRDA:1894,160,0,2
BRDA:1894,160,1,3
BRF:326
BRH:43
end_of_record
TN:
SF:services/testSocketService.js
FN:10,handleTestConnection
FN:20,(anonymous_1)
FN:39,(anonymous_2)
FN:51,(anonymous_3)
FN:85,(anonymous_4)
FNF:5
FNH:2
FNDA:1,handleTestConnection
FNDA:0,(anonymous_1)
FNDA:0,(anonymous_2)
FNDA:0,(anonymous_3)
FNDA:1,(anonymous_4)
DA:11,1
DA:14,1
DA:20,1
DA:21,0
DA:24,0
DA:31,0
DA:39,1
DA:40,0
DA:43,0
DA:51,1
DA:52,0
DA:54,0
DA:57,0
DA:59,0
DA:64,0
DA:67,0
DA:73,0
DA:76,0
DA:85,1
DA:86,1
DA:89,1
DA:98,5
LF:22
LH:9
BRDA:57,0,0,0
BRDA:57,0,1,0
BRDA:57,0,2,0
BRF:3
BRH:0
end_of_record
TN:
SF:services/tokenService.js
FN:13,(anonymous_0)
FN:29,(anonymous_1)
FN:44,(anonymous_2)
FN:57,(anonymous_3)
FNF:4
FNH:4
FNDA:4,(anonymous_0)
FNDA:2,(anonymous_1)
FNDA:4,(anonymous_2)
FNDA:103,(anonymous_3)
DA:4,1
DA:5,1
DA:13,1
DA:14,4
DA:20,4
DA:29,1
DA:30,2
DA:36,2
DA:44,1
DA:45,4
DA:46,4
DA:48,2
DA:49,2
DA:57,1
DA:58,103
DA:59,103
DA:61,103
DA:62,618
DA:63,618
DA:66,103
LF:20
LH:20
BRF:0
BRH:0
end_of_record
